2023-04-29 20:43:08,269 - INFO - #############################
2023-04-29 20:43:08,269 - INFO - RUNNING 17 GIVENS 9X9 PUZZLES
2023-04-29 20:43:08,269 - INFO - #############################
2023-04-29 20:43:08,269 - INFO - BACKTRACKING ALGORITHM
2023-04-29 20:43:08,269 - INFO - BacktrackingSudoku Version
2023-04-29 20:43:08,270 - INFO - size: 9
2023-04-29 20:43:08,270 - INFO - Initial puzzle: 
[[0, 0, 0, 0, 0, 0, 0, 1, 0], [4, 0, 0, 0, 0, 0, 0, 0, 0], [0, 2, 0, 0, 0, 0, 0, 0, 0], [0, 0, 0, 0, 5, 0, 6, 0, 4], [0, 0, 8, 0, 0, 0, 3, 0, 0], [0, 0, 1, 0, 9, 0, 0, 0, 0], [3, 0, 0, 4, 0, 0, 2, 0, 0], [0, 5, 0, 1, 0, 0, 0, 0, 0], [0, 0, 0, 8, 0, 7, 0, 0, 0]]
2023-04-29 20:49:56,621 - INFO - Final puzzle solved:
2023-04-29 20:49:56,621 - INFO - [[7, 9, 3, 6, 8, 4, 5, 1, 2], [4, 8, 6, 5, 1, 2, 9, 3, 7], [1, 2, 5, 9, 7, 3, 8, 4, 6], [9, 3, 2, 7, 5, 1, 6, 8, 4], [5, 7, 8, 2, 4, 6, 3, 9, 1], [6, 4, 1, 3, 9, 8, 7, 2, 5], [3, 1, 9, 4, 6, 5, 2, 7, 8], [8, 5, 7, 1, 2, 9, 4, 6, 3], [2, 6, 4, 8, 3, 7, 1, 5, 9]]
2023-04-29 20:49:56,621 - INFO - Number of tries: 41678690
2023-04-29 20:49:56,621 - INFO - Total Execution Time (s): 408.321886754
2023-04-29 20:49:56,621 - INFO - 
2023-04-29 20:49:56,621 - INFO - 
2023-04-29 20:49:56,621 - INFO - BACKTRACKING ALGORITHM
2023-04-29 20:49:56,621 - INFO - BacktrackingSudoku Version
2023-04-29 20:49:56,621 - INFO - size: 9
2023-04-29 20:49:56,621 - INFO - Initial puzzle: 
[[0, 0, 0, 0, 0, 0, 0, 1, 2], [0, 0, 0, 0, 3, 5, 0, 0, 0], [0, 0, 0, 6, 0, 0, 0, 7, 0], [7, 0, 0, 0, 0, 0, 3, 0, 0], [0, 0, 0, 4, 0, 0, 8, 0, 0], [1, 0, 0, 0, 0, 0, 0, 0, 0], [0, 0, 0, 1, 2, 0, 0, 0, 0], [0, 8, 0, 0, 0, 0, 0, 4, 0], [0, 5, 0, 0, 0, 0, 6, 0, 0]]
2023-04-29 20:51:17,018 - INFO - Final puzzle solved:
2023-04-29 20:51:17,018 - INFO - [[6, 7, 3, 8, 9, 4, 5, 1, 2], [9, 1, 2, 7, 3, 5, 4, 8, 6], [8, 4, 5, 6, 1, 2, 9, 7, 3], [7, 9, 8, 2, 6, 1, 3, 5, 4], [5, 2, 6, 4, 7, 3, 8, 9, 1], [1, 3, 4, 5, 8, 9, 2, 6, 7], [4, 6, 9, 1, 2, 8, 7, 3, 5], [2, 8, 7, 3, 5, 6, 1, 4, 9], [3, 5, 1, 9, 4, 7, 6, 2, 8]]
2023-04-29 20:51:17,018 - INFO - Number of tries: 6943195
2023-04-29 20:51:17,018 - INFO - Total Execution Time (s): 80.415374493
2023-04-29 20:51:17,019 - INFO - 
2023-04-29 20:51:17,019 - INFO - 
2023-04-29 20:51:17,019 - INFO - BACKTRACKING ALGORITHM
2023-04-29 20:51:17,019 - INFO - BacktrackingSudoku Version
2023-04-29 20:51:17,019 - INFO - size: 9
2023-04-29 20:51:17,019 - INFO - Initial puzzle: 
[[0, 0, 0, 0, 0, 0, 0, 1, 2], [0, 0, 3, 6, 0, 0, 0, 0, 0], [0, 0, 0, 0, 0, 7, 0, 0, 0], [4, 1, 0, 0, 2, 0, 0, 0, 0], [0, 0, 0, 5, 0, 0, 3, 0, 0], [7, 0, 0, 0, 0, 0, 6, 0, 0], [2, 8, 0, 0, 0, 0, 0, 4, 0], [0, 0, 0, 3, 0, 0, 5, 0, 0], [0, 0, 0, 0, 0, 0, 0, 0, 0]]
2023-04-29 20:51:21,469 - INFO - Final puzzle solved:
2023-04-29 20:51:21,469 - INFO - [[6, 7, 9, 8, 3, 5, 4, 1, 2], [1, 2, 3, 6, 9, 4, 7, 5, 8], [5, 4, 8, 2, 1, 7, 9, 3, 6], [4, 1, 6, 7, 2, 3, 8, 9, 5], [8, 9, 2, 5, 6, 1, 3, 7, 4], [7, 3, 5, 4, 8, 9, 6, 2, 1], [2, 8, 7, 9, 5, 6, 1, 4, 3], [9, 6, 1, 3, 4, 2, 5, 8, 7], [3, 5, 4, 1, 7, 8, 2, 6, 9]]
2023-04-29 20:51:21,469 - INFO - Number of tries: 459881
2023-04-29 20:51:21,469 - INFO - Total Execution Time (s): 4.450194120999981
2023-04-29 20:51:21,469 - INFO - 
2023-04-29 20:51:21,469 - INFO - 
2023-04-29 20:51:21,469 - INFO - BACKTRACKING ALGORITHM
2023-04-29 20:51:21,469 - INFO - BacktrackingSudoku Version
2023-04-29 20:51:21,469 - INFO - size: 9
2023-04-29 20:51:21,469 - INFO - Initial puzzle: 
[[0, 0, 0, 0, 0, 0, 0, 1, 2], [0, 0, 8, 0, 3, 0, 0, 0, 0], [0, 0, 0, 0, 0, 0, 0, 4, 0], [1, 2, 0, 5, 0, 0, 0, 0, 0], [0, 0, 0, 0, 0, 4, 7, 0, 0], [0, 6, 0, 0, 0, 0, 0, 0, 0], [5, 0, 7, 0, 0, 0, 3, 0, 0], [0, 0, 0, 6, 2, 0, 0, 0, 0], [0, 0, 0, 1, 0, 0, 0, 0, 0]]
2023-04-29 20:51:25,048 - INFO - Final puzzle solved:
2023-04-29 20:51:25,048 - INFO - [[3, 4, 6, 7, 9, 5, 8, 1, 2], [2, 5, 8, 4, 3, 1, 6, 9, 7], [9, 7, 1, 8, 6, 2, 5, 4, 3], [1, 2, 9, 5, 7, 6, 4, 3, 8], [8, 3, 5, 2, 1, 4, 7, 6, 9], [7, 6, 4, 3, 8, 9, 2, 5, 1], [5, 1, 7, 9, 4, 8, 3, 2, 6], [4, 9, 3, 6, 2, 7, 1, 8, 5], [6, 8, 2, 1, 5, 3, 9, 7, 4]]
2023-04-29 20:51:25,048 - INFO - Number of tries: 334006
2023-04-29 20:51:25,048 - INFO - Total Execution Time (s): 3.5796915159999685
2023-04-29 20:51:25,049 - INFO - 
2023-04-29 20:51:25,049 - INFO - 
2023-04-29 20:51:25,049 - INFO - BACKTRACKING ALGORITHM
2023-04-29 20:51:25,049 - INFO - BacktrackingSudoku Version
2023-04-29 20:51:25,049 - INFO - size: 9
2023-04-29 20:51:25,049 - INFO - Initial puzzle: 
[[0, 0, 0, 0, 0, 0, 0, 1, 2], [0, 4, 0, 0, 5, 0, 0, 0, 0], [0, 0, 0, 0, 0, 9, 0, 0, 0], [0, 7, 0, 6, 0, 0, 4, 0, 0], [0, 0, 0, 1, 0, 0, 0, 0, 0], [0, 0, 0, 0, 0, 0, 0, 5, 0], [0, 0, 0, 0, 8, 7, 5, 0, 0], [6, 0, 1, 0, 0, 0, 3, 0, 0], [2, 0, 0, 0, 0, 0, 0, 0, 0]]
2023-04-29 20:53:58,555 - INFO - Final puzzle solved:
2023-04-29 20:53:58,555 - INFO - [[5, 9, 8, 4, 6, 3, 7, 1, 2], [7, 4, 2, 8, 5, 1, 6, 3, 9], [3, 1, 6, 7, 2, 9, 8, 4, 5], [1, 7, 5, 6, 3, 2, 4, 9, 8], [8, 6, 9, 1, 4, 5, 2, 7, 3], [4, 2, 3, 9, 7, 8, 1, 5, 6], [9, 3, 4, 2, 8, 7, 5, 6, 1], [6, 8, 1, 5, 9, 4, 3, 2, 7], [2, 5, 7, 3, 1, 6, 9, 8, 4]]
2023-04-29 20:53:58,555 - INFO - Number of tries: 14865645
2023-04-29 20:53:58,555 - INFO - Total Execution Time (s): 153.51242985699997
2023-04-29 20:53:58,555 - INFO - 
2023-04-29 20:53:58,555 - INFO - 
2023-04-29 20:53:58,555 - INFO - BACKTRACKING ALGORITHM
2023-04-29 20:53:58,555 - INFO - BacktrackingSudoku Version
2023-04-29 20:53:58,555 - INFO - size: 9
2023-04-29 20:53:58,555 - INFO - Initial puzzle: 
[[0, 0, 0, 0, 0, 0, 0, 1, 2], [0, 5, 0, 4, 0, 0, 0, 0, 0], [0, 0, 0, 0, 0, 0, 0, 3, 0], [7, 0, 0, 6, 0, 0, 4, 0, 0], [0, 0, 1, 0, 0, 0, 0, 0, 0], [0, 0, 0, 0, 8, 0, 0, 0, 0], [9, 2, 0, 0, 0, 0, 8, 0, 0], [0, 0, 0, 5, 1, 0, 7, 0, 0], [0, 0, 0, 0, 0, 3, 0, 0, 0]]
2023-04-29 20:54:31,975 - INFO - Final puzzle solved:
2023-04-29 20:54:31,975 - INFO - [[3, 6, 4, 9, 7, 8, 5, 1, 2], [1, 5, 2, 4, 3, 6, 9, 7, 8], [8, 7, 9, 1, 2, 5, 6, 3, 4], [7, 3, 8, 6, 5, 1, 4, 2, 9], [6, 9, 1, 2, 4, 7, 3, 8, 5], [2, 4, 5, 3, 8, 9, 1, 6, 7], [9, 2, 3, 7, 6, 4, 8, 5, 1], [4, 8, 6, 5, 1, 2, 7, 9, 3], [5, 1, 7, 8, 9, 3, 2, 4, 6]]
2023-04-29 20:54:31,975 - INFO - Number of tries: 2990367
2023-04-29 20:54:31,975 - INFO - Total Execution Time (s): 33.40769484200007
2023-04-29 20:54:31,976 - INFO - 
2023-04-29 20:54:31,976 - INFO - 
2023-04-29 20:54:31,976 - INFO - BACKTRACKING ALGORITHM
2023-04-29 20:54:31,976 - INFO - BacktrackingSudoku Version
2023-04-29 20:54:31,976 - INFO - size: 9
2023-04-29 20:54:31,976 - INFO - Initial puzzle: 
[[0, 0, 0, 0, 0, 0, 0, 1, 2], [3, 0, 0, 0, 0, 0, 0, 6, 0], [0, 0, 0, 0, 4, 0, 0, 0, 0], [9, 0, 0, 0, 0, 0, 5, 0, 0], [0, 0, 0, 0, 0, 1, 0, 7, 0], [0, 2, 0, 0, 0, 0, 0, 0, 0], [0, 0, 0, 3, 5, 0, 4, 0, 0], [0, 0, 1, 4, 0, 0, 8, 0, 0], [0, 6, 0, 0, 0, 0, 0, 0, 0]]
2023-04-29 20:58:07,198 - INFO - Final puzzle solved:
2023-04-29 20:58:07,198 - INFO - [[6, 4, 9, 8, 3, 5, 7, 1, 2], [3, 5, 8, 2, 1, 7, 9, 6, 4], [1, 7, 2, 6, 4, 9, 3, 8, 5], [9, 1, 6, 7, 8, 4, 5, 2, 3], [8, 3, 4, 5, 2, 1, 6, 7, 9], [7, 2, 5, 9, 6, 3, 1, 4, 8], [2, 8, 7, 3, 5, 6, 4, 9, 1], [5, 9, 1, 4, 7, 2, 8, 3, 6], [4, 6, 3, 1, 9, 8, 2, 5, 7]]
2023-04-29 20:58:07,198 - INFO - Number of tries: 19596547
2023-04-29 20:58:07,198 - INFO - Total Execution Time (s): 215.140835024
2023-04-29 20:58:07,198 - INFO - 
2023-04-29 20:58:07,198 - INFO - 
2023-04-29 20:58:07,199 - INFO - BACKTRACKING ALGORITHM
2023-04-29 20:58:07,199 - INFO - BacktrackingSudoku Version
2023-04-29 20:58:07,199 - INFO - size: 9
2023-04-29 20:58:07,199 - INFO - Initial puzzle: 
[[0, 0, 0, 0, 0, 0, 0, 1, 2], [4, 0, 0, 0, 9, 0, 0, 0, 0], [0, 0, 0, 0, 0, 0, 0, 5, 0], [0, 7, 0, 2, 0, 0, 0, 0, 0], [6, 0, 0, 0, 0, 0, 4, 0, 0], [0, 0, 0, 1, 0, 8, 0, 0, 0], [0, 1, 8, 0, 0, 0, 0, 0, 0], [0, 0, 0, 0, 3, 0, 7, 0, 0], [5, 0, 2, 0, 0, 0, 0, 0, 0]]
2023-04-29 20:58:22,147 - INFO - Final puzzle solved:
2023-04-29 20:58:22,148 - INFO - [[3, 6, 7, 4, 8, 5, 9, 1, 2], [4, 2, 5, 3, 9, 1, 8, 6, 7], [1, 8, 9, 7, 2, 6, 3, 5, 4], [8, 7, 3, 2, 5, 4, 1, 9, 6], [6, 5, 1, 9, 7, 3, 4, 2, 8], [2, 9, 4, 1, 6, 8, 5, 7, 3], [7, 1, 8, 6, 4, 9, 2, 3, 5], [9, 4, 6, 5, 3, 2, 7, 8, 1], [5, 3, 2, 8, 1, 7, 6, 4, 9]]
2023-04-29 20:58:22,148 - INFO - Number of tries: 1408248
2023-04-29 20:58:22,148 - INFO - Total Execution Time (s): 14.94663958000001
2023-04-29 20:58:22,148 - INFO - 
2023-04-29 20:58:22,148 - INFO - 
2023-04-29 20:58:22,148 - INFO - BACKTRACKING ALGORITHM
2023-04-29 20:58:22,148 - INFO - BacktrackingSudoku Version
2023-04-29 20:58:22,148 - INFO - size: 9
2023-04-29 20:58:22,148 - INFO - Initial puzzle: 
[[0, 0, 0, 0, 0, 0, 0, 1, 2], [5, 0, 0, 0, 0, 8, 0, 0, 0], [0, 0, 0, 7, 0, 0, 0, 0, 0], [6, 0, 0, 1, 2, 0, 0, 0, 0], [7, 0, 0, 0, 0, 0, 4, 5, 0], [0, 0, 0, 0, 3, 0, 0, 0, 0], [0, 3, 0, 0, 0, 0, 8, 0, 0], [0, 0, 0, 5, 0, 0, 7, 0, 0], [0, 2, 0, 0, 0, 0, 0, 0, 0]]
2023-04-29 20:58:24,101 - INFO - Final puzzle solved:
2023-04-29 20:58:24,101 - INFO - [[3, 7, 8, 6, 9, 4, 5, 1, 2], [5, 6, 4, 2, 1, 8, 3, 9, 7], [2, 9, 1, 7, 5, 3, 6, 8, 4], [6, 4, 3, 1, 2, 5, 9, 7, 8], [7, 1, 2, 8, 6, 9, 4, 5, 3], [8, 5, 9, 4, 3, 7, 2, 6, 1], [4, 3, 5, 9, 7, 1, 8, 2, 6], [1, 8, 6, 5, 4, 2, 7, 3, 9], [9, 2, 7, 3, 8, 6, 1, 4, 5]]
2023-04-29 20:58:24,101 - INFO - Number of tries: 208775
2023-04-29 20:58:24,101 - INFO - Total Execution Time (s): 1.9526818829999684
2023-04-29 20:58:24,101 - INFO - 
2023-04-29 20:58:24,101 - INFO - 
2023-04-29 20:58:24,101 - INFO - BACKTRACKING ALGORITHM
2023-04-29 20:58:24,101 - INFO - BacktrackingSudoku Version
2023-04-29 20:58:24,101 - INFO - size: 9
2023-04-29 20:58:24,101 - INFO - Initial puzzle: 
[[0, 0, 0, 0, 0, 0, 0, 1, 2], [7, 0, 0, 0, 6, 0, 0, 0, 0], [0, 0, 0, 0, 0, 0, 0, 5, 0], [0, 8, 0, 2, 0, 0, 0, 0, 0], [6, 0, 0, 0, 0, 0, 4, 0, 0], [0, 0, 0, 1, 0, 9, 0, 0, 0], [0, 1, 9, 0, 0, 0, 0, 0, 0], [0, 0, 0, 0, 3, 0, 8, 0, 0], [5, 0, 2, 0, 0, 0, 0, 0, 0]]
2023-04-29 20:58:30,728 - INFO - Final puzzle solved:
2023-04-29 20:58:30,728 - INFO - [[3, 4, 6, 8, 9, 5, 7, 1, 2], [7, 2, 5, 3, 6, 1, 9, 8, 4], [1, 9, 8, 4, 2, 7, 3, 5, 6], [9, 8, 4, 2, 5, 6, 1, 7, 3], [6, 5, 1, 7, 8, 3, 4, 2, 9], [2, 7, 3, 1, 4, 9, 5, 6, 8], [8, 1, 9, 6, 7, 4, 2, 3, 5], [4, 6, 7, 5, 3, 2, 8, 9, 1], [5, 3, 2, 9, 1, 8, 6, 4, 7]]
2023-04-29 20:58:30,728 - INFO - Number of tries: 624770
2023-04-29 20:58:30,728 - INFO - Total Execution Time (s): 6.625349424999968
2023-04-29 20:58:30,728 - INFO - 
2023-04-29 20:58:30,728 - INFO - 
2023-04-29 20:58:30,728 - INFO - BACKTRACKING ALGORITHM
2023-04-29 20:58:30,728 - INFO - BacktrackingSudoku Version
2023-04-29 20:58:30,728 - INFO - size: 9
2023-04-29 20:58:30,728 - INFO - Initial puzzle: 
[[0, 0, 0, 0, 0, 0, 0, 1, 2], [8, 0, 0, 0, 4, 0, 0, 0, 0], [0, 0, 0, 0, 0, 0, 0, 6, 0], [0, 9, 0, 2, 0, 0, 0, 0, 0], [7, 0, 0, 0, 0, 0, 4, 0, 0], [0, 0, 0, 5, 0, 1, 0, 0, 0], [0, 1, 5, 0, 0, 0, 0, 0, 0], [0, 0, 0, 0, 3, 0, 9, 0, 0], [6, 0, 2, 0, 0, 0, 0, 0, 0]]
2023-04-29 20:58:50,196 - INFO - Final puzzle solved:
2023-04-29 20:58:50,196 - INFO - [[3, 4, 9, 7, 5, 6, 8, 1, 2], [8, 2, 6, 1, 4, 3, 5, 7, 9], [1, 5, 7, 8, 2, 9, 3, 6, 4], [5, 9, 3, 2, 6, 4, 1, 8, 7], [7, 6, 1, 3, 9, 8, 4, 2, 5], [2, 8, 4, 5, 7, 1, 6, 9, 3], [9, 1, 5, 4, 8, 7, 2, 3, 6], [4, 7, 8, 6, 3, 2, 9, 5, 1], [6, 3, 2, 9, 1, 5, 7, 4, 8]]
2023-04-29 20:58:50,196 - INFO - Number of tries: 1798423
2023-04-29 20:58:50,196 - INFO - Total Execution Time (s): 19.465743051000004
2023-04-29 20:58:50,196 - INFO - 
2023-04-29 20:58:50,196 - INFO - 
2023-04-29 20:58:50,196 - INFO - Final
2023-04-29 20:58:50,197 - INFO - {0: {'puzzle': [[7, 9, 3, 6, 8, 4, 5, 1, 2], [4, 8, 6, 5, 1, 2, 9, 3, 7], [1, 2, 5, 9, 7, 3, 8, 4, 6], [9, 3, 2, 7, 5, 1, 6, 8, 4], [5, 7, 8, 2, 4, 6, 3, 9, 1], [6, 4, 1, 3, 9, 8, 7, 2, 5], [3, 1, 9, 4, 6, 5, 2, 7, 8], [8, 5, 7, 1, 2, 9, 4, 6, 3], [2, 6, 4, 8, 3, 7, 1, 5, 9]], 'solution': [[7, 9, 3, 6, 8, 4, 5, 1, 2], [4, 8, 6, 5, 1, 2, 9, 3, 7], [1, 2, 5, 9, 7, 3, 8, 4, 6], [9, 3, 2, 7, 5, 1, 6, 8, 4], [5, 7, 8, 2, 4, 6, 3, 9, 1], [6, 4, 1, 3, 9, 8, 7, 2, 5], [3, 1, 9, 4, 6, 5, 2, 7, 8], [8, 5, 7, 1, 2, 9, 4, 6, 3], [2, 6, 4, 8, 3, 7, 1, 5, 9]], 'numberoftries': 41678690, 'numof_is_valid_checks': 375107966}, 1: {'puzzle': [[6, 7, 3, 8, 9, 4, 5, 1, 2], [9, 1, 2, 7, 3, 5, 4, 8, 6], [8, 4, 5, 6, 1, 2, 9, 7, 3], [7, 9, 8, 2, 6, 1, 3, 5, 4], [5, 2, 6, 4, 7, 3, 8, 9, 1], [1, 3, 4, 5, 8, 9, 2, 6, 7], [4, 6, 9, 1, 2, 8, 7, 3, 5], [2, 8, 7, 3, 5, 6, 1, 4, 9], [3, 5, 1, 9, 4, 7, 6, 2, 8]], 'solution': [[6, 7, 3, 8, 9, 4, 5, 1, 2], [9, 1, 2, 7, 3, 5, 4, 8, 6], [8, 4, 5, 6, 1, 2, 9, 7, 3], [7, 9, 8, 2, 6, 1, 3, 5, 4], [5, 2, 6, 4, 7, 3, 8, 9, 1], [1, 3, 4, 5, 8, 9, 2, 6, 7], [4, 6, 9, 1, 2, 8, 7, 3, 5], [2, 8, 7, 3, 5, 6, 1, 4, 9], [3, 5, 1, 9, 4, 7, 6, 2, 8]], 'numberoftries': 6943195, 'numof_is_valid_checks': 62488511}, 2: {'puzzle': [[6, 7, 9, 8, 3, 5, 4, 1, 2], [1, 2, 3, 6, 9, 4, 7, 5, 8], [5, 4, 8, 2, 1, 7, 9, 3, 6], [4, 1, 6, 7, 2, 3, 8, 9, 5], [8, 9, 2, 5, 6, 1, 3, 7, 4], [7, 3, 5, 4, 8, 9, 6, 2, 1], [2, 8, 7, 9, 5, 6, 1, 4, 3], [9, 6, 1, 3, 4, 2, 5, 8, 7], [3, 5, 4, 1, 7, 8, 2, 6, 9]], 'solution': [[6, 7, 9, 8, 3, 5, 4, 1, 2], [1, 2, 3, 6, 9, 4, 7, 5, 8], [5, 4, 8, 2, 1, 7, 9, 3, 6], [4, 1, 6, 7, 2, 3, 8, 9, 5], [8, 9, 2, 5, 6, 1, 3, 7, 4], [7, 3, 5, 4, 8, 9, 6, 2, 1], [2, 8, 7, 9, 5, 6, 1, 4, 3], [9, 6, 1, 3, 4, 2, 5, 8, 7], [3, 5, 4, 1, 7, 8, 2, 6, 9]], 'numberoftries': 459881, 'numof_is_valid_checks': 4138689}, 3: {'puzzle': [[3, 4, 6, 7, 9, 5, 8, 1, 2], [2, 5, 8, 4, 3, 1, 6, 9, 7], [9, 7, 1, 8, 6, 2, 5, 4, 3], [1, 2, 9, 5, 7, 6, 4, 3, 8], [8, 3, 5, 2, 1, 4, 7, 6, 9], [7, 6, 4, 3, 8, 9, 2, 5, 1], [5, 1, 7, 9, 4, 8, 3, 2, 6], [4, 9, 3, 6, 2, 7, 1, 8, 5], [6, 8, 2, 1, 5, 3, 9, 7, 4]], 'solution': [[3, 4, 6, 7, 9, 5, 8, 1, 2], [2, 5, 8, 4, 3, 1, 6, 9, 7], [9, 7, 1, 8, 6, 2, 5, 4, 3], [1, 2, 9, 5, 7, 6, 4, 3, 8], [8, 3, 5, 2, 1, 4, 7, 6, 9], [7, 6, 4, 3, 8, 9, 2, 5, 1], [5, 1, 7, 9, 4, 8, 3, 2, 6], [4, 9, 3, 6, 2, 7, 1, 8, 5], [6, 8, 2, 1, 5, 3, 9, 7, 4]], 'numberoftries': 334006, 'numof_is_valid_checks': 3005816}, 4: {'puzzle': [[5, 9, 8, 4, 6, 3, 7, 1, 2], [7, 4, 2, 8, 5, 1, 6, 3, 9], [3, 1, 6, 7, 2, 9, 8, 4, 5], [1, 7, 5, 6, 3, 2, 4, 9, 8], [8, 6, 9, 1, 4, 5, 2, 7, 3], [4, 2, 3, 9, 7, 8, 1, 5, 6], [9, 3, 4, 2, 8, 7, 5, 6, 1], [6, 8, 1, 5, 9, 4, 3, 2, 7], [2, 5, 7, 3, 1, 6, 9, 8, 4]], 'solution': [[5, 9, 8, 4, 6, 3, 7, 1, 2], [7, 4, 2, 8, 5, 1, 6, 3, 9], [3, 1, 6, 7, 2, 9, 8, 4, 5], [1, 7, 5, 6, 3, 2, 4, 9, 8], [8, 6, 9, 1, 4, 5, 2, 7, 3], [4, 2, 3, 9, 7, 8, 1, 5, 6], [9, 3, 4, 2, 8, 7, 5, 6, 1], [6, 8, 1, 5, 9, 4, 3, 2, 7], [2, 5, 7, 3, 1, 6, 9, 8, 4]], 'numberoftries': 14865645, 'numof_is_valid_checks': 133790558}, 5: {'puzzle': [[3, 6, 4, 9, 7, 8, 5, 1, 2], [1, 5, 2, 4, 3, 6, 9, 7, 8], [8, 7, 9, 1, 2, 5, 6, 3, 4], [7, 3, 8, 6, 5, 1, 4, 2, 9], [6, 9, 1, 2, 4, 7, 3, 8, 5], [2, 4, 5, 3, 8, 9, 1, 6, 7], [9, 2, 3, 7, 6, 4, 8, 5, 1], [4, 8, 6, 5, 1, 2, 7, 9, 3], [5, 1, 7, 8, 9, 3, 2, 4, 6]], 'solution': [[3, 6, 4, 9, 7, 8, 5, 1, 2], [1, 5, 2, 4, 3, 6, 9, 7, 8], [8, 7, 9, 1, 2, 5, 6, 3, 4], [7, 3, 8, 6, 5, 1, 4, 2, 9], [6, 9, 1, 2, 4, 7, 3, 8, 5], [2, 4, 5, 3, 8, 9, 1, 6, 7], [9, 2, 3, 7, 6, 4, 8, 5, 1], [4, 8, 6, 5, 1, 2, 7, 9, 3], [5, 1, 7, 8, 9, 3, 2, 4, 6]], 'numberoftries': 2990367, 'numof_is_valid_checks': 26913056}, 6: {'puzzle': [[6, 4, 9, 8, 3, 5, 7, 1, 2], [3, 5, 8, 2, 1, 7, 9, 6, 4], [1, 7, 2, 6, 4, 9, 3, 8, 5], [9, 1, 6, 7, 8, 4, 5, 2, 3], [8, 3, 4, 5, 2, 1, 6, 7, 9], [7, 2, 5, 9, 6, 3, 1, 4, 8], [2, 8, 7, 3, 5, 6, 4, 9, 1], [5, 9, 1, 4, 7, 2, 8, 3, 6], [4, 6, 3, 1, 9, 8, 2, 5, 7]], 'solution': [[6, 4, 9, 8, 3, 5, 7, 1, 2], [3, 5, 8, 2, 1, 7, 9, 6, 4], [1, 7, 2, 6, 4, 9, 3, 8, 5], [9, 1, 6, 7, 8, 4, 5, 2, 3], [8, 3, 4, 5, 2, 1, 6, 7, 9], [7, 2, 5, 9, 6, 3, 1, 4, 8], [2, 8, 7, 3, 5, 6, 4, 9, 1], [5, 9, 1, 4, 7, 2, 8, 3, 6], [4, 6, 3, 1, 9, 8, 2, 5, 7]], 'numberoftries': 19596547, 'numof_is_valid_checks': 176368681}, 7: {'puzzle': [[3, 6, 7, 4, 8, 5, 9, 1, 2], [4, 2, 5, 3, 9, 1, 8, 6, 7], [1, 8, 9, 7, 2, 6, 3, 5, 4], [8, 7, 3, 2, 5, 4, 1, 9, 6], [6, 5, 1, 9, 7, 3, 4, 2, 8], [2, 9, 4, 1, 6, 8, 5, 7, 3], [7, 1, 8, 6, 4, 9, 2, 3, 5], [9, 4, 6, 5, 3, 2, 7, 8, 1], [5, 3, 2, 8, 1, 7, 6, 4, 9]], 'solution': [[3, 6, 7, 4, 8, 5, 9, 1, 2], [4, 2, 5, 3, 9, 1, 8, 6, 7], [1, 8, 9, 7, 2, 6, 3, 5, 4], [8, 7, 3, 2, 5, 4, 1, 9, 6], [6, 5, 1, 9, 7, 3, 4, 2, 8], [2, 9, 4, 1, 6, 8, 5, 7, 3], [7, 1, 8, 6, 4, 9, 2, 3, 5], [9, 4, 6, 5, 3, 2, 7, 8, 1], [5, 3, 2, 8, 1, 7, 6, 4, 9]], 'numberoftries': 1408248, 'numof_is_valid_checks': 12673986}, 8: {'puzzle': [[3, 7, 8, 6, 9, 4, 5, 1, 2], [5, 6, 4, 2, 1, 8, 3, 9, 7], [2, 9, 1, 7, 5, 3, 6, 8, 4], [6, 4, 3, 1, 2, 5, 9, 7, 8], [7, 1, 2, 8, 6, 9, 4, 5, 3], [8, 5, 9, 4, 3, 7, 2, 6, 1], [4, 3, 5, 9, 7, 1, 8, 2, 6], [1, 8, 6, 5, 4, 2, 7, 3, 9], [9, 2, 7, 3, 8, 6, 1, 4, 5]], 'solution': [[3, 7, 8, 6, 9, 4, 5, 1, 2], [5, 6, 4, 2, 1, 8, 3, 9, 7], [2, 9, 1, 7, 5, 3, 6, 8, 4], [6, 4, 3, 1, 2, 5, 9, 7, 8], [7, 1, 2, 8, 6, 9, 4, 5, 3], [8, 5, 9, 4, 3, 7, 2, 6, 1], [4, 3, 5, 9, 7, 1, 8, 2, 6], [1, 8, 6, 5, 4, 2, 7, 3, 9], [9, 2, 7, 3, 8, 6, 1, 4, 5]], 'numberoftries': 208775, 'numof_is_valid_checks': 1878728}, 9: {'puzzle': [[3, 4, 6, 8, 9, 5, 7, 1, 2], [7, 2, 5, 3, 6, 1, 9, 8, 4], [1, 9, 8, 4, 2, 7, 3, 5, 6], [9, 8, 4, 2, 5, 6, 1, 7, 3], [6, 5, 1, 7, 8, 3, 4, 2, 9], [2, 7, 3, 1, 4, 9, 5, 6, 8], [8, 1, 9, 6, 7, 4, 2, 3, 5], [4, 6, 7, 5, 3, 2, 8, 9, 1], [5, 3, 2, 9, 1, 8, 6, 4, 7]], 'solution': [[3, 4, 6, 8, 9, 5, 7, 1, 2], [7, 2, 5, 3, 6, 1, 9, 8, 4], [1, 9, 8, 4, 2, 7, 3, 5, 6], [9, 8, 4, 2, 5, 6, 1, 7, 3], [6, 5, 1, 7, 8, 3, 4, 2, 9], [2, 7, 3, 1, 4, 9, 5, 6, 8], [8, 1, 9, 6, 7, 4, 2, 3, 5], [4, 6, 7, 5, 3, 2, 8, 9, 1], [5, 3, 2, 9, 1, 8, 6, 4, 7]], 'numberoftries': 624770, 'numof_is_valid_checks': 5622680}, 10: {'puzzle': [[3, 4, 9, 7, 5, 6, 8, 1, 2], [8, 2, 6, 1, 4, 3, 5, 7, 9], [1, 5, 7, 8, 2, 9, 3, 6, 4], [5, 9, 3, 2, 6, 4, 1, 8, 7], [7, 6, 1, 3, 9, 8, 4, 2, 5], [2, 8, 4, 5, 7, 1, 6, 9, 3], [9, 1, 5, 4, 8, 7, 2, 3, 6], [4, 7, 8, 6, 3, 2, 9, 5, 1], [6, 3, 2, 9, 1, 5, 7, 4, 8]], 'solution': [[3, 4, 9, 7, 5, 6, 8, 1, 2], [8, 2, 6, 1, 4, 3, 5, 7, 9], [1, 5, 7, 8, 2, 9, 3, 6, 4], [5, 9, 3, 2, 6, 4, 1, 8, 7], [7, 6, 1, 3, 9, 8, 4, 2, 5], [2, 8, 4, 5, 7, 1, 6, 9, 3], [9, 1, 5, 4, 8, 7, 2, 3, 6], [4, 7, 8, 6, 3, 2, 9, 5, 1], [6, 3, 2, 9, 1, 5, 7, 4, 8]], 'numberoftries': 1798423, 'numof_is_valid_checks': 16185561}}
