2023-04-29 21:39:13,637 - INFO - #############################
2023-04-29 21:39:13,637 - INFO - RUNNING 17 GIVENS 9X9 PUZZLES
2023-04-29 21:39:13,637 - INFO - #############################
2023-04-29 21:39:13,637 - INFO - BACKTRACKING ALGORITHM
2023-04-29 21:39:13,637 - INFO - BacktrackingSudokuOptimized Version
2023-04-29 21:39:13,637 - INFO - size: 9
2023-04-29 21:39:13,637 - INFO - Initial puzzle: 
[[0, 0, 0, 0, 0, 0, 0, 1, 0], [4, 0, 0, 0, 0, 0, 0, 0, 0], [0, 2, 0, 0, 0, 0, 0, 0, 0], [0, 0, 0, 0, 5, 0, 6, 0, 4], [0, 0, 8, 0, 0, 0, 3, 0, 0], [0, 0, 1, 0, 9, 0, 0, 0, 0], [3, 0, 0, 4, 0, 0, 2, 0, 0], [0, 5, 0, 1, 0, 0, 0, 0, 0], [0, 0, 0, 8, 0, 7, 0, 0, 0]]
2023-04-29 21:51:46,802 - INFO - Final puzzle solved:
2023-04-29 21:51:46,802 - INFO - [[7, 9, 3, 6, 8, 4, 5, 1, 2], [4, 8, 6, 5, 1, 2, 9, 3, 7], [1, 2, 5, 9, 7, 3, 8, 4, 6], [9, 3, 2, 7, 5, 1, 6, 8, 4], [5, 7, 8, 2, 4, 6, 3, 9, 1], [6, 4, 1, 3, 9, 8, 7, 2, 5], [3, 1, 9, 4, 6, 5, 2, 7, 8], [8, 5, 7, 1, 2, 9, 4, 6, 3], [2, 6, 4, 8, 3, 7, 1, 5, 9]]
2023-04-29 21:51:46,802 - INFO - Number of tries: 43440318
2023-04-29 21:51:46,802 - INFO - Total Execution Time (s): 753.0725321360001
2023-04-29 21:51:46,802 - INFO - 
2023-04-29 21:51:46,802 - INFO - 
2023-04-29 21:51:46,802 - INFO - BACKTRACKING ALGORITHM
2023-04-29 21:51:46,802 - INFO - BacktrackingSudokuOptimized Version
2023-04-29 21:51:46,802 - INFO - size: 9
2023-04-29 21:51:46,802 - INFO - Initial puzzle: 
[[0, 0, 0, 0, 0, 0, 0, 1, 2], [0, 0, 0, 0, 3, 5, 0, 0, 0], [0, 0, 0, 6, 0, 0, 0, 7, 0], [7, 0, 0, 0, 0, 0, 3, 0, 0], [0, 0, 0, 4, 0, 0, 8, 0, 0], [1, 0, 0, 0, 0, 0, 0, 0, 0], [0, 0, 0, 1, 2, 0, 0, 0, 0], [0, 8, 0, 0, 0, 0, 0, 4, 0], [0, 5, 0, 0, 0, 0, 6, 0, 0]]
2023-04-29 21:53:45,717 - INFO - Final puzzle solved:
2023-04-29 21:53:45,717 - INFO - [[6, 7, 3, 8, 9, 4, 5, 1, 2], [9, 1, 2, 7, 3, 5, 4, 8, 6], [8, 4, 5, 6, 1, 2, 9, 7, 3], [7, 9, 8, 2, 6, 1, 3, 5, 4], [5, 2, 6, 4, 7, 3, 8, 9, 1], [1, 3, 4, 5, 8, 9, 2, 6, 7], [4, 6, 9, 1, 2, 8, 7, 3, 5], [2, 8, 7, 3, 5, 6, 1, 4, 9], [3, 5, 1, 9, 4, 7, 6, 2, 8]]
2023-04-29 21:53:45,717 - INFO - Number of tries: 6977215
2023-04-29 21:53:45,717 - INFO - Total Execution Time (s): 118.90461470900004
2023-04-29 21:53:45,717 - INFO - 
2023-04-29 21:53:45,717 - INFO - 
2023-04-29 21:53:45,717 - INFO - BACKTRACKING ALGORITHM
2023-04-29 21:53:45,717 - INFO - BacktrackingSudokuOptimized Version
2023-04-29 21:53:45,717 - INFO - size: 9
2023-04-29 21:53:45,717 - INFO - Initial puzzle: 
[[0, 0, 0, 0, 0, 0, 0, 1, 2], [0, 0, 3, 6, 0, 0, 0, 0, 0], [0, 0, 0, 0, 0, 7, 0, 0, 0], [4, 1, 0, 0, 2, 0, 0, 0, 0], [0, 0, 0, 5, 0, 0, 3, 0, 0], [7, 0, 0, 0, 0, 0, 6, 0, 0], [2, 8, 0, 0, 0, 0, 0, 4, 0], [0, 0, 0, 3, 0, 0, 5, 0, 0], [0, 0, 0, 0, 0, 0, 0, 0, 0]]
2023-04-29 21:53:50,865 - INFO - Final puzzle solved:
2023-04-29 21:53:50,865 - INFO - [[6, 7, 9, 8, 3, 5, 4, 1, 2], [1, 2, 3, 6, 9, 4, 7, 5, 8], [5, 4, 8, 2, 1, 7, 9, 3, 6], [4, 1, 6, 7, 2, 3, 8, 9, 5], [8, 9, 2, 5, 6, 1, 3, 7, 4], [7, 3, 5, 4, 8, 9, 6, 2, 1], [2, 8, 7, 9, 5, 6, 1, 4, 3], [9, 6, 1, 3, 4, 2, 5, 8, 7], [3, 5, 4, 1, 7, 8, 2, 6, 9]]
2023-04-29 21:53:50,865 - INFO - Number of tries: 306269
2023-04-29 21:53:50,865 - INFO - Total Execution Time (s): 5.1478148600000395
2023-04-29 21:53:50,866 - INFO - 
2023-04-29 21:53:50,866 - INFO - 
2023-04-29 21:53:50,866 - INFO - BACKTRACKING ALGORITHM
2023-04-29 21:53:50,866 - INFO - BacktrackingSudokuOptimized Version
2023-04-29 21:53:50,866 - INFO - size: 9
2023-04-29 21:53:50,866 - INFO - Initial puzzle: 
[[0, 0, 0, 0, 0, 0, 0, 1, 2], [0, 0, 8, 0, 3, 0, 0, 0, 0], [0, 0, 0, 0, 0, 0, 0, 4, 0], [1, 2, 0, 5, 0, 0, 0, 0, 0], [0, 0, 0, 0, 0, 4, 7, 0, 0], [0, 6, 0, 0, 0, 0, 0, 0, 0], [5, 0, 7, 0, 0, 0, 3, 0, 0], [0, 0, 0, 6, 2, 0, 0, 0, 0], [0, 0, 0, 1, 0, 0, 0, 0, 0]]
2023-04-29 21:53:56,874 - INFO - Final puzzle solved:
2023-04-29 21:53:56,874 - INFO - [[3, 4, 6, 7, 9, 5, 8, 1, 2], [2, 5, 8, 4, 3, 1, 6, 9, 7], [9, 7, 1, 8, 6, 2, 5, 4, 3], [1, 2, 9, 5, 7, 6, 4, 3, 8], [8, 3, 5, 2, 1, 4, 7, 6, 9], [7, 6, 4, 3, 8, 9, 2, 5, 1], [5, 1, 7, 9, 4, 8, 3, 2, 6], [4, 9, 3, 6, 2, 7, 1, 8, 5], [6, 8, 2, 1, 5, 3, 9, 7, 4]]
2023-04-29 21:53:56,874 - INFO - Number of tries: 333814
2023-04-29 21:53:56,874 - INFO - Total Execution Time (s): 6.0077885419999575
2023-04-29 21:53:56,874 - INFO - 
2023-04-29 21:53:56,874 - INFO - 
2023-04-29 21:53:56,875 - INFO - BACKTRACKING ALGORITHM
2023-04-29 21:53:56,875 - INFO - BacktrackingSudokuOptimized Version
2023-04-29 21:53:56,875 - INFO - size: 9
2023-04-29 21:53:56,875 - INFO - Initial puzzle: 
[[0, 0, 0, 0, 0, 0, 0, 1, 2], [0, 4, 0, 0, 5, 0, 0, 0, 0], [0, 0, 0, 0, 0, 9, 0, 0, 0], [0, 7, 0, 6, 0, 0, 4, 0, 0], [0, 0, 0, 1, 0, 0, 0, 0, 0], [0, 0, 0, 0, 0, 0, 0, 5, 0], [0, 0, 0, 0, 8, 7, 5, 0, 0], [6, 0, 1, 0, 0, 0, 3, 0, 0], [2, 0, 0, 0, 0, 0, 0, 0, 0]]
2023-04-29 21:57:16,742 - INFO - Final puzzle solved:
2023-04-29 21:57:16,742 - INFO - [[5, 9, 8, 4, 6, 3, 7, 1, 2], [7, 4, 2, 8, 5, 1, 6, 3, 9], [3, 1, 6, 7, 2, 9, 8, 4, 5], [1, 7, 5, 6, 3, 2, 4, 9, 8], [8, 6, 9, 1, 4, 5, 2, 7, 3], [4, 2, 3, 9, 7, 8, 1, 5, 6], [9, 3, 4, 2, 8, 7, 5, 6, 1], [6, 8, 1, 5, 9, 4, 3, 2, 7], [2, 5, 7, 3, 1, 6, 9, 8, 4]]
2023-04-29 21:57:16,742 - INFO - Number of tries: 11794455
2023-04-29 21:57:16,742 - INFO - Total Execution Time (s): 199.86017790199992
2023-04-29 21:57:16,742 - INFO - 
2023-04-29 21:57:16,742 - INFO - 
2023-04-29 21:57:16,742 - INFO - BACKTRACKING ALGORITHM
2023-04-29 21:57:16,742 - INFO - BacktrackingSudokuOptimized Version
2023-04-29 21:57:16,743 - INFO - size: 9
2023-04-29 21:57:16,743 - INFO - Initial puzzle: 
[[0, 0, 0, 0, 0, 0, 0, 1, 2], [0, 5, 0, 4, 0, 0, 0, 0, 0], [0, 0, 0, 0, 0, 0, 0, 3, 0], [7, 0, 0, 6, 0, 0, 4, 0, 0], [0, 0, 1, 0, 0, 0, 0, 0, 0], [0, 0, 0, 0, 8, 0, 0, 0, 0], [9, 2, 0, 0, 0, 0, 8, 0, 0], [0, 0, 0, 5, 1, 0, 7, 0, 0], [0, 0, 0, 0, 0, 3, 0, 0, 0]]
2023-04-29 21:58:09,583 - INFO - Final puzzle solved:
2023-04-29 21:58:09,583 - INFO - [[3, 6, 4, 9, 7, 8, 5, 1, 2], [1, 5, 2, 4, 3, 6, 9, 7, 8], [8, 7, 9, 1, 2, 5, 6, 3, 4], [7, 3, 8, 6, 5, 1, 4, 2, 9], [6, 9, 1, 2, 4, 7, 3, 8, 5], [2, 4, 5, 3, 8, 9, 1, 6, 7], [9, 2, 3, 7, 6, 4, 8, 5, 1], [4, 8, 6, 5, 1, 2, 7, 9, 3], [5, 1, 7, 8, 9, 3, 2, 4, 6]]
2023-04-29 21:58:09,583 - INFO - Number of tries: 3050374
2023-04-29 21:58:09,583 - INFO - Total Execution Time (s): 52.83653241899992
2023-04-29 21:58:09,583 - INFO - 
2023-04-29 21:58:09,583 - INFO - 
2023-04-29 21:58:09,583 - INFO - BACKTRACKING ALGORITHM
2023-04-29 21:58:09,583 - INFO - BacktrackingSudokuOptimized Version
2023-04-29 21:58:09,583 - INFO - size: 9
2023-04-29 21:58:09,583 - INFO - Initial puzzle: 
[[0, 0, 0, 0, 0, 0, 0, 1, 2], [3, 0, 0, 0, 0, 0, 0, 6, 0], [0, 0, 0, 0, 4, 0, 0, 0, 0], [9, 0, 0, 0, 0, 0, 5, 0, 0], [0, 0, 0, 0, 0, 1, 0, 7, 0], [0, 2, 0, 0, 0, 0, 0, 0, 0], [0, 0, 0, 3, 5, 0, 4, 0, 0], [0, 0, 1, 4, 0, 0, 8, 0, 0], [0, 6, 0, 0, 0, 0, 0, 0, 0]]
2023-04-29 22:03:31,707 - INFO - Final puzzle solved:
2023-04-29 22:03:31,707 - INFO - [[6, 4, 9, 8, 3, 5, 7, 1, 2], [3, 5, 8, 2, 1, 7, 9, 6, 4], [1, 7, 2, 6, 4, 9, 3, 8, 5], [9, 1, 6, 7, 8, 4, 5, 2, 3], [8, 3, 4, 5, 2, 1, 6, 7, 9], [7, 2, 5, 9, 6, 3, 1, 4, 8], [2, 8, 7, 3, 5, 6, 4, 9, 1], [5, 9, 1, 4, 7, 2, 8, 3, 6], [4, 6, 3, 1, 9, 8, 2, 5, 7]]
2023-04-29 22:03:31,708 - INFO - Number of tries: 18712875
2023-04-29 22:03:31,708 - INFO - Total Execution Time (s): 322.1140354060001
2023-04-29 22:03:31,708 - INFO - 
2023-04-29 22:03:31,708 - INFO - 
2023-04-29 22:03:31,708 - INFO - BACKTRACKING ALGORITHM
2023-04-29 22:03:31,708 - INFO - BacktrackingSudokuOptimized Version
2023-04-29 22:03:31,708 - INFO - size: 9
2023-04-29 22:03:31,708 - INFO - Initial puzzle: 
[[0, 0, 0, 0, 0, 0, 0, 1, 2], [4, 0, 0, 0, 9, 0, 0, 0, 0], [0, 0, 0, 0, 0, 0, 0, 5, 0], [0, 7, 0, 2, 0, 0, 0, 0, 0], [6, 0, 0, 0, 0, 0, 4, 0, 0], [0, 0, 0, 1, 0, 8, 0, 0, 0], [0, 1, 8, 0, 0, 0, 0, 0, 0], [0, 0, 0, 0, 3, 0, 7, 0, 0], [5, 0, 2, 0, 0, 0, 0, 0, 0]]
2023-04-29 22:03:59,177 - INFO - Final puzzle solved:
2023-04-29 22:03:59,177 - INFO - [[3, 6, 7, 4, 8, 5, 9, 1, 2], [4, 2, 5, 3, 9, 1, 8, 6, 7], [1, 8, 9, 7, 2, 6, 3, 5, 4], [8, 7, 3, 2, 5, 4, 1, 9, 6], [6, 5, 1, 9, 7, 3, 4, 2, 8], [2, 9, 4, 1, 6, 8, 5, 7, 3], [7, 1, 8, 6, 4, 9, 2, 3, 5], [9, 4, 6, 5, 3, 2, 7, 8, 1], [5, 3, 2, 8, 1, 7, 6, 4, 9]]
2023-04-29 22:03:59,177 - INFO - Number of tries: 1603562
2023-04-29 22:03:59,177 - INFO - Total Execution Time (s): 27.46805359000018
2023-04-29 22:03:59,177 - INFO - 
2023-04-29 22:03:59,177 - INFO - 
2023-04-29 22:03:59,177 - INFO - BACKTRACKING ALGORITHM
2023-04-29 22:03:59,177 - INFO - BacktrackingSudokuOptimized Version
2023-04-29 22:03:59,177 - INFO - size: 9
2023-04-29 22:03:59,177 - INFO - Initial puzzle: 
[[0, 0, 0, 0, 0, 0, 0, 1, 2], [5, 0, 0, 0, 0, 8, 0, 0, 0], [0, 0, 0, 7, 0, 0, 0, 0, 0], [6, 0, 0, 1, 2, 0, 0, 0, 0], [7, 0, 0, 0, 0, 0, 4, 5, 0], [0, 0, 0, 0, 3, 0, 0, 0, 0], [0, 3, 0, 0, 0, 0, 8, 0, 0], [0, 0, 0, 5, 0, 0, 7, 0, 0], [0, 2, 0, 0, 0, 0, 0, 0, 0]]
2023-04-29 22:04:00,543 - INFO - Final puzzle solved:
2023-04-29 22:04:00,543 - INFO - [[3, 7, 8, 6, 9, 4, 5, 1, 2], [5, 6, 4, 2, 1, 8, 3, 9, 7], [2, 9, 1, 7, 5, 3, 6, 8, 4], [6, 4, 3, 1, 2, 5, 9, 7, 8], [7, 1, 2, 8, 6, 9, 4, 5, 3], [8, 5, 9, 4, 3, 7, 2, 6, 1], [4, 3, 5, 9, 7, 1, 8, 2, 6], [1, 8, 6, 5, 4, 2, 7, 3, 9], [9, 2, 7, 3, 8, 6, 1, 4, 5]]
2023-04-29 22:04:00,543 - INFO - Number of tries: 70612
2023-04-29 22:04:00,543 - INFO - Total Execution Time (s): 1.3655109569999695
2023-04-29 22:04:00,543 - INFO - 
2023-04-29 22:04:00,543 - INFO - 
2023-04-29 22:04:00,543 - INFO - BACKTRACKING ALGORITHM
2023-04-29 22:04:00,543 - INFO - BacktrackingSudokuOptimized Version
2023-04-29 22:04:00,543 - INFO - size: 9
2023-04-29 22:04:00,544 - INFO - Initial puzzle: 
[[0, 0, 0, 0, 0, 0, 0, 1, 2], [7, 0, 0, 0, 6, 0, 0, 0, 0], [0, 0, 0, 0, 0, 0, 0, 5, 0], [0, 8, 0, 2, 0, 0, 0, 0, 0], [6, 0, 0, 0, 0, 0, 4, 0, 0], [0, 0, 0, 1, 0, 9, 0, 0, 0], [0, 1, 9, 0, 0, 0, 0, 0, 0], [0, 0, 0, 0, 3, 0, 8, 0, 0], [5, 0, 2, 0, 0, 0, 0, 0, 0]]
2023-04-29 22:04:06,225 - INFO - Final puzzle solved:
2023-04-29 22:04:06,225 - INFO - [[3, 4, 6, 8, 9, 5, 7, 1, 2], [7, 2, 5, 3, 6, 1, 9, 8, 4], [1, 9, 8, 4, 2, 7, 3, 5, 6], [9, 8, 4, 2, 5, 6, 1, 7, 3], [6, 5, 1, 7, 8, 3, 4, 2, 9], [2, 7, 3, 1, 4, 9, 5, 6, 8], [8, 1, 9, 6, 7, 4, 2, 3, 5], [4, 6, 7, 5, 3, 2, 8, 9, 1], [5, 3, 2, 9, 1, 8, 6, 4, 7]]
2023-04-29 22:04:06,225 - INFO - Number of tries: 344349
2023-04-29 22:04:06,225 - INFO - Total Execution Time (s): 5.681290060000038
2023-04-29 22:04:06,225 - INFO - 
2023-04-29 22:04:06,225 - INFO - 
2023-04-29 22:04:06,225 - INFO - BACKTRACKING ALGORITHM
2023-04-29 22:04:06,225 - INFO - BacktrackingSudokuOptimized Version
2023-04-29 22:04:06,226 - INFO - size: 9
2023-04-29 22:04:06,226 - INFO - Initial puzzle: 
[[0, 0, 0, 0, 0, 0, 0, 1, 2], [8, 0, 0, 0, 4, 0, 0, 0, 0], [0, 0, 0, 0, 0, 0, 0, 6, 0], [0, 9, 0, 2, 0, 0, 0, 0, 0], [7, 0, 0, 0, 0, 0, 4, 0, 0], [0, 0, 0, 5, 0, 1, 0, 0, 0], [0, 1, 5, 0, 0, 0, 0, 0, 0], [0, 0, 0, 0, 3, 0, 9, 0, 0], [6, 0, 2, 0, 0, 0, 0, 0, 0]]
2023-04-29 22:04:31,066 - INFO - Final puzzle solved:
2023-04-29 22:04:31,066 - INFO - [[3, 4, 9, 7, 5, 6, 8, 1, 2], [8, 2, 6, 1, 4, 3, 5, 7, 9], [1, 5, 7, 8, 2, 9, 3, 6, 4], [5, 9, 3, 2, 6, 4, 1, 8, 7], [7, 6, 1, 3, 9, 8, 4, 2, 5], [2, 8, 4, 5, 7, 1, 6, 9, 3], [9, 1, 5, 4, 8, 7, 2, 3, 6], [4, 7, 8, 6, 3, 2, 9, 5, 1], [6, 3, 2, 9, 1, 5, 7, 4, 8]]
2023-04-29 22:04:31,066 - INFO - Number of tries: 1476083
2023-04-29 22:04:31,066 - INFO - Total Execution Time (s): 24.829654398999992
2023-04-29 22:04:31,066 - INFO - 
2023-04-29 22:04:31,066 - INFO - 
2023-04-29 22:04:31,066 - INFO - BACKTRACKING ALGORITHM
2023-04-29 22:04:31,066 - INFO - BacktrackingSudokuOptimized Version
2023-04-29 22:04:31,067 - INFO - size: 9
2023-04-29 22:04:31,067 - INFO - Initial puzzle: 
[[0, 0, 0, 0, 0, 0, 0, 1, 2], [9, 8, 0, 0, 0, 0, 0, 0, 0], [0, 0, 0, 6, 0, 0, 0, 0, 0], [1, 0, 0, 7, 0, 0, 0, 8, 0], [4, 0, 2, 0, 0, 0, 0, 0, 0], [0, 0, 0, 3, 0, 0, 6, 0, 0], [0, 7, 0, 0, 0, 0, 3, 0, 0], [0, 5, 0, 0, 4, 0, 0, 0, 0], [0, 0, 0, 0, 1, 0, 0, 0, 0]]
2023-04-29 22:06:22,407 - INFO - Final puzzle solved:
2023-04-29 22:06:22,407 - INFO - [[5, 4, 6, 9, 3, 8, 7, 1, 2], [9, 8, 7, 4, 2, 1, 5, 3, 6], [2, 1, 3, 6, 7, 5, 4, 9, 8], [1, 6, 5, 7, 9, 4, 2, 8, 3], [4, 3, 2, 1, 8, 6, 9, 7, 5], [7, 9, 8, 3, 5, 2, 6, 4, 1], [8, 7, 1, 2, 6, 9, 3, 5, 4], [6, 5, 9, 8, 4, 3, 1, 2, 7], [3, 2, 4, 5, 1, 7, 8, 6, 9]]
2023-04-29 22:06:22,407 - INFO - Number of tries: 6719576
2023-04-29 22:06:22,407 - INFO - Total Execution Time (s): 111.29319012899987
2023-04-29 22:06:22,407 - INFO - 
2023-04-29 22:06:22,407 - INFO - 
2023-04-29 22:06:22,407 - INFO - BACKTRACKING ALGORITHM
2023-04-29 22:06:22,407 - INFO - BacktrackingSudokuOptimized Version
2023-04-29 22:06:22,408 - INFO - size: 9
2023-04-29 22:06:22,408 - INFO - Initial puzzle: 
[[0, 0, 0, 0, 0, 0, 0, 1, 3], [0, 0, 0, 0, 3, 0, 0, 8, 0], [0, 7, 0, 0, 0, 0, 0, 0, 0], [0, 0, 0, 2, 0, 6, 0, 0, 0], [0, 3, 0, 0, 0, 0, 9, 0, 0], [0, 0, 0, 0, 1, 0, 0, 0, 0], [6, 0, 0, 5, 0, 0, 2, 0, 4], [0, 0, 0, 4, 0, 0, 7, 0, 0], [1, 0, 0, 0, 0, 0, 0, 0, 0]]
2023-04-29 22:13:52,910 - INFO - Final puzzle solved:
2023-04-29 22:13:52,911 - INFO - [[8, 6, 9, 7, 2, 5, 4, 1, 3], [5, 1, 2, 9, 3, 4, 6, 8, 7], [3, 7, 4, 1, 6, 8, 5, 2, 9], [7, 9, 8, 2, 4, 6, 1, 3, 5], [2, 3, 1, 8, 5, 7, 9, 4, 6], [4, 5, 6, 3, 1, 9, 8, 7, 2], [6, 8, 3, 5, 7, 1, 2, 9, 4], [9, 2, 5, 4, 8, 3, 7, 6, 1], [1, 4, 7, 6, 9, 2, 3, 5, 8]]
2023-04-29 22:13:52,911 - INFO - Number of tries: 26053599
2023-04-29 22:13:52,911 - INFO - Total Execution Time (s): 450.4925329240002
2023-04-29 22:13:52,911 - INFO - 
2023-04-29 22:13:52,911 - INFO - 
2023-04-29 22:13:52,911 - INFO - BACKTRACKING ALGORITHM
2023-04-29 22:13:52,911 - INFO - BacktrackingSudokuOptimized Version
2023-04-29 22:13:52,911 - INFO - size: 9
2023-04-29 22:13:52,911 - INFO - Initial puzzle: 
[[0, 0, 0, 0, 0, 0, 0, 1, 3], [0, 0, 0, 2, 0, 0, 0, 0, 0], [0, 0, 0, 0, 0, 0, 0, 8, 0], [0, 0, 0, 7, 6, 0, 2, 0, 0], [0, 0, 8, 0, 0, 0, 4, 0, 0], [0, 1, 0, 0, 0, 0, 0, 0, 0], [2, 0, 0, 0, 0, 0, 7, 5, 0], [6, 0, 0, 3, 4, 0, 0, 0, 0], [0, 0, 0, 0, 0, 8, 0, 0, 0]]
2023-04-29 22:15:06,465 - INFO - Final puzzle solved:
2023-04-29 22:15:06,465 - INFO - [[5, 6, 2, 8, 7, 4, 9, 1, 3], [8, 3, 9, 2, 1, 5, 6, 4, 7], [1, 7, 4, 6, 3, 9, 5, 8, 2], [3, 4, 5, 7, 6, 1, 2, 9, 8], [7, 2, 8, 9, 5, 3, 4, 6, 1], [9, 1, 6, 4, 8, 2, 3, 7, 5], [2, 8, 3, 1, 9, 6, 7, 5, 4], [6, 5, 1, 3, 4, 7, 8, 2, 9], [4, 9, 7, 5, 2, 8, 1, 3, 6]]
2023-04-29 22:15:06,465 - INFO - Number of tries: 4320186
2023-04-29 22:15:06,465 - INFO - Total Execution Time (s): 73.551005755
2023-04-29 22:15:06,465 - INFO - 
2023-04-29 22:15:06,465 - INFO - 
2023-04-29 22:15:06,465 - INFO - BACKTRACKING ALGORITHM
2023-04-29 22:15:06,465 - INFO - BacktrackingSudokuOptimized Version
2023-04-29 22:15:06,465 - INFO - size: 9
2023-04-29 22:15:06,465 - INFO - Initial puzzle: 
[[0, 0, 0, 0, 0, 0, 0, 1, 3], [0, 0, 0, 5, 0, 0, 0, 7, 0], [0, 0, 0, 8, 0, 2, 0, 0, 0], [0, 0, 0, 4, 0, 0, 9, 0, 0], [1, 0, 7, 0, 0, 0, 0, 0, 0], [0, 0, 0, 0, 0, 0, 2, 0, 0], [8, 9, 0, 0, 0, 0, 0, 5, 0], [0, 4, 0, 0, 0, 0, 6, 0, 0], [0, 0, 0, 0, 1, 0, 0, 0, 0]]
2023-04-29 22:15:37,495 - INFO - Final puzzle solved:
2023-04-29 22:15:37,495 - INFO - [[5, 7, 2, 6, 4, 9, 8, 1, 3], [9, 8, 6, 5, 3, 1, 4, 7, 2], [3, 1, 4, 8, 7, 2, 5, 9, 6], [2, 3, 8, 4, 5, 7, 9, 6, 1], [1, 6, 7, 2, 9, 8, 3, 4, 5], [4, 5, 9, 1, 6, 3, 2, 8, 7], [8, 9, 3, 7, 2, 6, 1, 5, 4], [7, 4, 1, 3, 8, 5, 6, 2, 9], [6, 2, 5, 9, 1, 4, 7, 3, 8]]
2023-04-29 22:15:37,495 - INFO - Number of tries: 1578880
2023-04-29 22:15:37,495 - INFO - Total Execution Time (s): 31.02653827300037
2023-04-29 22:15:37,495 - INFO - 
2023-04-29 22:15:37,495 - INFO - 
2023-04-29 22:15:37,495 - INFO - BACKTRACKING ALGORITHM
2023-04-29 22:15:37,495 - INFO - BacktrackingSudokuOptimized Version
2023-04-29 22:15:37,495 - INFO - size: 9
2023-04-29 22:15:37,495 - INFO - Initial puzzle: 
[[0, 0, 0, 0, 0, 0, 0, 1, 3], [0, 0, 0, 7, 0, 0, 0, 6, 0], [0, 0, 0, 5, 0, 8, 0, 0, 0], [0, 0, 0, 4, 0, 0, 8, 0, 0], [1, 0, 6, 0, 0, 0, 0, 0, 0], [0, 0, 0, 0, 0, 0, 2, 0, 0], [7, 4, 0, 0, 0, 0, 0, 5, 0], [0, 2, 0, 0, 0, 0, 4, 0, 0], [0, 0, 0, 0, 1, 0, 0, 0, 0]]
2023-04-29 22:15:51,041 - INFO - Final puzzle solved:
2023-04-29 22:15:51,041 - INFO - [[8, 6, 7, 9, 4, 2, 5, 1, 3], [2, 5, 4, 7, 3, 1, 9, 6, 8], [3, 1, 9, 5, 6, 8, 7, 2, 4], [5, 3, 2, 4, 9, 6, 8, 7, 1], [1, 9, 6, 8, 2, 7, 3, 4, 5], [4, 7, 8, 1, 5, 3, 2, 9, 6], [7, 4, 3, 6, 8, 9, 1, 5, 2], [6, 2, 1, 3, 7, 5, 4, 8, 9], [9, 8, 5, 2, 1, 4, 6, 3, 7]]
2023-04-29 22:15:51,041 - INFO - Number of tries: 843119
2023-04-29 22:15:51,041 - INFO - Total Execution Time (s): 13.54419285999984
2023-04-29 22:15:51,041 - INFO - 
2023-04-29 22:15:51,041 - INFO - 
2023-04-29 22:15:51,041 - INFO - BACKTRACKING ALGORITHM
2023-04-29 22:15:51,041 - INFO - BacktrackingSudokuOptimized Version
2023-04-29 22:15:51,041 - INFO - size: 9
2023-04-29 22:15:51,041 - INFO - Initial puzzle: 
[[0, 0, 0, 0, 0, 0, 0, 1, 3], [0, 0, 0, 7, 0, 0, 0, 6, 0], [0, 0, 0, 5, 0, 9, 0, 0, 0], [0, 0, 0, 4, 0, 0, 9, 0, 0], [1, 0, 6, 0, 0, 0, 0, 0, 0], [0, 0, 0, 0, 0, 0, 2, 0, 0], [7, 4, 0, 0, 0, 0, 0, 5, 0], [0, 8, 0, 0, 0, 0, 4, 0, 0], [0, 0, 0, 0, 1, 0, 0, 0, 0]]
2023-04-29 22:16:22,298 - INFO - Final puzzle solved:
2023-04-29 22:16:22,298 - INFO - [[9, 6, 7, 2, 4, 8, 5, 1, 3], [2, 5, 4, 7, 3, 1, 8, 6, 9], [3, 1, 8, 5, 6, 9, 7, 2, 4], [8, 3, 5, 4, 2, 6, 9, 7, 1], [1, 2, 6, 9, 8, 7, 3, 4, 5], [4, 7, 9, 1, 5, 3, 2, 8, 6], [7, 4, 3, 6, 9, 2, 1, 5, 8], [6, 8, 1, 3, 7, 5, 4, 9, 2], [5, 9, 2, 8, 1, 4, 6, 3, 7]]
2023-04-29 22:16:22,298 - INFO - Number of tries: 1874488
2023-04-29 22:16:22,298 - INFO - Total Execution Time (s): 31.249653835999652
2023-04-29 22:16:22,298 - INFO - 
2023-04-29 22:16:22,298 - INFO - 
2023-04-29 22:16:22,298 - INFO - BACKTRACKING ALGORITHM
2023-04-29 22:16:22,298 - INFO - BacktrackingSudokuOptimized Version
2023-04-29 22:16:22,298 - INFO - size: 9
2023-04-29 22:16:22,298 - INFO - Initial puzzle: 
[[0, 0, 0, 0, 0, 0, 0, 1, 3], [0, 0, 0, 8, 0, 0, 0, 7, 0], [0, 0, 0, 5, 0, 2, 0, 0, 0], [0, 0, 0, 4, 0, 0, 9, 0, 0], [1, 0, 7, 0, 0, 0, 0, 0, 0], [0, 0, 0, 0, 0, 0, 2, 0, 0], [8, 9, 0, 0, 0, 0, 0, 5, 0], [0, 4, 0, 0, 0, 0, 6, 0, 0], [0, 0, 0, 0, 1, 0, 0, 0, 0]]
2023-04-29 22:16:28,925 - INFO - Final puzzle solved:
2023-04-29 22:16:28,925 - INFO - [[2, 7, 8, 6, 4, 9, 5, 1, 3], [9, 5, 6, 8, 3, 1, 4, 7, 2], [3, 1, 4, 5, 7, 2, 8, 9, 6], [5, 3, 2, 4, 6, 7, 9, 8, 1], [1, 6, 7, 2, 9, 8, 3, 4, 5], [4, 8, 9, 1, 5, 3, 2, 6, 7], [8, 9, 3, 7, 2, 6, 1, 5, 4], [7, 4, 1, 3, 8, 5, 6, 2, 9], [6, 2, 5, 9, 1, 4, 7, 3, 8]]
2023-04-29 22:16:28,925 - INFO - Number of tries: 426932
2023-04-29 22:16:28,925 - INFO - Total Execution Time (s): 6.626566629000081
2023-04-29 22:16:28,925 - INFO - 
2023-04-29 22:16:28,925 - INFO - 
2023-04-29 22:16:28,925 - INFO - BACKTRACKING ALGORITHM
2023-04-29 22:16:28,925 - INFO - BacktrackingSudokuOptimized Version
2023-04-29 22:16:28,925 - INFO - size: 9
2023-04-29 22:16:28,925 - INFO - Initial puzzle: 
[[0, 0, 0, 0, 0, 0, 0, 1, 3], [0, 2, 0, 5, 0, 0, 0, 0, 0], [0, 0, 0, 0, 0, 0, 0, 0, 0], [1, 0, 3, 0, 0, 0, 0, 7, 0], [0, 0, 0, 8, 0, 2, 0, 0, 0], [0, 0, 4, 0, 0, 0, 0, 0, 0], [0, 0, 0, 3, 4, 0, 5, 0, 0], [6, 7, 0, 0, 0, 0, 2, 0, 0], [0, 0, 0, 0, 1, 0, 0, 0, 0]]
2023-04-29 22:18:07,683 - INFO - Final puzzle solved:
2023-04-29 22:18:07,683 - INFO - [[5, 4, 9, 7, 2, 8, 6, 1, 3], [3, 2, 8, 5, 6, 1, 4, 9, 7], [7, 1, 6, 4, 9, 3, 8, 2, 5], [1, 8, 3, 6, 5, 4, 9, 7, 2], [9, 5, 7, 8, 3, 2, 1, 4, 6], [2, 6, 4, 1, 7, 9, 3, 5, 8], [8, 9, 2, 3, 4, 7, 5, 6, 1], [6, 7, 1, 9, 8, 5, 2, 3, 4], [4, 3, 5, 2, 1, 6, 7, 8, 9]]
2023-04-29 22:18:07,683 - INFO - Number of tries: 5888133
2023-04-29 22:18:07,683 - INFO - Total Execution Time (s): 98.7462593539999
2023-04-29 22:18:07,683 - INFO - 
2023-04-29 22:18:07,683 - INFO - 
2023-04-29 22:18:07,683 - INFO - BACKTRACKING ALGORITHM
2023-04-29 22:18:07,683 - INFO - BacktrackingSudokuOptimized Version
2023-04-29 22:18:07,683 - INFO - size: 9
2023-04-29 22:18:07,683 - INFO - Initial puzzle: 
[[0, 0, 0, 0, 0, 0, 0, 1, 3], [0, 4, 0, 0, 0, 0, 0, 8, 0], [2, 0, 0, 0, 6, 0, 0, 0, 0], [6, 0, 9, 0, 0, 0, 4, 0, 0], [0, 0, 0, 8, 0, 0, 0, 0, 0], [0, 0, 0, 3, 0, 0, 0, 0, 0], [0, 3, 0, 1, 0, 0, 5, 0, 0], [0, 0, 0, 0, 4, 0, 7, 0, 6], [0, 0, 0, 0, 0, 0, 0, 0, 0]]
2023-04-29 22:18:23,255 - INFO - Final puzzle solved:
2023-04-29 22:18:23,255 - INFO - [[8, 6, 7, 4, 5, 9, 2, 1, 3], [9, 4, 5, 2, 3, 1, 6, 8, 7], [2, 1, 3, 7, 6, 8, 9, 5, 4], [6, 8, 9, 5, 1, 7, 4, 3, 2], [3, 2, 4, 8, 9, 6, 1, 7, 5], [5, 7, 1, 3, 2, 4, 8, 6, 9], [4, 3, 6, 1, 7, 2, 5, 9, 8], [1, 5, 8, 9, 4, 3, 7, 2, 6], [7, 9, 2, 6, 8, 5, 3, 4, 1]]
2023-04-29 22:18:23,255 - INFO - Number of tries: 1012355
2023-04-29 22:18:23,255 - INFO - Total Execution Time (s): 15.569482685999901
2023-04-29 22:18:23,255 - INFO - 
2023-04-29 22:18:23,255 - INFO - 
2023-04-29 22:18:23,255 - INFO - BACKTRACKING ALGORITHM
2023-04-29 22:18:23,255 - INFO - BacktrackingSudokuOptimized Version
2023-04-29 22:18:23,255 - INFO - size: 9
2023-04-29 22:18:23,255 - INFO - Initial puzzle: 
[[0, 0, 0, 0, 0, 0, 0, 1, 3], [0, 4, 0, 0, 0, 0, 0, 8, 0], [2, 0, 0, 0, 6, 0, 0, 0, 0], [9, 0, 6, 0, 0, 0, 4, 0, 0], [0, 0, 0, 8, 0, 0, 0, 0, 0], [0, 0, 0, 3, 0, 0, 0, 0, 0], [0, 3, 0, 1, 0, 0, 5, 0, 0], [0, 0, 0, 0, 4, 0, 7, 0, 6], [0, 0, 0, 0, 0, 0, 0, 0, 0]]
2023-04-29 22:18:48,559 - INFO - Final puzzle solved:
2023-04-29 22:18:48,559 - INFO - [[8, 6, 7, 4, 5, 9, 2, 1, 3], [5, 4, 9, 2, 3, 1, 6, 8, 7], [2, 1, 3, 7, 6, 8, 9, 5, 4], [9, 8, 6, 5, 1, 7, 4, 3, 2], [3, 7, 5, 8, 2, 4, 1, 6, 9], [4, 2, 1, 3, 9, 6, 8, 7, 5], [6, 3, 4, 1, 7, 2, 5, 9, 8], [1, 5, 8, 9, 4, 3, 7, 2, 6], [7, 9, 2, 6, 8, 5, 3, 4, 1]]
2023-04-29 22:18:48,559 - INFO - Number of tries: 1501376
2023-04-29 22:18:48,559 - INFO - Total Execution Time (s): 25.30058937700005
2023-04-29 22:18:48,559 - INFO - 
2023-04-29 22:18:48,559 - INFO - 
2023-04-29 22:18:48,559 - INFO - BACKTRACKING ALGORITHM
2023-04-29 22:18:48,559 - INFO - BacktrackingSudokuOptimized Version
2023-04-29 22:18:48,559 - INFO - size: 9
2023-04-29 22:18:48,559 - INFO - Initial puzzle: 
[[0, 0, 0, 0, 0, 0, 0, 1, 3], [0, 4, 0, 0, 0, 0, 0, 9, 0], [2, 0, 0, 0, 7, 0, 0, 0, 0], [6, 0, 7, 0, 0, 0, 4, 0, 0], [0, 0, 0, 3, 0, 0, 0, 0, 0], [0, 0, 0, 9, 0, 0, 0, 0, 0], [0, 3, 0, 1, 0, 0, 5, 0, 0], [0, 0, 0, 0, 6, 0, 8, 0, 7], [0, 0, 0, 0, 0, 0, 0, 0, 0]]
2023-04-29 22:19:21,190 - INFO - Final puzzle solved:
2023-04-29 22:19:21,190 - INFO - [[9, 7, 8, 6, 5, 4, 2, 1, 3], [5, 4, 6, 2, 3, 1, 7, 9, 8], [2, 1, 3, 8, 7, 9, 6, 5, 4], [6, 9, 7, 5, 1, 8, 4, 3, 2], [4, 8, 1, 3, 2, 6, 9, 7, 5], [3, 2, 5, 9, 4, 7, 1, 8, 6], [7, 3, 4, 1, 8, 2, 5, 6, 9], [1, 5, 9, 4, 6, 3, 8, 2, 7], [8, 6, 2, 7, 9, 5, 3, 4, 1]]
2023-04-29 22:19:21,190 - INFO - Number of tries: 1917599
2023-04-29 22:19:21,191 - INFO - Total Execution Time (s): 32.6247572289999
2023-04-29 22:19:21,191 - INFO - 
2023-04-29 22:19:21,191 - INFO - 
2023-04-29 22:19:21,191 - INFO - BACKTRACKING ALGORITHM
2023-04-29 22:19:21,191 - INFO - BacktrackingSudokuOptimized Version
2023-04-29 22:19:21,191 - INFO - size: 9
2023-04-29 22:19:21,191 - INFO - Initial puzzle: 
[[0, 0, 0, 0, 0, 0, 0, 1, 3], [0, 4, 0, 0, 0, 0, 0, 9, 0], [2, 0, 0, 0, 7, 0, 0, 0, 0], [7, 0, 6, 0, 0, 0, 4, 0, 0], [0, 0, 0, 3, 0, 0, 0, 0, 0], [0, 0, 0, 9, 0, 0, 0, 0, 0], [0, 3, 0, 1, 0, 0, 5, 0, 0], [0, 0, 0, 0, 6, 0, 8, 0, 7], [0, 0, 0, 0, 0, 0, 0, 0, 0]]
2023-04-29 22:19:52,767 - INFO - Final puzzle solved:
2023-04-29 22:19:52,767 - INFO - [[9, 7, 8, 6, 5, 4, 2, 1, 3], [6, 4, 5, 2, 3, 1, 7, 9, 8], [2, 1, 3, 8, 7, 9, 6, 5, 4], [7, 9, 6, 5, 1, 8, 4, 3, 2], [5, 2, 1, 3, 4, 7, 9, 8, 6], [3, 8, 4, 9, 2, 6, 1, 7, 5], [4, 3, 7, 1, 8, 2, 5, 6, 9], [1, 5, 9, 4, 6, 3, 8, 2, 7], [8, 6, 2, 7, 9, 5, 3, 4, 1]]
2023-04-29 22:19:52,767 - INFO - Number of tries: 1899810
2023-04-29 22:19:52,767 - INFO - Total Execution Time (s): 31.57145839299983
2023-04-29 22:19:52,767 - INFO - 
2023-04-29 22:19:52,767 - INFO - 
2023-04-29 22:19:52,767 - INFO - BACKTRACKING ALGORITHM
2023-04-29 22:19:52,767 - INFO - BacktrackingSudokuOptimized Version
2023-04-29 22:19:52,768 - INFO - size: 9
2023-04-29 22:19:52,768 - INFO - Initial puzzle: 
[[0, 0, 0, 0, 0, 0, 0, 1, 3], [2, 0, 0, 8, 0, 0, 0, 0, 0], [3, 0, 0, 0, 0, 0, 0, 7, 0], [0, 0, 0, 2, 0, 0, 6, 0, 0], [0, 0, 1, 0, 0, 0, 0, 0, 0], [0, 4, 0, 0, 0, 0, 0, 0, 0], [0, 0, 0, 4, 0, 1, 5, 0, 0], [6, 8, 0, 0, 0, 0, 2, 0, 0], [0, 0, 0, 0, 7, 0, 0, 0, 0]]
2023-04-29 22:21:32,361 - INFO - Final puzzle solved:
2023-04-29 22:21:32,361 - INFO - [[4, 7, 8, 5, 2, 6, 9, 1, 3], [2, 1, 9, 8, 3, 7, 4, 5, 6], [3, 6, 5, 1, 4, 9, 8, 7, 2], [7, 9, 3, 2, 1, 4, 6, 8, 5], [5, 2, 1, 9, 6, 8, 7, 3, 4], [8, 4, 6, 7, 5, 3, 1, 2, 9], [9, 3, 2, 4, 8, 1, 5, 6, 7], [6, 8, 7, 3, 9, 5, 2, 4, 1], [1, 5, 4, 6, 7, 2, 3, 9, 8]]
2023-04-29 22:21:32,361 - INFO - Number of tries: 6205076
2023-04-29 22:21:32,361 - INFO - Total Execution Time (s): 99.58217534599999
2023-04-29 22:21:32,361 - INFO - 
2023-04-29 22:21:32,361 - INFO - 
2023-04-29 22:21:32,361 - INFO - BACKTRACKING ALGORITHM
2023-04-29 22:21:32,361 - INFO - BacktrackingSudokuOptimized Version
2023-04-29 22:21:32,361 - INFO - size: 9
2023-04-29 22:21:32,361 - INFO - Initial puzzle: 
[[0, 0, 0, 0, 0, 0, 0, 1, 3], [4, 0, 0, 2, 0, 0, 0, 0, 0], [6, 0, 0, 0, 0, 0, 0, 0, 0], [0, 0, 0, 4, 6, 0, 5, 0, 0], [0, 1, 0, 0, 0, 0, 0, 0, 7], [2, 0, 0, 5, 0, 0, 0, 0, 0], [0, 0, 0, 0, 3, 1, 0, 0, 0], [0, 0, 0, 0, 0, 0, 4, 2, 0], [0, 8, 0, 0, 0, 0, 0, 0, 0]]
2023-04-29 22:22:31,079 - INFO - Final puzzle solved:
2023-04-29 22:22:31,079 - INFO - [[8, 2, 7, 9, 4, 5, 6, 1, 3], [4, 3, 1, 2, 8, 6, 9, 7, 5], [6, 5, 9, 1, 7, 3, 8, 4, 2], [3, 7, 8, 4, 6, 2, 5, 9, 1], [5, 1, 4, 3, 9, 8, 2, 6, 7], [2, 9, 6, 5, 1, 7, 3, 8, 4], [9, 4, 2, 8, 3, 1, 7, 5, 6], [1, 6, 3, 7, 5, 9, 4, 2, 8], [7, 8, 5, 6, 2, 4, 1, 3, 9]]
2023-04-29 22:22:31,079 - INFO - Number of tries: 3622966
2023-04-29 22:22:31,079 - INFO - Total Execution Time (s): 58.70537440899989
2023-04-29 22:22:31,079 - INFO - 
2023-04-29 22:22:31,079 - INFO - 
2023-04-29 22:22:31,079 - INFO - BACKTRACKING ALGORITHM
2023-04-29 22:22:31,079 - INFO - BacktrackingSudokuOptimized Version
2023-04-29 22:22:31,080 - INFO - size: 9
2023-04-29 22:22:31,080 - INFO - Initial puzzle: 
[[0, 0, 0, 0, 0, 0, 0, 1, 3], [4, 0, 0, 8, 0, 0, 0, 0, 0], [2, 0, 0, 0, 0, 0, 0, 7, 0], [0, 0, 0, 4, 0, 0, 9, 0, 0], [0, 0, 1, 0, 0, 0, 0, 0, 0], [0, 6, 0, 0, 0, 0, 0, 0, 0], [0, 0, 0, 5, 0, 1, 6, 0, 0], [3, 8, 0, 0, 0, 0, 2, 0, 0], [0, 0, 0, 0, 7, 0, 0, 0, 0]]
2023-04-29 22:23:22,853 - INFO - Final puzzle solved:
2023-04-29 22:23:22,853 - INFO - [[6, 7, 5, 9, 2, 4, 8, 1, 3], [4, 1, 3, 8, 6, 7, 5, 9, 2], [2, 9, 8, 1, 5, 3, 4, 7, 6], [7, 3, 2, 4, 1, 5, 9, 6, 8], [8, 4, 1, 3, 9, 6, 7, 2, 5], [5, 6, 9, 7, 8, 2, 1, 3, 4], [9, 2, 4, 5, 3, 1, 6, 8, 7], [3, 8, 7, 6, 4, 9, 2, 5, 1], [1, 5, 6, 2, 7, 8, 3, 4, 9]]
2023-04-29 22:23:22,853 - INFO - Number of tries: 3190170
2023-04-29 22:23:22,853 - INFO - Total Execution Time (s): 51.763761417000296
2023-04-29 22:23:22,854 - INFO - 
2023-04-29 22:23:22,854 - INFO - 
2023-04-29 22:23:22,854 - INFO - BACKTRACKING ALGORITHM
2023-04-29 22:23:22,854 - INFO - BacktrackingSudokuOptimized Version
2023-04-29 22:23:22,854 - INFO - size: 9
2023-04-29 22:23:22,854 - INFO - Initial puzzle: 
[[0, 0, 0, 0, 0, 0, 0, 1, 4], [0, 0, 0, 0, 0, 0, 2, 0, 3], [8, 0, 0, 0, 5, 0, 0, 0, 0], [0, 0, 0, 2, 0, 7, 0, 0, 0], [0, 3, 1, 0, 0, 0, 0, 0, 0], [0, 0, 0, 0, 0, 0, 6, 5, 0], [6, 0, 0, 0, 0, 0, 7, 0, 0], [0, 0, 0, 1, 4, 0, 0, 0, 0], [0, 0, 0, 3, 0, 0, 0, 0, 0]]
2023-04-29 22:24:06,666 - INFO - Final puzzle solved:
2023-04-29 22:24:06,666 - INFO - [[7, 6, 9, 8, 2, 3, 5, 1, 4], [1, 4, 5, 7, 6, 9, 2, 8, 3], [8, 2, 3, 4, 5, 1, 9, 7, 6], [4, 5, 6, 2, 1, 7, 3, 9, 8], [9, 3, 1, 6, 8, 5, 4, 2, 7], [2, 7, 8, 9, 3, 4, 6, 5, 1], [6, 1, 4, 5, 9, 8, 7, 3, 2], [3, 9, 7, 1, 4, 2, 8, 6, 5], [5, 8, 2, 3, 7, 6, 1, 4, 9]]
2023-04-29 22:24:06,666 - INFO - Number of tries: 2689674
2023-04-29 22:24:06,666 - INFO - Total Execution Time (s): 43.8062248719998
2023-04-29 22:24:06,666 - INFO - 
2023-04-29 22:24:06,666 - INFO - 
2023-04-29 22:24:06,667 - INFO - BACKTRACKING ALGORITHM
2023-04-29 22:24:06,667 - INFO - BacktrackingSudokuOptimized Version
2023-04-29 22:24:06,667 - INFO - size: 9
2023-04-29 22:24:06,667 - INFO - Initial puzzle: 
[[0, 0, 0, 0, 0, 0, 0, 1, 4], [0, 0, 0, 0, 2, 0, 0, 0, 0], [5, 0, 0, 0, 0, 0, 0, 0, 0], [0, 1, 0, 8, 0, 4, 0, 0, 0], [7, 0, 0, 0, 0, 0, 5, 0, 0], [0, 0, 0, 1, 0, 0, 0, 0, 0], [0, 0, 0, 0, 5, 0, 7, 3, 0], [0, 0, 4, 2, 0, 0, 0, 0, 0], [0, 3, 0, 0, 0, 0, 6, 0, 0]]
2023-04-29 22:37:08,984 - INFO - Final puzzle solved:
2023-04-29 22:37:08,993 - INFO - [[9, 7, 6, 5, 8, 3, 2, 1, 4], [4, 8, 1, 6, 2, 9, 3, 5, 7], [5, 2, 3, 7, 4, 1, 8, 6, 9], [3, 1, 5, 8, 7, 4, 9, 2, 6], [7, 4, 9, 3, 6, 2, 5, 8, 1], [8, 6, 2, 1, 9, 5, 4, 7, 3], [1, 9, 8, 4, 5, 6, 7, 3, 2], [6, 5, 4, 2, 3, 7, 1, 9, 8], [2, 3, 7, 9, 1, 8, 6, 4, 5]]
2023-04-29 22:37:08,993 - INFO - Number of tries: 46118352
2023-04-29 22:37:08,993 - INFO - Total Execution Time (s): 782.2141606770001
2023-04-29 22:37:08,993 - INFO - 
2023-04-29 22:37:08,993 - INFO - 
2023-04-29 22:37:08,993 - INFO - BACKTRACKING ALGORITHM
2023-04-29 22:37:08,993 - INFO - BacktrackingSudokuOptimized Version
2023-04-29 22:37:08,993 - INFO - size: 9
2023-04-29 22:37:08,993 - INFO - Initial puzzle: 
[[0, 0, 0, 0, 0, 0, 0, 1, 4], [0, 0, 0, 7, 0, 8, 0, 0, 0], [0, 0, 0, 0, 0, 0, 0, 0, 0], [1, 0, 4, 0, 0, 5, 0, 0, 0], [0, 0, 0, 2, 0, 0, 8, 3, 0], [6, 0, 0, 0, 0, 0, 0, 0, 0], [5, 0, 0, 0, 4, 0, 0, 0, 0], [0, 3, 0, 0, 0, 0, 7, 0, 0], [0, 0, 0, 0, 9, 0, 0, 0, 1]]
2023-04-29 22:40:40,638 - INFO - Final puzzle solved:
2023-04-29 22:40:40,638 - INFO - [[8, 5, 7, 9, 2, 6, 3, 1, 4], [3, 4, 1, 7, 5, 8, 6, 9, 2], [9, 6, 2, 4, 3, 1, 5, 7, 8], [1, 8, 4, 3, 6, 5, 9, 2, 7], [7, 9, 5, 2, 1, 4, 8, 3, 6], [6, 2, 3, 8, 7, 9, 1, 4, 5], [5, 1, 9, 6, 4, 7, 2, 8, 3], [4, 3, 6, 1, 8, 2, 7, 5, 9], [2, 7, 8, 5, 9, 3, 4, 6, 1]]
2023-04-29 22:40:40,638 - INFO - Number of tries: 13077299
2023-04-29 22:40:40,638 - INFO - Total Execution Time (s): 211.6201073770003
2023-04-29 22:40:40,638 - INFO - 
2023-04-29 22:40:40,638 - INFO - 
2023-04-29 22:40:40,638 - INFO - BACKTRACKING ALGORITHM
2023-04-29 22:40:40,638 - INFO - BacktrackingSudokuOptimized Version
2023-04-29 22:40:40,638 - INFO - size: 9
2023-04-29 22:40:40,638 - INFO - Initial puzzle: 
[[0, 0, 0, 0, 0, 0, 0, 1, 4], [0, 0, 8, 0, 0, 5, 0, 0, 0], [0, 2, 0, 0, 0, 0, 0, 0, 0], [0, 0, 0, 0, 2, 0, 7, 0, 5], [1, 0, 0, 0, 0, 0, 0, 0, 0], [0, 0, 0, 0, 0, 0, 8, 0, 0], [0, 7, 0, 0, 0, 0, 5, 3, 0], [6, 0, 0, 1, 4, 0, 0, 0, 0], [0, 0, 0, 2, 0, 0, 0, 0, 0]]
2023-04-29 22:44:13,734 - INFO - Final puzzle solved:
2023-04-29 22:44:13,734 - INFO - [[5, 9, 6, 7, 8, 2, 3, 1, 4], [3, 1, 8, 4, 6, 5, 2, 7, 9], [7, 2, 4, 3, 1, 9, 6, 5, 8], [9, 4, 3, 8, 2, 1, 7, 6, 5], [1, 8, 5, 9, 7, 6, 4, 2, 3], [2, 6, 7, 5, 3, 4, 8, 9, 1], [4, 7, 1, 6, 9, 8, 5, 3, 2], [6, 5, 2, 1, 4, 3, 9, 8, 7], [8, 3, 9, 2, 5, 7, 1, 4, 6]]
2023-04-29 22:44:13,734 - INFO - Number of tries: 13175981
2023-04-29 22:44:13,734 - INFO - Total Execution Time (s): 213.06122929899993
2023-04-29 22:44:13,734 - INFO - 
2023-04-29 22:44:13,734 - INFO - 
2023-04-29 22:44:13,735 - INFO - BACKTRACKING ALGORITHM
2023-04-29 22:44:13,735 - INFO - BacktrackingSudokuOptimized Version
2023-04-29 22:44:13,735 - INFO - size: 9
2023-04-29 22:44:13,735 - INFO - Initial puzzle: 
[[0, 0, 0, 0, 0, 0, 0, 1, 4], [0, 0, 8, 0, 0, 5, 0, 0, 0], [0, 2, 0, 0, 0, 0, 0, 0, 0], [0, 0, 0, 0, 2, 0, 8, 0, 5], [1, 0, 0, 0, 0, 0, 0, 0, 0], [0, 0, 0, 0, 0, 0, 7, 0, 0], [0, 7, 0, 0, 0, 0, 5, 3, 0], [6, 0, 0, 1, 4, 0, 0, 0, 0], [0, 0, 0, 2, 0, 0, 0, 0, 0]]
2023-04-29 22:48:06,272 - INFO - Final puzzle solved:
2023-04-29 22:48:06,272 - INFO - [[5, 9, 6, 8, 7, 2, 3, 1, 4], [3, 1, 8, 4, 6, 5, 2, 7, 9], [7, 2, 4, 3, 1, 9, 6, 5, 8], [9, 4, 3, 7, 2, 1, 8, 6, 5], [1, 6, 7, 5, 9, 8, 4, 2, 3], [2, 8, 5, 6, 3, 4, 7, 9, 1], [4, 7, 1, 9, 8, 6, 5, 3, 2], [6, 5, 2, 1, 4, 3, 9, 8, 7], [8, 3, 9, 2, 5, 7, 1, 4, 6]]
2023-04-29 22:48:06,273 - INFO - Number of tries: 14184286
2023-04-29 22:48:06,273 - INFO - Total Execution Time (s): 232.51741342800005
2023-04-29 22:48:06,273 - INFO - 
2023-04-29 22:48:06,273 - INFO - 
2023-04-29 22:48:06,273 - INFO - BACKTRACKING ALGORITHM
2023-04-29 22:48:06,273 - INFO - BacktrackingSudokuOptimized Version
2023-04-29 22:48:06,273 - INFO - size: 9
2023-04-29 22:48:06,273 - INFO - Initial puzzle: 
[[0, 0, 0, 0, 0, 0, 0, 1, 4], [0, 0, 8, 0, 0, 9, 0, 0, 0], [0, 2, 0, 0, 0, 0, 0, 0, 0], [0, 0, 0, 0, 2, 0, 8, 0, 5], [1, 0, 0, 0, 0, 0, 0, 0, 0], [0, 0, 0, 0, 0, 0, 7, 0, 0], [0, 7, 0, 0, 0, 0, 9, 3, 0], [6, 0, 0, 1, 4, 0, 0, 0, 0], [0, 0, 0, 2, 0, 0, 0, 0, 0]]
2023-04-29 22:49:55,755 - INFO - Final puzzle solved:
2023-04-29 22:49:55,755 - INFO - [[5, 6, 9, 8, 7, 2, 3, 1, 4], [3, 1, 8, 4, 6, 9, 2, 5, 7], [7, 2, 4, 3, 1, 5, 6, 8, 9], [9, 4, 3, 7, 2, 1, 8, 6, 5], [1, 5, 7, 9, 8, 6, 4, 2, 3], [2, 8, 6, 5, 3, 4, 7, 9, 1], [4, 7, 1, 6, 5, 8, 9, 3, 2], [6, 9, 2, 1, 4, 3, 5, 7, 8], [8, 3, 5, 2, 9, 7, 1, 4, 6]]
2023-04-29 22:49:55,755 - INFO - Number of tries: 6780103
2023-04-29 22:49:55,755 - INFO - Total Execution Time (s): 109.46824398399986
2023-04-29 22:49:55,755 - INFO - 
2023-04-29 22:49:55,755 - INFO - 
2023-04-29 22:49:55,755 - INFO - BACKTRACKING ALGORITHM
2023-04-29 22:49:55,755 - INFO - BacktrackingSudokuOptimized Version
2023-04-29 22:49:55,755 - INFO - size: 9
2023-04-29 22:49:55,755 - INFO - Initial puzzle: 
[[0, 0, 0, 0, 0, 0, 0, 1, 4], [7, 0, 0, 0, 0, 0, 0, 0, 0], [0, 0, 0, 5, 0, 0, 0, 0, 0], [0, 9, 0, 0, 1, 4, 0, 0, 0], [0, 5, 0, 0, 0, 0, 7, 2, 0], [0, 0, 0, 6, 0, 0, 0, 0, 0], [0, 0, 0, 9, 0, 0, 8, 0, 5], [6, 0, 0, 0, 0, 0, 9, 0, 0], [1, 0, 0, 0, 0, 0, 0, 0, 0]]
2023-04-29 22:56:04,904 - INFO - Final puzzle solved:
2023-04-29 22:56:04,904 - INFO - [[5, 3, 8, 2, 7, 9, 6, 1, 4], [7, 6, 2, 1, 4, 8, 5, 9, 3], [9, 1, 4, 5, 3, 6, 2, 8, 7], [2, 9, 6, 7, 1, 4, 3, 5, 8], [4, 5, 1, 8, 9, 3, 7, 2, 6], [8, 7, 3, 6, 5, 2, 1, 4, 9], [3, 4, 7, 9, 2, 1, 8, 6, 5], [6, 2, 5, 4, 8, 7, 9, 3, 1], [1, 8, 9, 3, 6, 5, 4, 7, 2]]
2023-04-29 22:56:04,904 - INFO - Number of tries: 20095514
2023-04-29 22:56:04,904 - INFO - Total Execution Time (s): 369.05559394400007
2023-04-29 22:56:04,904 - INFO - 
2023-04-29 22:56:04,904 - INFO - 
2023-04-29 22:56:04,904 - INFO - BACKTRACKING ALGORITHM
2023-04-29 22:56:04,904 - INFO - BacktrackingSudokuOptimized Version
2023-04-29 22:56:04,904 - INFO - size: 9
2023-04-29 22:56:04,904 - INFO - Initial puzzle: 
[[0, 0, 0, 0, 0, 0, 0, 1, 4], [7, 9, 0, 0, 0, 0, 0, 0, 0], [0, 0, 0, 2, 0, 0, 0, 0, 0], [0, 0, 0, 0, 0, 3, 6, 0, 5], [0, 0, 1, 0, 0, 0, 0, 0, 0], [0, 0, 0, 0, 0, 0, 2, 0, 0], [0, 6, 0, 0, 0, 0, 7, 3, 0], [2, 0, 0, 1, 4, 0, 0, 0, 0], [0, 0, 0, 8, 0, 0, 0, 0, 0]]
2023-04-29 23:08:05,329 - INFO - Final puzzle solved:
2023-04-29 23:08:05,330 - INFO - [[8, 2, 6, 3, 7, 5, 9, 1, 4], [7, 9, 5, 4, 8, 1, 3, 2, 6], [4, 1, 3, 2, 6, 9, 8, 5, 7], [9, 4, 2, 7, 1, 3, 6, 8, 5], [6, 5, 1, 9, 2, 8, 4, 7, 3], [3, 8, 7, 6, 5, 4, 2, 9, 1], [1, 6, 4, 5, 9, 2, 7, 3, 8], [2, 3, 8, 1, 4, 7, 5, 6, 9], [5, 7, 9, 8, 3, 6, 1, 4, 2]]
2023-04-29 23:08:05,330 - INFO - Number of tries: 44700697
2023-04-29 23:08:05,330 - INFO - Total Execution Time (s): 720.3032716629996
2023-04-29 23:08:05,330 - INFO - 
2023-04-29 23:08:05,330 - INFO - 
2023-04-29 23:08:05,330 - INFO - BACKTRACKING ALGORITHM
2023-04-29 23:08:05,330 - INFO - BacktrackingSudokuOptimized Version
2023-04-29 23:08:05,330 - INFO - size: 9
2023-04-29 23:08:05,330 - INFO - Initial puzzle: 
[[0, 0, 0, 0, 0, 0, 0, 1, 4], [9, 7, 0, 0, 0, 0, 0, 0, 0], [0, 0, 0, 2, 0, 0, 0, 0, 0], [0, 0, 0, 0, 0, 3, 6, 0, 5], [0, 0, 1, 0, 0, 0, 0, 0, 0], [0, 0, 0, 0, 0, 0, 2, 0, 0], [0, 6, 0, 0, 0, 0, 7, 3, 0], [2, 0, 0, 1, 4, 0, 0, 0, 0], [0, 0, 0, 8, 0, 0, 0, 0, 0]]
2023-04-29 23:22:17,801 - INFO - Final puzzle solved:
2023-04-29 23:22:17,801 - INFO - [[8, 2, 6, 3, 7, 5, 9, 1, 4], [9, 7, 5, 4, 8, 1, 3, 2, 6], [4, 1, 3, 2, 6, 9, 8, 5, 7], [7, 4, 2, 9, 1, 3, 6, 8, 5], [6, 5, 1, 7, 2, 8, 4, 9, 3], [3, 8, 9, 6, 5, 4, 2, 7, 1], [1, 6, 4, 5, 9, 2, 7, 3, 8], [2, 3, 8, 1, 4, 7, 5, 6, 9], [5, 9, 7, 8, 3, 6, 1, 4, 2]]
2023-04-29 23:22:17,801 - INFO - Number of tries: 47147259
2023-04-29 23:22:17,801 - INFO - Total Execution Time (s): 852.2852845770003
2023-04-29 23:22:17,801 - INFO - 
2023-04-29 23:22:17,801 - INFO - 
2023-04-29 23:22:17,801 - INFO - BACKTRACKING ALGORITHM
2023-04-29 23:22:17,801 - INFO - BacktrackingSudokuOptimized Version
2023-04-29 23:22:17,801 - INFO - size: 9
2023-04-29 23:22:17,801 - INFO - Initial puzzle: 
[[0, 0, 0, 0, 0, 0, 0, 1, 5], [0, 0, 0, 4, 0, 0, 0, 7, 0], [3, 0, 0, 0, 6, 0, 0, 0, 0], [8, 0, 0, 0, 0, 0, 2, 0, 0], [0, 0, 0, 1, 0, 4, 0, 0, 0], [4, 0, 0, 5, 0, 0, 0, 0, 0], [0, 0, 0, 0, 2, 3, 6, 0, 0], [0, 1, 0, 0, 0, 0, 0, 0, 0], [0, 7, 0, 0, 0, 0, 0, 0, 0]]
2023-04-29 23:23:13,160 - INFO - Final puzzle solved:
2023-04-29 23:23:13,160 - INFO - [[9, 6, 4, 2, 3, 7, 8, 1, 5], [1, 8, 2, 4, 5, 9, 3, 7, 6], [3, 5, 7, 8, 6, 1, 4, 2, 9], [8, 9, 1, 3, 7, 6, 2, 5, 4], [7, 2, 5, 1, 8, 4, 9, 6, 3], [4, 3, 6, 5, 9, 2, 1, 8, 7], [5, 4, 8, 7, 2, 3, 6, 9, 1], [2, 1, 9, 6, 4, 5, 7, 3, 8], [6, 7, 3, 9, 1, 8, 5, 4, 2]]
2023-04-29 23:23:13,160 - INFO - Number of tries: 2819140
2023-04-29 23:23:13,160 - INFO - Total Execution Time (s): 55.35046320600031
2023-04-29 23:23:13,160 - INFO - 
2023-04-29 23:23:13,160 - INFO - 
2023-04-29 23:23:13,160 - INFO - BACKTRACKING ALGORITHM
2023-04-29 23:23:13,160 - INFO - BacktrackingSudokuOptimized Version
2023-04-29 23:23:13,160 - INFO - size: 9
2023-04-29 23:23:13,161 - INFO - Initial puzzle: 
[[0, 0, 0, 0, 0, 0, 0, 1, 5], [0, 0, 0, 4, 0, 0, 0, 7, 0], [4, 0, 0, 0, 0, 0, 0, 0, 0], [6, 0, 9, 0, 0, 0, 3, 0, 0], [0, 0, 0, 1, 0, 0, 8, 0, 0], [0, 0, 0, 7, 0, 0, 0, 0, 0], [5, 0, 0, 0, 3, 0, 2, 0, 0], [0, 0, 0, 0, 6, 0, 0, 4, 0], [0, 1, 0, 0, 0, 0, 0, 0, 0]]
2023-04-29 23:24:16,412 - INFO - Final puzzle solved:
2023-04-29 23:24:16,412 - INFO - [[7, 6, 2, 3, 8, 9, 4, 1, 5], [3, 9, 5, 4, 1, 2, 6, 7, 8], [4, 8, 1, 6, 7, 5, 9, 3, 2], [6, 7, 9, 8, 5, 4, 3, 2, 1], [2, 5, 4, 1, 9, 3, 8, 6, 7], [1, 3, 8, 7, 2, 6, 5, 9, 4], [5, 4, 7, 9, 3, 1, 2, 8, 6], [8, 2, 3, 5, 6, 7, 1, 4, 9], [9, 1, 6, 2, 4, 8, 7, 5, 3]]
2023-04-29 23:24:16,412 - INFO - Number of tries: 3503266
2023-04-29 23:24:16,413 - INFO - Total Execution Time (s): 63.238824208999176
2023-04-29 23:24:16,413 - INFO - 
2023-04-29 23:24:16,413 - INFO - 
2023-04-29 23:24:16,413 - INFO - BACKTRACKING ALGORITHM
2023-04-29 23:24:16,413 - INFO - BacktrackingSudokuOptimized Version
2023-04-29 23:24:16,413 - INFO - size: 9
2023-04-29 23:24:16,413 - INFO - Initial puzzle: 
[[0, 0, 0, 0, 0, 0, 0, 1, 5], [0, 0, 0, 8, 0, 0, 0, 7, 0], [3, 0, 0, 0, 0, 0, 0, 0, 0], [4, 0, 8, 0, 0, 0, 3, 0, 0], [0, 0, 0, 1, 0, 0, 4, 0, 0], [0, 0, 0, 7, 0, 0, 0, 0, 0], [5, 0, 0, 0, 4, 0, 2, 0, 0], [0, 0, 0, 0, 9, 0, 0, 6, 0], [0, 1, 0, 0, 0, 0, 0, 0, 0]]
2023-04-29 23:25:02,321 - INFO - Final puzzle solved:
2023-04-29 23:25:02,321 - INFO - [[7, 8, 2, 4, 6, 3, 9, 1, 5], [9, 4, 5, 8, 1, 2, 6, 7, 3], [3, 6, 1, 9, 7, 5, 8, 4, 2], [4, 7, 8, 2, 5, 6, 3, 9, 1], [2, 5, 6, 1, 3, 9, 4, 8, 7], [1, 3, 9, 7, 8, 4, 5, 2, 6], [5, 9, 7, 6, 4, 1, 2, 3, 8], [8, 2, 3, 5, 9, 7, 1, 6, 4], [6, 1, 4, 3, 2, 8, 7, 5, 9]]
2023-04-29 23:25:02,321 - INFO - Number of tries: 2027269
2023-04-29 23:25:02,321 - INFO - Total Execution Time (s): 45.88868393199937
2023-04-29 23:25:02,321 - INFO - 
2023-04-29 23:25:02,321 - INFO - 
2023-04-29 23:25:02,321 - INFO - BACKTRACKING ALGORITHM
2023-04-29 23:25:02,321 - INFO - BacktrackingSudokuOptimized Version
2023-04-29 23:25:02,322 - INFO - size: 9
2023-04-29 23:25:02,322 - INFO - Initial puzzle: 
[[0, 0, 0, 0, 0, 0, 0, 1, 5], [0, 0, 0, 8, 0, 0, 0, 7, 0], [4, 0, 0, 0, 0, 0, 0, 0, 0], [6, 0, 9, 0, 0, 0, 3, 0, 0], [0, 0, 0, 1, 0, 0, 8, 0, 0], [0, 0, 0, 7, 0, 0, 0, 0, 0], [5, 0, 0, 0, 3, 0, 2, 0, 0], [0, 0, 0, 0, 6, 0, 0, 4, 0], [0, 1, 0, 0, 0, 0, 0, 0, 0]]
2023-04-29 23:25:24,774 - INFO - Final puzzle solved:
2023-04-29 23:25:24,774 - INFO - [[7, 9, 8, 3, 4, 2, 6, 1, 5], [3, 6, 5, 8, 1, 9, 4, 7, 2], [4, 2, 1, 6, 7, 5, 9, 3, 8], [6, 7, 9, 4, 5, 8, 3, 2, 1], [2, 5, 4, 1, 9, 3, 8, 6, 7], [1, 8, 3, 7, 2, 6, 5, 9, 4], [5, 4, 7, 9, 3, 1, 2, 8, 6], [8, 3, 2, 5, 6, 7, 1, 4, 9], [9, 1, 6, 2, 8, 4, 7, 5, 3]]
2023-04-29 23:25:24,774 - INFO - Number of tries: 1321787
2023-04-29 23:25:24,774 - INFO - Total Execution Time (s): 22.452127267999458
2023-04-29 23:25:24,774 - INFO - 
2023-04-29 23:25:24,774 - INFO - 
2023-04-29 23:25:24,774 - INFO - BACKTRACKING ALGORITHM
2023-04-29 23:25:24,774 - INFO - BacktrackingSudokuOptimized Version
2023-04-29 23:25:24,774 - INFO - size: 9
2023-04-29 23:25:24,774 - INFO - Initial puzzle: 
[[0, 0, 0, 0, 0, 0, 0, 1, 5], [0, 0, 0, 8, 3, 0, 0, 0, 0], [0, 0, 0, 0, 0, 0, 2, 0, 0], [0, 2, 3, 0, 0, 0, 8, 0, 0], [0, 0, 0, 0, 0, 1, 0, 0, 0], [0, 8, 0, 0, 0, 0, 0, 0, 0], [1, 0, 5, 0, 4, 0, 0, 0, 0], [0, 0, 0, 6, 0, 0, 7, 2, 0], [9, 0, 0, 0, 0, 0, 0, 0, 0]]
2023-04-29 23:26:21,830 - INFO - Final puzzle solved:
2023-04-29 23:26:21,830 - INFO - [[2, 4, 8, 9, 6, 7, 3, 1, 5], [5, 1, 6, 8, 3, 2, 9, 4, 7], [3, 9, 7, 1, 5, 4, 2, 6, 8], [4, 2, 3, 5, 9, 6, 8, 7, 1], [6, 5, 9, 7, 8, 1, 4, 3, 2], [7, 8, 1, 4, 2, 3, 5, 9, 6], [1, 7, 5, 2, 4, 9, 6, 8, 3], [8, 3, 4, 6, 1, 5, 7, 2, 9], [9, 6, 2, 3, 7, 8, 1, 5, 4]]
2023-04-29 23:26:21,830 - INFO - Number of tries: 3501561
2023-04-29 23:26:21,830 - INFO - Total Execution Time (s): 57.05832693100001
2023-04-29 23:26:21,830 - INFO - 
2023-04-29 23:26:21,830 - INFO - 
2023-04-29 23:26:21,830 - INFO - BACKTRACKING ALGORITHM
2023-04-29 23:26:21,830 - INFO - BacktrackingSudokuOptimized Version
2023-04-29 23:26:21,830 - INFO - size: 9
2023-04-29 23:26:21,830 - INFO - Initial puzzle: 
[[0, 0, 0, 0, 0, 0, 0, 1, 5], [0, 0, 0, 8, 3, 0, 0, 0, 0], [0, 0, 0, 0, 0, 0, 2, 0, 0], [0, 2, 6, 0, 0, 0, 8, 0, 0], [0, 0, 0, 0, 0, 1, 0, 0, 0], [0, 8, 0, 0, 0, 0, 0, 0, 0], [1, 0, 5, 0, 4, 0, 0, 0, 0], [0, 0, 0, 3, 0, 0, 7, 2, 0], [9, 0, 0, 0, 0, 0, 0, 0, 0]]
2023-04-29 23:27:08,510 - INFO - Final puzzle solved:
2023-04-29 23:27:08,511 - INFO - [[2, 4, 8, 9, 6, 7, 3, 1, 5], [5, 1, 7, 8, 3, 2, 9, 4, 6], [6, 9, 3, 1, 5, 4, 2, 8, 7], [4, 2, 6, 5, 9, 3, 8, 7, 1], [3, 5, 9, 7, 8, 1, 4, 6, 2], [7, 8, 1, 4, 2, 6, 5, 9, 3], [1, 7, 5, 2, 4, 9, 6, 3, 8], [8, 6, 4, 3, 1, 5, 7, 2, 9], [9, 3, 2, 6, 7, 8, 1, 5, 4]]
2023-04-29 23:27:08,511 - INFO - Number of tries: 2789682
2023-04-29 23:27:08,511 - INFO - Total Execution Time (s): 46.68021420599962
2023-04-29 23:27:08,511 - INFO - 
2023-04-29 23:27:08,511 - INFO - 
2023-04-29 23:27:08,511 - INFO - BACKTRACKING ALGORITHM
2023-04-29 23:27:08,511 - INFO - BacktrackingSudokuOptimized Version
2023-04-29 23:27:08,511 - INFO - size: 9
2023-04-29 23:27:08,511 - INFO - Initial puzzle: 
[[0, 0, 0, 0, 0, 0, 0, 1, 5], [0, 0, 0, 9, 0, 0, 0, 7, 0], [4, 0, 0, 0, 0, 0, 0, 0, 0], [6, 0, 8, 0, 0, 0, 3, 0, 0], [0, 0, 0, 1, 0, 0, 8, 0, 0], [0, 0, 0, 7, 0, 0, 0, 0, 0], [5, 0, 0, 0, 3, 0, 2, 0, 0], [0, 0, 0, 0, 6, 0, 0, 4, 0], [0, 1, 0, 0, 0, 0, 0, 0, 0]]
2023-04-29 23:28:32,796 - INFO - Final puzzle solved:
2023-04-29 23:28:32,796 - INFO - [[7, 2, 9, 3, 4, 8, 6, 1, 5], [8, 3, 6, 9, 1, 5, 4, 7, 2], [4, 5, 1, 6, 7, 2, 9, 3, 8], [6, 7, 8, 2, 5, 4, 3, 9, 1], [2, 4, 5, 1, 9, 3, 8, 6, 7], [1, 9, 3, 7, 8, 6, 5, 2, 4], [5, 6, 7, 4, 3, 1, 2, 8, 9], [9, 8, 2, 5, 6, 7, 1, 4, 3], [3, 1, 4, 8, 2, 9, 7, 5, 6]]
2023-04-29 23:28:32,796 - INFO - Number of tries: 4590456
2023-04-29 23:28:32,796 - INFO - Total Execution Time (s): 84.28292484400026
2023-04-29 23:28:32,796 - INFO - 
2023-04-29 23:28:32,796 - INFO - 
2023-04-29 23:28:32,796 - INFO - BACKTRACKING ALGORITHM
2023-04-29 23:28:32,796 - INFO - BacktrackingSudokuOptimized Version
2023-04-29 23:28:32,796 - INFO - size: 9
2023-04-29 23:28:32,796 - INFO - Initial puzzle: 
[[0, 0, 0, 0, 0, 0, 0, 1, 5], [0, 0, 0, 9, 0, 0, 0, 7, 0], [4, 0, 0, 0, 0, 0, 0, 0, 0], [6, 0, 9, 0, 0, 0, 3, 0, 0], [0, 0, 0, 1, 0, 0, 8, 0, 0], [0, 0, 0, 7, 0, 0, 0, 0, 0], [5, 0, 0, 0, 3, 0, 2, 0, 0], [0, 0, 0, 0, 6, 0, 0, 4, 0], [0, 1, 0, 0, 0, 0, 0, 0, 0]]
2023-04-29 23:29:05,126 - INFO - Final puzzle solved:
2023-04-29 23:29:05,126 - INFO - [[7, 9, 2, 3, 4, 8, 6, 1, 5], [8, 3, 6, 9, 1, 5, 4, 7, 2], [4, 5, 1, 6, 7, 2, 9, 3, 8], [6, 7, 9, 8, 5, 4, 3, 2, 1], [2, 4, 5, 1, 9, 3, 8, 6, 7], [1, 8, 3, 7, 2, 6, 5, 9, 4], [5, 6, 7, 4, 3, 1, 2, 8, 9], [9, 2, 8, 5, 6, 7, 1, 4, 3], [3, 1, 4, 2, 8, 9, 7, 5, 6]]
2023-04-29 23:29:05,126 - INFO - Number of tries: 1800105
2023-04-29 23:29:05,126 - INFO - Total Execution Time (s): 32.33053007299986
2023-04-29 23:29:05,126 - INFO - 
2023-04-29 23:29:05,126 - INFO - 
2023-04-29 23:29:05,126 - INFO - BACKTRACKING ALGORITHM
2023-04-29 23:29:05,126 - INFO - BacktrackingSudokuOptimized Version
2023-04-29 23:29:05,126 - INFO - size: 9
2023-04-29 23:29:05,126 - INFO - Initial puzzle: 
[[0, 0, 0, 0, 0, 0, 0, 1, 5], [0, 0, 0, 9, 0, 0, 0, 8, 0], [3, 0, 0, 0, 0, 0, 0, 0, 0], [7, 0, 4, 0, 0, 0, 3, 0, 0], [0, 0, 0, 1, 0, 0, 4, 0, 0], [0, 0, 0, 8, 0, 0, 0, 0, 0], [5, 0, 0, 0, 4, 0, 2, 0, 0], [0, 0, 0, 0, 7, 0, 0, 6, 0], [0, 1, 0, 0, 0, 0, 0, 0, 0]]
2023-04-29 23:30:07,951 - INFO - Final puzzle solved:
2023-04-29 23:30:07,951 - INFO - [[8, 2, 9, 4, 6, 3, 7, 1, 5], [4, 7, 5, 9, 1, 2, 6, 8, 3], [3, 6, 1, 7, 8, 5, 9, 4, 2], [7, 8, 4, 2, 5, 6, 3, 9, 1], [9, 5, 6, 1, 3, 7, 4, 2, 8], [1, 3, 2, 8, 9, 4, 5, 7, 6], [5, 9, 8, 6, 4, 1, 2, 3, 7], [2, 4, 3, 5, 7, 8, 1, 6, 9], [6, 1, 7, 3, 2, 9, 8, 5, 4]]
2023-04-29 23:30:07,952 - INFO - Number of tries: 3459928
2023-04-29 23:30:07,952 - INFO - Total Execution Time (s): 62.826053867000155
2023-04-29 23:30:07,952 - INFO - 
2023-04-29 23:30:07,952 - INFO - 
2023-04-29 23:30:07,952 - INFO - BACKTRACKING ALGORITHM
2023-04-29 23:30:07,952 - INFO - BacktrackingSudokuOptimized Version
2023-04-29 23:30:07,952 - INFO - size: 9
2023-04-29 23:30:07,952 - INFO - Initial puzzle: 
[[0, 0, 0, 0, 0, 0, 0, 1, 5], [0, 0, 0, 9, 0, 0, 0, 8, 0], [4, 0, 0, 0, 0, 0, 0, 0, 0], [7, 0, 4, 0, 0, 0, 3, 0, 0], [0, 0, 0, 1, 0, 0, 9, 0, 0], [0, 0, 0, 8, 0, 0, 0, 0, 0], [5, 0, 0, 0, 3, 0, 2, 0, 0], [0, 0, 0, 0, 7, 0, 0, 6, 0], [0, 1, 0, 0, 0, 0, 0, 0, 0]]
2023-04-29 23:31:14,924 - INFO - Final puzzle solved:
2023-04-29 23:31:14,924 - INFO - [[8, 7, 9, 3, 6, 2, 4, 1, 5], [6, 3, 5, 9, 1, 4, 7, 8, 2], [4, 2, 1, 7, 8, 5, 6, 3, 9], [7, 8, 4, 6, 5, 9, 3, 2, 1], [2, 5, 6, 1, 4, 3, 9, 7, 8], [1, 9, 3, 8, 2, 7, 5, 4, 6], [5, 6, 8, 4, 3, 1, 2, 9, 7], [9, 4, 2, 5, 7, 8, 1, 6, 3], [3, 1, 7, 2, 9, 6, 8, 5, 4]]
2023-04-29 23:31:14,924 - INFO - Number of tries: 3210680
2023-04-29 23:31:14,924 - INFO - Total Execution Time (s): 66.95832265800072
2023-04-29 23:31:14,924 - INFO - 
2023-04-29 23:31:14,924 - INFO - 
2023-04-29 23:31:14,924 - INFO - BACKTRACKING ALGORITHM
2023-04-29 23:31:14,924 - INFO - BacktrackingSudokuOptimized Version
2023-04-29 23:31:14,924 - INFO - size: 9
2023-04-29 23:31:14,924 - INFO - Initial puzzle: 
[[0, 0, 0, 0, 0, 0, 0, 1, 5], [0, 2, 0, 0, 6, 0, 0, 0, 0], [0, 0, 0, 0, 0, 0, 4, 0, 8], [0, 0, 3, 0, 0, 0, 9, 0, 0], [0, 0, 0, 1, 0, 0, 0, 0, 0], [0, 0, 0, 0, 0, 8, 0, 0, 0], [1, 5, 0, 4, 0, 0, 0, 0, 0], [0, 0, 0, 0, 7, 0, 3, 0, 0], [8, 0, 0, 0, 0, 0, 0, 6, 0]]
2023-04-29 23:31:55,994 - INFO - Final puzzle solved:
2023-04-29 23:31:55,994 - INFO - [[3, 7, 9, 2, 8, 4, 6, 1, 5], [4, 2, 8, 5, 6, 1, 7, 3, 9], [5, 6, 1, 7, 9, 3, 4, 2, 8], [2, 1, 3, 6, 5, 7, 9, 8, 4], [7, 8, 6, 1, 4, 9, 2, 5, 3], [9, 4, 5, 3, 2, 8, 1, 7, 6], [1, 5, 7, 4, 3, 6, 8, 9, 2], [6, 9, 2, 8, 7, 5, 3, 4, 1], [8, 3, 4, 9, 1, 2, 5, 6, 7]]
2023-04-29 23:31:55,995 - INFO - Number of tries: 1921602
2023-04-29 23:31:55,995 - INFO - Total Execution Time (s): 41.07070115500028
2023-04-29 23:31:55,995 - INFO - 
2023-04-29 23:31:55,995 - INFO - 
2023-04-29 23:31:55,995 - INFO - BACKTRACKING ALGORITHM
2023-04-29 23:31:55,995 - INFO - BacktrackingSudokuOptimized Version
2023-04-29 23:31:55,995 - INFO - size: 9
2023-04-29 23:31:55,995 - INFO - Initial puzzle: 
[[0, 0, 0, 0, 0, 0, 0, 1, 5], [0, 4, 0, 0, 8, 0, 0, 0, 0], [0, 0, 0, 0, 0, 0, 3, 0, 0], [0, 0, 0, 0, 4, 0, 2, 6, 0], [5, 0, 0, 1, 0, 7, 0, 0, 0], [9, 0, 0, 0, 0, 0, 0, 0, 0], [3, 0, 0, 5, 0, 0, 0, 0, 0], [0, 8, 0, 0, 0, 0, 4, 0, 0], [0, 0, 0, 9, 0, 0, 0, 0, 0]]
2023-04-29 23:32:08,391 - INFO - Final puzzle solved:
2023-04-29 23:32:08,391 - INFO - [[8, 2, 3, 4, 7, 9, 6, 1, 5], [1, 4, 5, 6, 8, 3, 7, 9, 2], [6, 9, 7, 2, 5, 1, 3, 4, 8], [7, 1, 8, 3, 4, 5, 2, 6, 9], [5, 6, 2, 1, 9, 7, 8, 3, 4], [9, 3, 4, 8, 6, 2, 5, 7, 1], [3, 7, 1, 5, 2, 4, 9, 8, 6], [2, 8, 9, 7, 1, 6, 4, 5, 3], [4, 5, 6, 9, 3, 8, 1, 2, 7]]
2023-04-29 23:32:08,391 - INFO - Number of tries: 584173
2023-04-29 23:32:08,391 - INFO - Total Execution Time (s): 12.396034659000179
2023-04-29 23:32:08,391 - INFO - 
2023-04-29 23:32:08,391 - INFO - 
2023-04-29 23:32:08,392 - INFO - BACKTRACKING ALGORITHM
2023-04-29 23:32:08,392 - INFO - BacktrackingSudokuOptimized Version
2023-04-29 23:32:08,392 - INFO - size: 9
2023-04-29 23:32:08,392 - INFO - Initial puzzle: 
[[0, 0, 0, 0, 0, 0, 0, 1, 5], [3, 0, 0, 6, 0, 0, 0, 0, 0], [0, 0, 0, 0, 0, 0, 0, 8, 0], [6, 0, 0, 0, 5, 0, 2, 0, 0], [0, 0, 0, 0, 0, 1, 0, 0, 0], [0, 0, 0, 0, 0, 0, 0, 4, 0], [0, 1, 0, 2, 0, 0, 7, 0, 0], [0, 0, 0, 7, 6, 0, 3, 0, 0], [0, 0, 8, 0, 0, 0, 0, 0, 0]]
2023-04-29 23:36:20,665 - INFO - Final puzzle solved:
2023-04-29 23:36:20,665 - INFO - [[4, 7, 2, 9, 8, 3, 6, 1, 5], [3, 8, 5, 6, 1, 4, 9, 7, 2], [1, 9, 6, 5, 7, 2, 4, 8, 3], [6, 4, 1, 8, 5, 7, 2, 3, 9], [2, 3, 7, 4, 9, 1, 8, 5, 6], [8, 5, 9, 3, 2, 6, 1, 4, 7], [9, 1, 3, 2, 4, 5, 7, 6, 8], [5, 2, 4, 7, 6, 8, 3, 9, 1], [7, 6, 8, 1, 3, 9, 5, 2, 4]]
2023-04-29 23:36:20,665 - INFO - Number of tries: 11887321
2023-04-29 23:36:20,665 - INFO - Total Execution Time (s): 252.21847778700067
2023-04-29 23:36:20,666 - INFO - 
2023-04-29 23:36:20,666 - INFO - 
2023-04-29 23:36:20,666 - INFO - BACKTRACKING ALGORITHM
2023-04-29 23:36:20,666 - INFO - BacktrackingSudokuOptimized Version
2023-04-29 23:36:20,666 - INFO - size: 9
2023-04-29 23:36:20,666 - INFO - Initial puzzle: 
[[0, 0, 0, 0, 0, 0, 0, 1, 5], [7, 9, 0, 0, 0, 0, 0, 0, 0], [0, 0, 0, 2, 0, 0, 0, 0, 0], [0, 0, 0, 0, 0, 8, 7, 0, 6], [0, 0, 1, 0, 0, 0, 0, 0, 0], [0, 0, 0, 0, 0, 0, 9, 0, 0], [0, 7, 0, 0, 0, 0, 8, 3, 0], [4, 0, 0, 1, 5, 0, 0, 0, 0], [0, 0, 0, 3, 0, 0, 0, 0, 0]]
2023-04-29 23:44:26,063 - INFO - Final puzzle solved:
2023-04-29 23:44:26,063 - INFO - [[6, 3, 4, 8, 7, 9, 2, 1, 5], [7, 9, 2, 5, 4, 1, 3, 6, 8], [5, 1, 8, 2, 6, 3, 4, 7, 9], [3, 5, 9, 4, 1, 8, 7, 2, 6], [8, 6, 1, 7, 9, 2, 5, 4, 3], [2, 4, 7, 6, 3, 5, 9, 8, 1], [1, 7, 5, 9, 2, 6, 8, 3, 4], [4, 8, 3, 1, 5, 7, 6, 9, 2], [9, 2, 6, 3, 8, 4, 1, 5, 7]]
2023-04-29 23:44:26,063 - INFO - Number of tries: 23040806
2023-04-29 23:44:26,063 - INFO - Total Execution Time (s): 485.30963994600006
2023-04-29 23:44:26,063 - INFO - 
2023-04-29 23:44:26,063 - INFO - 
2023-04-29 23:44:26,063 - INFO - BACKTRACKING ALGORITHM
2023-04-29 23:44:26,063 - INFO - BacktrackingSudokuOptimized Version
2023-04-29 23:44:26,063 - INFO - size: 9
2023-04-29 23:44:26,063 - INFO - Initial puzzle: 
[[0, 0, 0, 0, 0, 0, 0, 1, 6], [0, 0, 0, 5, 0, 0, 0, 4, 0], [3, 0, 0, 0, 7, 0, 0, 0, 0], [9, 0, 0, 0, 0, 0, 2, 0, 0], [0, 0, 0, 4, 0, 8, 0, 0, 0], [7, 0, 0, 6, 0, 0, 0, 0, 0], [0, 0, 0, 0, 2, 3, 7, 0, 0], [0, 4, 0, 0, 0, 0, 0, 0, 0], [0, 1, 0, 0, 0, 0, 0, 0, 0]]
2023-04-29 23:44:35,758 - INFO - Final puzzle solved:
2023-04-29 23:44:35,758 - INFO - [[4, 7, 5, 2, 3, 9, 8, 1, 6], [8, 9, 2, 5, 6, 1, 3, 4, 7], [3, 6, 1, 8, 7, 4, 9, 2, 5], [9, 5, 4, 3, 1, 7, 2, 6, 8], [1, 2, 6, 4, 9, 8, 5, 7, 3], [7, 3, 8, 6, 5, 2, 4, 9, 1], [6, 8, 9, 1, 2, 3, 7, 5, 4], [5, 4, 7, 9, 8, 6, 1, 3, 2], [2, 1, 3, 7, 4, 5, 6, 8, 9]]
2023-04-29 23:44:35,758 - INFO - Number of tries: 467842
2023-04-29 23:44:35,759 - INFO - Total Execution Time (s): 9.694795563999833
2023-04-29 23:44:35,759 - INFO - 
2023-04-29 23:44:35,759 - INFO - 
2023-04-29 23:44:35,759 - INFO - BACKTRACKING ALGORITHM
2023-04-29 23:44:35,759 - INFO - BacktrackingSudokuOptimized Version
2023-04-29 23:44:35,759 - INFO - size: 9
2023-04-29 23:44:35,759 - INFO - Initial puzzle: 
[[0, 0, 0, 0, 0, 0, 0, 1, 6], [0, 0, 0, 7, 0, 8, 0, 0, 0], [0, 0, 0, 0, 0, 0, 0, 5, 0], [5, 0, 1, 2, 0, 0, 0, 0, 0], [3, 0, 0, 0, 0, 0, 8, 0, 0], [6, 0, 0, 0, 0, 0, 0, 0, 0], [0, 4, 0, 0, 0, 0, 2, 0, 0], [0, 0, 0, 0, 5, 3, 0, 0, 0], [0, 8, 0, 0, 1, 0, 0, 0, 0]]
2023-04-29 23:45:17,228 - INFO - Final puzzle solved:
2023-04-29 23:45:17,228 - INFO - [[8, 3, 7, 5, 2, 4, 9, 1, 6], [1, 5, 9, 7, 6, 8, 3, 2, 4], [4, 6, 2, 1, 3, 9, 7, 5, 8], [5, 9, 1, 2, 8, 7, 6, 4, 3], [3, 2, 4, 6, 9, 1, 8, 7, 5], [6, 7, 8, 3, 4, 5, 1, 9, 2], [9, 4, 5, 8, 7, 6, 2, 3, 1], [2, 1, 6, 9, 5, 3, 4, 8, 7], [7, 8, 3, 4, 1, 2, 5, 6, 9]]
2023-04-29 23:45:17,228 - INFO - Number of tries: 2068766
2023-04-29 23:45:17,228 - INFO - Total Execution Time (s): 41.46752242999992
2023-04-29 23:45:17,228 - INFO - 
2023-04-29 23:45:17,228 - INFO - 
2023-04-29 23:45:17,228 - INFO - Final
2023-04-29 23:45:17,228 - INFO - {0: {'puzzle': [[7, 9, 3, 6, 8, 4, 5, 1, 2], [4, 8, 6, 5, 1, 2, 9, 3, 7], [1, 2, 5, 9, 7, 3, 8, 4, 6], [9, 3, 2, 7, 5, 1, 6, 8, 4], [5, 7, 8, 2, 4, 6, 3, 9, 1], [6, 4, 1, 3, 9, 8, 7, 2, 5], [3, 1, 9, 4, 6, 5, 2, 7, 8], [8, 5, 7, 1, 2, 9, 4, 6, 3], [2, 6, 4, 8, 3, 7, 1, 5, 9]], 'solution': [[7, 9, 3, 6, 8, 4, 5, 1, 2], [4, 8, 6, 5, 1, 2, 9, 3, 7], [1, 2, 5, 9, 7, 3, 8, 4, 6], [9, 3, 2, 7, 5, 1, 6, 8, 4], [5, 7, 8, 2, 4, 6, 3, 9, 1], [6, 4, 1, 3, 9, 8, 7, 2, 5], [3, 1, 9, 4, 6, 5, 2, 7, 8], [8, 5, 7, 1, 2, 9, 4, 6, 3], [2, 6, 4, 8, 3, 7, 1, 5, 9]], 'numberoftries': 43440318, 'numof_is_valid_checks': 209346407}, 1: {'puzzle': [[6, 7, 3, 8, 9, 4, 5, 1, 2], [9, 1, 2, 7, 3, 5, 4, 8, 6], [8, 4, 5, 6, 1, 2, 9, 7, 3], [7, 9, 8, 2, 6, 1, 3, 5, 4], [5, 2, 6, 4, 7, 3, 8, 9, 1], [1, 3, 4, 5, 8, 9, 2, 6, 7], [4, 6, 9, 1, 2, 8, 7, 3, 5], [2, 8, 7, 3, 5, 6, 1, 4, 9], [3, 5, 1, 9, 4, 7, 6, 2, 8]], 'solution': [[6, 7, 3, 8, 9, 4, 5, 1, 2], [9, 1, 2, 7, 3, 5, 4, 8, 6], [8, 4, 5, 6, 1, 2, 9, 7, 3], [7, 9, 8, 2, 6, 1, 3, 5, 4], [5, 2, 6, 4, 7, 3, 8, 9, 1], [1, 3, 4, 5, 8, 9, 2, 6, 7], [4, 6, 9, 1, 2, 8, 7, 3, 5], [2, 8, 7, 3, 5, 6, 1, 4, 9], [3, 5, 1, 9, 4, 7, 6, 2, 8]], 'numberoftries': 6977215, 'numof_is_valid_checks': 27439502}, 2: {'puzzle': [[6, 7, 9, 8, 3, 5, 4, 1, 2], [1, 2, 3, 6, 9, 4, 7, 5, 8], [5, 4, 8, 2, 1, 7, 9, 3, 6], [4, 1, 6, 7, 2, 3, 8, 9, 5], [8, 9, 2, 5, 6, 1, 3, 7, 4], [7, 3, 5, 4, 8, 9, 6, 2, 1], [2, 8, 7, 9, 5, 6, 1, 4, 3], [9, 6, 1, 3, 4, 2, 5, 8, 7], [3, 5, 4, 1, 7, 8, 2, 6, 9]], 'solution': [[6, 7, 9, 8, 3, 5, 4, 1, 2], [1, 2, 3, 6, 9, 4, 7, 5, 8], [5, 4, 8, 2, 1, 7, 9, 3, 6], [4, 1, 6, 7, 2, 3, 8, 9, 5], [8, 9, 2, 5, 6, 1, 3, 7, 4], [7, 3, 5, 4, 8, 9, 6, 2, 1], [2, 8, 7, 9, 5, 6, 1, 4, 3], [9, 6, 1, 3, 4, 2, 5, 8, 7], [3, 5, 4, 1, 7, 8, 2, 6, 9]], 'numberoftries': 306269, 'numof_is_valid_checks': 1526519}, 3: {'puzzle': [[3, 4, 6, 7, 9, 5, 8, 1, 2], [2, 5, 8, 4, 3, 1, 6, 9, 7], [9, 7, 1, 8, 6, 2, 5, 4, 3], [1, 2, 9, 5, 7, 6, 4, 3, 8], [8, 3, 5, 2, 1, 4, 7, 6, 9], [7, 6, 4, 3, 8, 9, 2, 5, 1], [5, 1, 7, 9, 4, 8, 3, 2, 6], [4, 9, 3, 6, 2, 7, 1, 8, 5], [6, 8, 2, 1, 5, 3, 9, 7, 4]], 'solution': [[3, 4, 6, 7, 9, 5, 8, 1, 2], [2, 5, 8, 4, 3, 1, 6, 9, 7], [9, 7, 1, 8, 6, 2, 5, 4, 3], [1, 2, 9, 5, 7, 6, 4, 3, 8], [8, 3, 5, 2, 1, 4, 7, 6, 9], [7, 6, 4, 3, 8, 9, 2, 5, 1], [5, 1, 7, 9, 4, 8, 3, 2, 6], [4, 9, 3, 6, 2, 7, 1, 8, 5], [6, 8, 2, 1, 5, 3, 9, 7, 4]], 'numberoftries': 333814, 'numof_is_valid_checks': 1543290}, 4: {'puzzle': [[5, 9, 8, 4, 6, 3, 7, 1, 2], [7, 4, 2, 8, 5, 1, 6, 3, 9], [3, 1, 6, 7, 2, 9, 8, 4, 5], [1, 7, 5, 6, 3, 2, 4, 9, 8], [8, 6, 9, 1, 4, 5, 2, 7, 3], [4, 2, 3, 9, 7, 8, 1, 5, 6], [9, 3, 4, 2, 8, 7, 5, 6, 1], [6, 8, 1, 5, 9, 4, 3, 2, 7], [2, 5, 7, 3, 1, 6, 9, 8, 4]], 'solution': [[5, 9, 8, 4, 6, 3, 7, 1, 2], [7, 4, 2, 8, 5, 1, 6, 3, 9], [3, 1, 6, 7, 2, 9, 8, 4, 5], [1, 7, 5, 6, 3, 2, 4, 9, 8], [8, 6, 9, 1, 4, 5, 2, 7, 3], [4, 2, 3, 9, 7, 8, 1, 5, 6], [9, 3, 4, 2, 8, 7, 5, 6, 1], [6, 8, 1, 5, 9, 4, 3, 2, 7], [2, 5, 7, 3, 1, 6, 9, 8, 4]], 'numberoftries': 11794455, 'numof_is_valid_checks': 43433078}, 5: {'puzzle': [[3, 6, 4, 9, 7, 8, 5, 1, 2], [1, 5, 2, 4, 3, 6, 9, 7, 8], [8, 7, 9, 1, 2, 5, 6, 3, 4], [7, 3, 8, 6, 5, 1, 4, 2, 9], [6, 9, 1, 2, 4, 7, 3, 8, 5], [2, 4, 5, 3, 8, 9, 1, 6, 7], [9, 2, 3, 7, 6, 4, 8, 5, 1], [4, 8, 6, 5, 1, 2, 7, 9, 3], [5, 1, 7, 8, 9, 3, 2, 4, 6]], 'solution': [[3, 6, 4, 9, 7, 8, 5, 1, 2], [1, 5, 2, 4, 3, 6, 9, 7, 8], [8, 7, 9, 1, 2, 5, 6, 3, 4], [7, 3, 8, 6, 5, 1, 4, 2, 9], [6, 9, 1, 2, 4, 7, 3, 8, 5], [2, 4, 5, 3, 8, 9, 1, 6, 7], [9, 2, 3, 7, 6, 4, 8, 5, 1], [4, 8, 6, 5, 1, 2, 7, 9, 3], [5, 1, 7, 8, 9, 3, 2, 4, 6]], 'numberoftries': 3050374, 'numof_is_valid_checks': 13181009}, 6: {'puzzle': [[6, 4, 9, 8, 3, 5, 7, 1, 2], [3, 5, 8, 2, 1, 7, 9, 6, 4], [1, 7, 2, 6, 4, 9, 3, 8, 5], [9, 1, 6, 7, 8, 4, 5, 2, 3], [8, 3, 4, 5, 2, 1, 6, 7, 9], [7, 2, 5, 9, 6, 3, 1, 4, 8], [2, 8, 7, 3, 5, 6, 4, 9, 1], [5, 9, 1, 4, 7, 2, 8, 3, 6], [4, 6, 3, 1, 9, 8, 2, 5, 7]], 'solution': [[6, 4, 9, 8, 3, 5, 7, 1, 2], [3, 5, 8, 2, 1, 7, 9, 6, 4], [1, 7, 2, 6, 4, 9, 3, 8, 5], [9, 1, 6, 7, 8, 4, 5, 2, 3], [8, 3, 4, 5, 2, 1, 6, 7, 9], [7, 2, 5, 9, 6, 3, 1, 4, 8], [2, 8, 7, 3, 5, 6, 4, 9, 1], [5, 9, 1, 4, 7, 2, 8, 3, 6], [4, 6, 3, 1, 9, 8, 2, 5, 7]], 'numberoftries': 18712875, 'numof_is_valid_checks': 78840125}, 7: {'puzzle': [[3, 6, 7, 4, 8, 5, 9, 1, 2], [4, 2, 5, 3, 9, 1, 8, 6, 7], [1, 8, 9, 7, 2, 6, 3, 5, 4], [8, 7, 3, 2, 5, 4, 1, 9, 6], [6, 5, 1, 9, 7, 3, 4, 2, 8], [2, 9, 4, 1, 6, 8, 5, 7, 3], [7, 1, 8, 6, 4, 9, 2, 3, 5], [9, 4, 6, 5, 3, 2, 7, 8, 1], [5, 3, 2, 8, 1, 7, 6, 4, 9]], 'solution': [[3, 6, 7, 4, 8, 5, 9, 1, 2], [4, 2, 5, 3, 9, 1, 8, 6, 7], [1, 8, 9, 7, 2, 6, 3, 5, 4], [8, 7, 3, 2, 5, 4, 1, 9, 6], [6, 5, 1, 9, 7, 3, 4, 2, 8], [2, 9, 4, 1, 6, 8, 5, 7, 3], [7, 1, 8, 6, 4, 9, 2, 3, 5], [9, 4, 6, 5, 3, 2, 7, 8, 1], [5, 3, 2, 8, 1, 7, 6, 4, 9]], 'numberoftries': 1603562, 'numof_is_valid_checks': 7629298}, 8: {'puzzle': [[3, 7, 8, 6, 9, 4, 5, 1, 2], [5, 6, 4, 2, 1, 8, 3, 9, 7], [2, 9, 1, 7, 5, 3, 6, 8, 4], [6, 4, 3, 1, 2, 5, 9, 7, 8], [7, 1, 2, 8, 6, 9, 4, 5, 3], [8, 5, 9, 4, 3, 7, 2, 6, 1], [4, 3, 5, 9, 7, 1, 8, 2, 6], [1, 8, 6, 5, 4, 2, 7, 3, 9], [9, 2, 7, 3, 8, 6, 1, 4, 5]], 'solution': [[3, 7, 8, 6, 9, 4, 5, 1, 2], [5, 6, 4, 2, 1, 8, 3, 9, 7], [2, 9, 1, 7, 5, 3, 6, 8, 4], [6, 4, 3, 1, 2, 5, 9, 7, 8], [7, 1, 2, 8, 6, 9, 4, 5, 3], [8, 5, 9, 4, 3, 7, 2, 6, 1], [4, 3, 5, 9, 7, 1, 8, 2, 6], [1, 8, 6, 5, 4, 2, 7, 3, 9], [9, 2, 7, 3, 8, 6, 1, 4, 5]], 'numberoftries': 70612, 'numof_is_valid_checks': 342638}, 9: {'puzzle': [[3, 4, 6, 8, 9, 5, 7, 1, 2], [7, 2, 5, 3, 6, 1, 9, 8, 4], [1, 9, 8, 4, 2, 7, 3, 5, 6], [9, 8, 4, 2, 5, 6, 1, 7, 3], [6, 5, 1, 7, 8, 3, 4, 2, 9], [2, 7, 3, 1, 4, 9, 5, 6, 8], [8, 1, 9, 6, 7, 4, 2, 3, 5], [4, 6, 7, 5, 3, 2, 8, 9, 1], [5, 3, 2, 9, 1, 8, 6, 4, 7]], 'solution': [[3, 4, 6, 8, 9, 5, 7, 1, 2], [7, 2, 5, 3, 6, 1, 9, 8, 4], [1, 9, 8, 4, 2, 7, 3, 5, 6], [9, 8, 4, 2, 5, 6, 1, 7, 3], [6, 5, 1, 7, 8, 3, 4, 2, 9], [2, 7, 3, 1, 4, 9, 5, 6, 8], [8, 1, 9, 6, 7, 4, 2, 3, 5], [4, 6, 7, 5, 3, 2, 8, 9, 1], [5, 3, 2, 9, 1, 8, 6, 4, 7]], 'numberoftries': 344349, 'numof_is_valid_checks': 1687484}, 10: {'puzzle': [[3, 4, 9, 7, 5, 6, 8, 1, 2], [8, 2, 6, 1, 4, 3, 5, 7, 9], [1, 5, 7, 8, 2, 9, 3, 6, 4], [5, 9, 3, 2, 6, 4, 1, 8, 7], [7, 6, 1, 3, 9, 8, 4, 2, 5], [2, 8, 4, 5, 7, 1, 6, 9, 3], [9, 1, 5, 4, 8, 7, 2, 3, 6], [4, 7, 8, 6, 3, 2, 9, 5, 1], [6, 3, 2, 9, 1, 5, 7, 4, 8]], 'solution': [[3, 4, 9, 7, 5, 6, 8, 1, 2], [8, 2, 6, 1, 4, 3, 5, 7, 9], [1, 5, 7, 8, 2, 9, 3, 6, 4], [5, 9, 3, 2, 6, 4, 1, 8, 7], [7, 6, 1, 3, 9, 8, 4, 2, 5], [2, 8, 4, 5, 7, 1, 6, 9, 3], [9, 1, 5, 4, 8, 7, 2, 3, 6], [4, 7, 8, 6, 3, 2, 9, 5, 1], [6, 3, 2, 9, 1, 5, 7, 4, 8]], 'numberoftries': 1476083, 'numof_is_valid_checks': 7202936}, 11: {'puzzle': [[5, 4, 6, 9, 3, 8, 7, 1, 2], [9, 8, 7, 4, 2, 1, 5, 3, 6], [2, 1, 3, 6, 7, 5, 4, 9, 8], [1, 6, 5, 7, 9, 4, 2, 8, 3], [4, 3, 2, 1, 8, 6, 9, 7, 5], [7, 9, 8, 3, 5, 2, 6, 4, 1], [8, 7, 1, 2, 6, 9, 3, 5, 4], [6, 5, 9, 8, 4, 3, 1, 2, 7], [3, 2, 4, 5, 1, 7, 8, 6, 9]], 'solution': [[5, 4, 6, 9, 3, 8, 7, 1, 2], [9, 8, 7, 4, 2, 1, 5, 3, 6], [2, 1, 3, 6, 7, 5, 4, 9, 8], [1, 6, 5, 7, 9, 4, 2, 8, 3], [4, 3, 2, 1, 8, 6, 9, 7, 5], [7, 9, 8, 3, 5, 2, 6, 4, 1], [8, 7, 1, 2, 6, 9, 3, 5, 4], [6, 5, 9, 8, 4, 3, 1, 2, 7], [3, 2, 4, 5, 1, 7, 8, 6, 9]], 'numberoftries': 6719576, 'numof_is_valid_checks': 30901448}, 12: {'puzzle': [[8, 6, 9, 7, 2, 5, 4, 1, 3], [5, 1, 2, 9, 3, 4, 6, 8, 7], [3, 7, 4, 1, 6, 8, 5, 2, 9], [7, 9, 8, 2, 4, 6, 1, 3, 5], [2, 3, 1, 8, 5, 7, 9, 4, 6], [4, 5, 6, 3, 1, 9, 8, 7, 2], [6, 8, 3, 5, 7, 1, 2, 9, 4], [9, 2, 5, 4, 8, 3, 7, 6, 1], [1, 4, 7, 6, 9, 2, 3, 5, 8]], 'solution': [[8, 6, 9, 7, 2, 5, 4, 1, 3], [5, 1, 2, 9, 3, 4, 6, 8, 7], [3, 7, 4, 1, 6, 8, 5, 2, 9], [7, 9, 8, 2, 4, 6, 1, 3, 5], [2, 3, 1, 8, 5, 7, 9, 4, 6], [4, 5, 6, 3, 1, 9, 8, 7, 2], [6, 8, 3, 5, 7, 1, 2, 9, 4], [9, 2, 5, 4, 8, 3, 7, 6, 1], [1, 4, 7, 6, 9, 2, 3, 5, 8]], 'numberoftries': 26053599, 'numof_is_valid_checks': 122704381}, 13: {'puzzle': [[5, 6, 2, 8, 7, 4, 9, 1, 3], [8, 3, 9, 2, 1, 5, 6, 4, 7], [1, 7, 4, 6, 3, 9, 5, 8, 2], [3, 4, 5, 7, 6, 1, 2, 9, 8], [7, 2, 8, 9, 5, 3, 4, 6, 1], [9, 1, 6, 4, 8, 2, 3, 7, 5], [2, 8, 3, 1, 9, 6, 7, 5, 4], [6, 5, 1, 3, 4, 7, 8, 2, 9], [4, 9, 7, 5, 2, 8, 1, 3, 6]], 'solution': [[5, 6, 2, 8, 7, 4, 9, 1, 3], [8, 3, 9, 2, 1, 5, 6, 4, 7], [1, 7, 4, 6, 3, 9, 5, 8, 2], [3, 4, 5, 7, 6, 1, 2, 9, 8], [7, 2, 8, 9, 5, 3, 4, 6, 1], [9, 1, 6, 4, 8, 2, 3, 7, 5], [2, 8, 3, 1, 9, 6, 7, 5, 4], [6, 5, 1, 3, 4, 7, 8, 2, 9], [4, 9, 7, 5, 2, 8, 1, 3, 6]], 'numberoftries': 4320186, 'numof_is_valid_checks': 18852236}, 14: {'puzzle': [[5, 7, 2, 6, 4, 9, 8, 1, 3], [9, 8, 6, 5, 3, 1, 4, 7, 2], [3, 1, 4, 8, 7, 2, 5, 9, 6], [2, 3, 8, 4, 5, 7, 9, 6, 1], [1, 6, 7, 2, 9, 8, 3, 4, 5], [4, 5, 9, 1, 6, 3, 2, 8, 7], [8, 9, 3, 7, 2, 6, 1, 5, 4], [7, 4, 1, 3, 8, 5, 6, 2, 9], [6, 2, 5, 9, 1, 4, 7, 3, 8]], 'solution': [[5, 7, 2, 6, 4, 9, 8, 1, 3], [9, 8, 6, 5, 3, 1, 4, 7, 2], [3, 1, 4, 8, 7, 2, 5, 9, 6], [2, 3, 8, 4, 5, 7, 9, 6, 1], [1, 6, 7, 2, 9, 8, 3, 4, 5], [4, 5, 9, 1, 6, 3, 2, 8, 7], [8, 9, 3, 7, 2, 6, 1, 5, 4], [7, 4, 1, 3, 8, 5, 6, 2, 9], [6, 2, 5, 9, 1, 4, 7, 3, 8]], 'numberoftries': 1578880, 'numof_is_valid_checks': 6709474}, 15: {'puzzle': [[8, 6, 7, 9, 4, 2, 5, 1, 3], [2, 5, 4, 7, 3, 1, 9, 6, 8], [3, 1, 9, 5, 6, 8, 7, 2, 4], [5, 3, 2, 4, 9, 6, 8, 7, 1], [1, 9, 6, 8, 2, 7, 3, 4, 5], [4, 7, 8, 1, 5, 3, 2, 9, 6], [7, 4, 3, 6, 8, 9, 1, 5, 2], [6, 2, 1, 3, 7, 5, 4, 8, 9], [9, 8, 5, 2, 1, 4, 6, 3, 7]], 'solution': [[8, 6, 7, 9, 4, 2, 5, 1, 3], [2, 5, 4, 7, 3, 1, 9, 6, 8], [3, 1, 9, 5, 6, 8, 7, 2, 4], [5, 3, 2, 4, 9, 6, 8, 7, 1], [1, 9, 6, 8, 2, 7, 3, 4, 5], [4, 7, 8, 1, 5, 3, 2, 9, 6], [7, 4, 3, 6, 8, 9, 1, 5, 2], [6, 2, 1, 3, 7, 5, 4, 8, 9], [9, 8, 5, 2, 1, 4, 6, 3, 7]], 'numberoftries': 843119, 'numof_is_valid_checks': 3652706}, 16: {'puzzle': [[9, 6, 7, 2, 4, 8, 5, 1, 3], [2, 5, 4, 7, 3, 1, 8, 6, 9], [3, 1, 8, 5, 6, 9, 7, 2, 4], [8, 3, 5, 4, 2, 6, 9, 7, 1], [1, 2, 6, 9, 8, 7, 3, 4, 5], [4, 7, 9, 1, 5, 3, 2, 8, 6], [7, 4, 3, 6, 9, 2, 1, 5, 8], [6, 8, 1, 3, 7, 5, 4, 9, 2], [5, 9, 2, 8, 1, 4, 6, 3, 7]], 'solution': [[9, 6, 7, 2, 4, 8, 5, 1, 3], [2, 5, 4, 7, 3, 1, 8, 6, 9], [3, 1, 8, 5, 6, 9, 7, 2, 4], [8, 3, 5, 4, 2, 6, 9, 7, 1], [1, 2, 6, 9, 8, 7, 3, 4, 5], [4, 7, 9, 1, 5, 3, 2, 8, 6], [7, 4, 3, 6, 9, 2, 1, 5, 8], [6, 8, 1, 3, 7, 5, 4, 9, 2], [5, 9, 2, 8, 1, 4, 6, 3, 7]], 'numberoftries': 1874488, 'numof_is_valid_checks': 8030317}, 17: {'puzzle': [[2, 7, 8, 6, 4, 9, 5, 1, 3], [9, 5, 6, 8, 3, 1, 4, 7, 2], [3, 1, 4, 5, 7, 2, 8, 9, 6], [5, 3, 2, 4, 6, 7, 9, 8, 1], [1, 6, 7, 2, 9, 8, 3, 4, 5], [4, 8, 9, 1, 5, 3, 2, 6, 7], [8, 9, 3, 7, 2, 6, 1, 5, 4], [7, 4, 1, 3, 8, 5, 6, 2, 9], [6, 2, 5, 9, 1, 4, 7, 3, 8]], 'solution': [[2, 7, 8, 6, 4, 9, 5, 1, 3], [9, 5, 6, 8, 3, 1, 4, 7, 2], [3, 1, 4, 5, 7, 2, 8, 9, 6], [5, 3, 2, 4, 6, 7, 9, 8, 1], [1, 6, 7, 2, 9, 8, 3, 4, 5], [4, 8, 9, 1, 5, 3, 2, 6, 7], [8, 9, 3, 7, 2, 6, 1, 5, 4], [7, 4, 1, 3, 8, 5, 6, 2, 9], [6, 2, 5, 9, 1, 4, 7, 3, 8]], 'numberoftries': 426932, 'numof_is_valid_checks': 1829648}, 18: {'puzzle': [[5, 4, 9, 7, 2, 8, 6, 1, 3], [3, 2, 8, 5, 6, 1, 4, 9, 7], [7, 1, 6, 4, 9, 3, 8, 2, 5], [1, 8, 3, 6, 5, 4, 9, 7, 2], [9, 5, 7, 8, 3, 2, 1, 4, 6], [2, 6, 4, 1, 7, 9, 3, 5, 8], [8, 9, 2, 3, 4, 7, 5, 6, 1], [6, 7, 1, 9, 8, 5, 2, 3, 4], [4, 3, 5, 2, 1, 6, 7, 8, 9]], 'solution': [[5, 4, 9, 7, 2, 8, 6, 1, 3], [3, 2, 8, 5, 6, 1, 4, 9, 7], [7, 1, 6, 4, 9, 3, 8, 2, 5], [1, 8, 3, 6, 5, 4, 9, 7, 2], [9, 5, 7, 8, 3, 2, 1, 4, 6], [2, 6, 4, 1, 7, 9, 3, 5, 8], [8, 9, 2, 3, 4, 7, 5, 6, 1], [6, 7, 1, 9, 8, 5, 2, 3, 4], [4, 3, 5, 2, 1, 6, 7, 8, 9]], 'numberoftries': 5888133, 'numof_is_valid_checks': 27759069}, 19: {'puzzle': [[8, 6, 7, 4, 5, 9, 2, 1, 3], [9, 4, 5, 2, 3, 1, 6, 8, 7], [2, 1, 3, 7, 6, 8, 9, 5, 4], [6, 8, 9, 5, 1, 7, 4, 3, 2], [3, 2, 4, 8, 9, 6, 1, 7, 5], [5, 7, 1, 3, 2, 4, 8, 6, 9], [4, 3, 6, 1, 7, 2, 5, 9, 8], [1, 5, 8, 9, 4, 3, 7, 2, 6], [7, 9, 2, 6, 8, 5, 3, 4, 1]], 'solution': [[8, 6, 7, 4, 5, 9, 2, 1, 3], [9, 4, 5, 2, 3, 1, 6, 8, 7], [2, 1, 3, 7, 6, 8, 9, 5, 4], [6, 8, 9, 5, 1, 7, 4, 3, 2], [3, 2, 4, 8, 9, 6, 1, 7, 5], [5, 7, 1, 3, 2, 4, 8, 6, 9], [4, 3, 6, 1, 7, 2, 5, 9, 8], [1, 5, 8, 9, 4, 3, 7, 2, 6], [7, 9, 2, 6, 8, 5, 3, 4, 1]], 'numberoftries': 1012355, 'numof_is_valid_checks': 3909348}, 20: {'puzzle': [[8, 6, 7, 4, 5, 9, 2, 1, 3], [5, 4, 9, 2, 3, 1, 6, 8, 7], [2, 1, 3, 7, 6, 8, 9, 5, 4], [9, 8, 6, 5, 1, 7, 4, 3, 2], [3, 7, 5, 8, 2, 4, 1, 6, 9], [4, 2, 1, 3, 9, 6, 8, 7, 5], [6, 3, 4, 1, 7, 2, 5, 9, 8], [1, 5, 8, 9, 4, 3, 7, 2, 6], [7, 9, 2, 6, 8, 5, 3, 4, 1]], 'solution': [[8, 6, 7, 4, 5, 9, 2, 1, 3], [5, 4, 9, 2, 3, 1, 6, 8, 7], [2, 1, 3, 7, 6, 8, 9, 5, 4], [9, 8, 6, 5, 1, 7, 4, 3, 2], [3, 7, 5, 8, 2, 4, 1, 6, 9], [4, 2, 1, 3, 9, 6, 8, 7, 5], [6, 3, 4, 1, 7, 2, 5, 9, 8], [1, 5, 8, 9, 4, 3, 7, 2, 6], [7, 9, 2, 6, 8, 5, 3, 4, 1]], 'numberoftries': 1501376, 'numof_is_valid_checks': 5777130}, 21: {'puzzle': [[9, 7, 8, 6, 5, 4, 2, 1, 3], [5, 4, 6, 2, 3, 1, 7, 9, 8], [2, 1, 3, 8, 7, 9, 6, 5, 4], [6, 9, 7, 5, 1, 8, 4, 3, 2], [4, 8, 1, 3, 2, 6, 9, 7, 5], [3, 2, 5, 9, 4, 7, 1, 8, 6], [7, 3, 4, 1, 8, 2, 5, 6, 9], [1, 5, 9, 4, 6, 3, 8, 2, 7], [8, 6, 2, 7, 9, 5, 3, 4, 1]], 'solution': [[9, 7, 8, 6, 5, 4, 2, 1, 3], [5, 4, 6, 2, 3, 1, 7, 9, 8], [2, 1, 3, 8, 7, 9, 6, 5, 4], [6, 9, 7, 5, 1, 8, 4, 3, 2], [4, 8, 1, 3, 2, 6, 9, 7, 5], [3, 2, 5, 9, 4, 7, 1, 8, 6], [7, 3, 4, 1, 8, 2, 5, 6, 9], [1, 5, 9, 4, 6, 3, 8, 2, 7], [8, 6, 2, 7, 9, 5, 3, 4, 1]], 'numberoftries': 1917599, 'numof_is_valid_checks': 7212883}, 22: {'puzzle': [[9, 7, 8, 6, 5, 4, 2, 1, 3], [6, 4, 5, 2, 3, 1, 7, 9, 8], [2, 1, 3, 8, 7, 9, 6, 5, 4], [7, 9, 6, 5, 1, 8, 4, 3, 2], [5, 2, 1, 3, 4, 7, 9, 8, 6], [3, 8, 4, 9, 2, 6, 1, 7, 5], [4, 3, 7, 1, 8, 2, 5, 6, 9], [1, 5, 9, 4, 6, 3, 8, 2, 7], [8, 6, 2, 7, 9, 5, 3, 4, 1]], 'solution': [[9, 7, 8, 6, 5, 4, 2, 1, 3], [6, 4, 5, 2, 3, 1, 7, 9, 8], [2, 1, 3, 8, 7, 9, 6, 5, 4], [7, 9, 6, 5, 1, 8, 4, 3, 2], [5, 2, 1, 3, 4, 7, 9, 8, 6], [3, 8, 4, 9, 2, 6, 1, 7, 5], [4, 3, 7, 1, 8, 2, 5, 6, 9], [1, 5, 9, 4, 6, 3, 8, 2, 7], [8, 6, 2, 7, 9, 5, 3, 4, 1]], 'numberoftries': 1899810, 'numof_is_valid_checks': 7140620}, 23: {'puzzle': [[4, 7, 8, 5, 2, 6, 9, 1, 3], [2, 1, 9, 8, 3, 7, 4, 5, 6], [3, 6, 5, 1, 4, 9, 8, 7, 2], [7, 9, 3, 2, 1, 4, 6, 8, 5], [5, 2, 1, 9, 6, 8, 7, 3, 4], [8, 4, 6, 7, 5, 3, 1, 2, 9], [9, 3, 2, 4, 8, 1, 5, 6, 7], [6, 8, 7, 3, 9, 5, 2, 4, 1], [1, 5, 4, 6, 7, 2, 3, 9, 8]], 'solution': [[4, 7, 8, 5, 2, 6, 9, 1, 3], [2, 1, 9, 8, 3, 7, 4, 5, 6], [3, 6, 5, 1, 4, 9, 8, 7, 2], [7, 9, 3, 2, 1, 4, 6, 8, 5], [5, 2, 1, 9, 6, 8, 7, 3, 4], [8, 4, 6, 7, 5, 3, 1, 2, 9], [9, 3, 2, 4, 8, 1, 5, 6, 7], [6, 8, 7, 3, 9, 5, 2, 4, 1], [1, 5, 4, 6, 7, 2, 3, 9, 8]], 'numberoftries': 6205076, 'numof_is_valid_checks': 24048216}, 24: {'puzzle': [[8, 2, 7, 9, 4, 5, 6, 1, 3], [4, 3, 1, 2, 8, 6, 9, 7, 5], [6, 5, 9, 1, 7, 3, 8, 4, 2], [3, 7, 8, 4, 6, 2, 5, 9, 1], [5, 1, 4, 3, 9, 8, 2, 6, 7], [2, 9, 6, 5, 1, 7, 3, 8, 4], [9, 4, 2, 8, 3, 1, 7, 5, 6], [1, 6, 3, 7, 5, 9, 4, 2, 8], [7, 8, 5, 6, 2, 4, 1, 3, 9]], 'solution': [[8, 2, 7, 9, 4, 5, 6, 1, 3], [4, 3, 1, 2, 8, 6, 9, 7, 5], [6, 5, 9, 1, 7, 3, 8, 4, 2], [3, 7, 8, 4, 6, 2, 5, 9, 1], [5, 1, 4, 3, 9, 8, 2, 6, 7], [2, 9, 6, 5, 1, 7, 3, 8, 4], [9, 4, 2, 8, 3, 1, 7, 5, 6], [1, 6, 3, 7, 5, 9, 4, 2, 8], [7, 8, 5, 6, 2, 4, 1, 3, 9]], 'numberoftries': 3622966, 'numof_is_valid_checks': 16356402}, 25: {'puzzle': [[6, 7, 5, 9, 2, 4, 8, 1, 3], [4, 1, 3, 8, 6, 7, 5, 9, 2], [2, 9, 8, 1, 5, 3, 4, 7, 6], [7, 3, 2, 4, 1, 5, 9, 6, 8], [8, 4, 1, 3, 9, 6, 7, 2, 5], [5, 6, 9, 7, 8, 2, 1, 3, 4], [9, 2, 4, 5, 3, 1, 6, 8, 7], [3, 8, 7, 6, 4, 9, 2, 5, 1], [1, 5, 6, 2, 7, 8, 3, 4, 9]], 'solution': [[6, 7, 5, 9, 2, 4, 8, 1, 3], [4, 1, 3, 8, 6, 7, 5, 9, 2], [2, 9, 8, 1, 5, 3, 4, 7, 6], [7, 3, 2, 4, 1, 5, 9, 6, 8], [8, 4, 1, 3, 9, 6, 7, 2, 5], [5, 6, 9, 7, 8, 2, 1, 3, 4], [9, 2, 4, 5, 3, 1, 6, 8, 7], [3, 8, 7, 6, 4, 9, 2, 5, 1], [1, 5, 6, 2, 7, 8, 3, 4, 9]], 'numberoftries': 3190170, 'numof_is_valid_checks': 12154182}, 26: {'puzzle': [[7, 6, 9, 8, 2, 3, 5, 1, 4], [1, 4, 5, 7, 6, 9, 2, 8, 3], [8, 2, 3, 4, 5, 1, 9, 7, 6], [4, 5, 6, 2, 1, 7, 3, 9, 8], [9, 3, 1, 6, 8, 5, 4, 2, 7], [2, 7, 8, 9, 3, 4, 6, 5, 1], [6, 1, 4, 5, 9, 8, 7, 3, 2], [3, 9, 7, 1, 4, 2, 8, 6, 5], [5, 8, 2, 3, 7, 6, 1, 4, 9]], 'solution': [[7, 6, 9, 8, 2, 3, 5, 1, 4], [1, 4, 5, 7, 6, 9, 2, 8, 3], [8, 2, 3, 4, 5, 1, 9, 7, 6], [4, 5, 6, 2, 1, 7, 3, 9, 8], [9, 3, 1, 6, 8, 5, 4, 2, 7], [2, 7, 8, 9, 3, 4, 6, 5, 1], [6, 1, 4, 5, 9, 8, 7, 3, 2], [3, 9, 7, 1, 4, 2, 8, 6, 5], [5, 8, 2, 3, 7, 6, 1, 4, 9]], 'numberoftries': 2689674, 'numof_is_valid_checks': 11088746}, 27: {'puzzle': [[9, 7, 6, 5, 8, 3, 2, 1, 4], [4, 8, 1, 6, 2, 9, 3, 5, 7], [5, 2, 3, 7, 4, 1, 8, 6, 9], [3, 1, 5, 8, 7, 4, 9, 2, 6], [7, 4, 9, 3, 6, 2, 5, 8, 1], [8, 6, 2, 1, 9, 5, 4, 7, 3], [1, 9, 8, 4, 5, 6, 7, 3, 2], [6, 5, 4, 2, 3, 7, 1, 9, 8], [2, 3, 7, 9, 1, 8, 6, 4, 5]], 'solution': [[9, 7, 6, 5, 8, 3, 2, 1, 4], [4, 8, 1, 6, 2, 9, 3, 5, 7], [5, 2, 3, 7, 4, 1, 8, 6, 9], [3, 1, 5, 8, 7, 4, 9, 2, 6], [7, 4, 9, 3, 6, 2, 5, 8, 1], [8, 6, 2, 1, 9, 5, 4, 7, 3], [1, 9, 8, 4, 5, 6, 7, 3, 2], [6, 5, 4, 2, 3, 7, 1, 9, 8], [2, 3, 7, 9, 1, 8, 6, 4, 5]], 'numberoftries': 46118352, 'numof_is_valid_checks': 217969516}, 28: {'puzzle': [[8, 5, 7, 9, 2, 6, 3, 1, 4], [3, 4, 1, 7, 5, 8, 6, 9, 2], [9, 6, 2, 4, 3, 1, 5, 7, 8], [1, 8, 4, 3, 6, 5, 9, 2, 7], [7, 9, 5, 2, 1, 4, 8, 3, 6], [6, 2, 3, 8, 7, 9, 1, 4, 5], [5, 1, 9, 6, 4, 7, 2, 8, 3], [4, 3, 6, 1, 8, 2, 7, 5, 9], [2, 7, 8, 5, 9, 3, 4, 6, 1]], 'solution': [[8, 5, 7, 9, 2, 6, 3, 1, 4], [3, 4, 1, 7, 5, 8, 6, 9, 2], [9, 6, 2, 4, 3, 1, 5, 7, 8], [1, 8, 4, 3, 6, 5, 9, 2, 7], [7, 9, 5, 2, 1, 4, 8, 3, 6], [6, 2, 3, 8, 7, 9, 1, 4, 5], [5, 1, 9, 6, 4, 7, 2, 8, 3], [4, 3, 6, 1, 8, 2, 7, 5, 9], [2, 7, 8, 5, 9, 3, 4, 6, 1]], 'numberoftries': 13077299, 'numof_is_valid_checks': 67583494}, 29: {'puzzle': [[5, 9, 6, 7, 8, 2, 3, 1, 4], [3, 1, 8, 4, 6, 5, 2, 7, 9], [7, 2, 4, 3, 1, 9, 6, 5, 8], [9, 4, 3, 8, 2, 1, 7, 6, 5], [1, 8, 5, 9, 7, 6, 4, 2, 3], [2, 6, 7, 5, 3, 4, 8, 9, 1], [4, 7, 1, 6, 9, 8, 5, 3, 2], [6, 5, 2, 1, 4, 3, 9, 8, 7], [8, 3, 9, 2, 5, 7, 1, 4, 6]], 'solution': [[5, 9, 6, 7, 8, 2, 3, 1, 4], [3, 1, 8, 4, 6, 5, 2, 7, 9], [7, 2, 4, 3, 1, 9, 6, 5, 8], [9, 4, 3, 8, 2, 1, 7, 6, 5], [1, 8, 5, 9, 7, 6, 4, 2, 3], [2, 6, 7, 5, 3, 4, 8, 9, 1], [4, 7, 1, 6, 9, 8, 5, 3, 2], [6, 5, 2, 1, 4, 3, 9, 8, 7], [8, 3, 9, 2, 5, 7, 1, 4, 6]], 'numberoftries': 13175981, 'numof_is_valid_checks': 53747576}, 30: {'puzzle': [[5, 9, 6, 8, 7, 2, 3, 1, 4], [3, 1, 8, 4, 6, 5, 2, 7, 9], [7, 2, 4, 3, 1, 9, 6, 5, 8], [9, 4, 3, 7, 2, 1, 8, 6, 5], [1, 6, 7, 5, 9, 8, 4, 2, 3], [2, 8, 5, 6, 3, 4, 7, 9, 1], [4, 7, 1, 9, 8, 6, 5, 3, 2], [6, 5, 2, 1, 4, 3, 9, 8, 7], [8, 3, 9, 2, 5, 7, 1, 4, 6]], 'solution': [[5, 9, 6, 8, 7, 2, 3, 1, 4], [3, 1, 8, 4, 6, 5, 2, 7, 9], [7, 2, 4, 3, 1, 9, 6, 5, 8], [9, 4, 3, 7, 2, 1, 8, 6, 5], [1, 6, 7, 5, 9, 8, 4, 2, 3], [2, 8, 5, 6, 3, 4, 7, 9, 1], [4, 7, 1, 9, 8, 6, 5, 3, 2], [6, 5, 2, 1, 4, 3, 9, 8, 7], [8, 3, 9, 2, 5, 7, 1, 4, 6]], 'numberoftries': 14184286, 'numof_is_valid_checks': 58025284}, 31: {'puzzle': [[5, 6, 9, 8, 7, 2, 3, 1, 4], [3, 1, 8, 4, 6, 9, 2, 5, 7], [7, 2, 4, 3, 1, 5, 6, 8, 9], [9, 4, 3, 7, 2, 1, 8, 6, 5], [1, 5, 7, 9, 8, 6, 4, 2, 3], [2, 8, 6, 5, 3, 4, 7, 9, 1], [4, 7, 1, 6, 5, 8, 9, 3, 2], [6, 9, 2, 1, 4, 3, 5, 7, 8], [8, 3, 5, 2, 9, 7, 1, 4, 6]], 'solution': [[5, 6, 9, 8, 7, 2, 3, 1, 4], [3, 1, 8, 4, 6, 9, 2, 5, 7], [7, 2, 4, 3, 1, 5, 6, 8, 9], [9, 4, 3, 7, 2, 1, 8, 6, 5], [1, 5, 7, 9, 8, 6, 4, 2, 3], [2, 8, 6, 5, 3, 4, 7, 9, 1], [4, 7, 1, 6, 5, 8, 9, 3, 2], [6, 9, 2, 1, 4, 3, 5, 7, 8], [8, 3, 5, 2, 9, 7, 1, 4, 6]], 'numberoftries': 6780103, 'numof_is_valid_checks': 27150461}, 32: {'puzzle': [[5, 3, 8, 2, 7, 9, 6, 1, 4], [7, 6, 2, 1, 4, 8, 5, 9, 3], [9, 1, 4, 5, 3, 6, 2, 8, 7], [2, 9, 6, 7, 1, 4, 3, 5, 8], [4, 5, 1, 8, 9, 3, 7, 2, 6], [8, 7, 3, 6, 5, 2, 1, 4, 9], [3, 4, 7, 9, 2, 1, 8, 6, 5], [6, 2, 5, 4, 8, 7, 9, 3, 1], [1, 8, 9, 3, 6, 5, 4, 7, 2]], 'solution': [[5, 3, 8, 2, 7, 9, 6, 1, 4], [7, 6, 2, 1, 4, 8, 5, 9, 3], [9, 1, 4, 5, 3, 6, 2, 8, 7], [2, 9, 6, 7, 1, 4, 3, 5, 8], [4, 5, 1, 8, 9, 3, 7, 2, 6], [8, 7, 3, 6, 5, 2, 1, 4, 9], [3, 4, 7, 9, 2, 1, 8, 6, 5], [6, 2, 5, 4, 8, 7, 9, 3, 1], [1, 8, 9, 3, 6, 5, 4, 7, 2]], 'numberoftries': 20095514, 'numof_is_valid_checks': 102467036}, 33: {'puzzle': [[8, 2, 6, 3, 7, 5, 9, 1, 4], [7, 9, 5, 4, 8, 1, 3, 2, 6], [4, 1, 3, 2, 6, 9, 8, 5, 7], [9, 4, 2, 7, 1, 3, 6, 8, 5], [6, 5, 1, 9, 2, 8, 4, 7, 3], [3, 8, 7, 6, 5, 4, 2, 9, 1], [1, 6, 4, 5, 9, 2, 7, 3, 8], [2, 3, 8, 1, 4, 7, 5, 6, 9], [5, 7, 9, 8, 3, 6, 1, 4, 2]], 'solution': [[8, 2, 6, 3, 7, 5, 9, 1, 4], [7, 9, 5, 4, 8, 1, 3, 2, 6], [4, 1, 3, 2, 6, 9, 8, 5, 7], [9, 4, 2, 7, 1, 3, 6, 8, 5], [6, 5, 1, 9, 2, 8, 4, 7, 3], [3, 8, 7, 6, 5, 4, 2, 9, 1], [1, 6, 4, 5, 9, 2, 7, 3, 8], [2, 3, 8, 1, 4, 7, 5, 6, 9], [5, 7, 9, 8, 3, 6, 1, 4, 2]], 'numberoftries': 44700697, 'numof_is_valid_checks': 180126980}, 34: {'puzzle': [[8, 2, 6, 3, 7, 5, 9, 1, 4], [9, 7, 5, 4, 8, 1, 3, 2, 6], [4, 1, 3, 2, 6, 9, 8, 5, 7], [7, 4, 2, 9, 1, 3, 6, 8, 5], [6, 5, 1, 7, 2, 8, 4, 9, 3], [3, 8, 9, 6, 5, 4, 2, 7, 1], [1, 6, 4, 5, 9, 2, 7, 3, 8], [2, 3, 8, 1, 4, 7, 5, 6, 9], [5, 9, 7, 8, 3, 6, 1, 4, 2]], 'solution': [[8, 2, 6, 3, 7, 5, 9, 1, 4], [9, 7, 5, 4, 8, 1, 3, 2, 6], [4, 1, 3, 2, 6, 9, 8, 5, 7], [7, 4, 2, 9, 1, 3, 6, 8, 5], [6, 5, 1, 7, 2, 8, 4, 9, 3], [3, 8, 9, 6, 5, 4, 2, 7, 1], [1, 6, 4, 5, 9, 2, 7, 3, 8], [2, 3, 8, 1, 4, 7, 5, 6, 9], [5, 9, 7, 8, 3, 6, 1, 4, 2]], 'numberoftries': 47147259, 'numof_is_valid_checks': 189196099}, 35: {'puzzle': [[9, 6, 4, 2, 3, 7, 8, 1, 5], [1, 8, 2, 4, 5, 9, 3, 7, 6], [3, 5, 7, 8, 6, 1, 4, 2, 9], [8, 9, 1, 3, 7, 6, 2, 5, 4], [7, 2, 5, 1, 8, 4, 9, 6, 3], [4, 3, 6, 5, 9, 2, 1, 8, 7], [5, 4, 8, 7, 2, 3, 6, 9, 1], [2, 1, 9, 6, 4, 5, 7, 3, 8], [6, 7, 3, 9, 1, 8, 5, 4, 2]], 'solution': [[9, 6, 4, 2, 3, 7, 8, 1, 5], [1, 8, 2, 4, 5, 9, 3, 7, 6], [3, 5, 7, 8, 6, 1, 4, 2, 9], [8, 9, 1, 3, 7, 6, 2, 5, 4], [7, 2, 5, 1, 8, 4, 9, 6, 3], [4, 3, 6, 5, 9, 2, 1, 8, 7], [5, 4, 8, 7, 2, 3, 6, 9, 1], [2, 1, 9, 6, 4, 5, 7, 3, 8], [6, 7, 3, 9, 1, 8, 5, 4, 2]], 'numberoftries': 2819140, 'numof_is_valid_checks': 9937812}, 36: {'puzzle': [[7, 6, 2, 3, 8, 9, 4, 1, 5], [3, 9, 5, 4, 1, 2, 6, 7, 8], [4, 8, 1, 6, 7, 5, 9, 3, 2], [6, 7, 9, 8, 5, 4, 3, 2, 1], [2, 5, 4, 1, 9, 3, 8, 6, 7], [1, 3, 8, 7, 2, 6, 5, 9, 4], [5, 4, 7, 9, 3, 1, 2, 8, 6], [8, 2, 3, 5, 6, 7, 1, 4, 9], [9, 1, 6, 2, 4, 8, 7, 5, 3]], 'solution': [[7, 6, 2, 3, 8, 9, 4, 1, 5], [3, 9, 5, 4, 1, 2, 6, 7, 8], [4, 8, 1, 6, 7, 5, 9, 3, 2], [6, 7, 9, 8, 5, 4, 3, 2, 1], [2, 5, 4, 1, 9, 3, 8, 6, 7], [1, 3, 8, 7, 2, 6, 5, 9, 4], [5, 4, 7, 9, 3, 1, 2, 8, 6], [8, 2, 3, 5, 6, 7, 1, 4, 9], [9, 1, 6, 2, 4, 8, 7, 5, 3]], 'numberoftries': 3503266, 'numof_is_valid_checks': 16068096}, 37: {'puzzle': [[7, 8, 2, 4, 6, 3, 9, 1, 5], [9, 4, 5, 8, 1, 2, 6, 7, 3], [3, 6, 1, 9, 7, 5, 8, 4, 2], [4, 7, 8, 2, 5, 6, 3, 9, 1], [2, 5, 6, 1, 3, 9, 4, 8, 7], [1, 3, 9, 7, 8, 4, 5, 2, 6], [5, 9, 7, 6, 4, 1, 2, 3, 8], [8, 2, 3, 5, 9, 7, 1, 6, 4], [6, 1, 4, 3, 2, 8, 7, 5, 9]], 'solution': [[7, 8, 2, 4, 6, 3, 9, 1, 5], [9, 4, 5, 8, 1, 2, 6, 7, 3], [3, 6, 1, 9, 7, 5, 8, 4, 2], [4, 7, 8, 2, 5, 6, 3, 9, 1], [2, 5, 6, 1, 3, 9, 4, 8, 7], [1, 3, 9, 7, 8, 4, 5, 2, 6], [5, 9, 7, 6, 4, 1, 2, 3, 8], [8, 2, 3, 5, 9, 7, 1, 6, 4], [6, 1, 4, 3, 2, 8, 7, 5, 9]], 'numberoftries': 2027269, 'numof_is_valid_checks': 8415924}, 38: {'puzzle': [[7, 9, 8, 3, 4, 2, 6, 1, 5], [3, 6, 5, 8, 1, 9, 4, 7, 2], [4, 2, 1, 6, 7, 5, 9, 3, 8], [6, 7, 9, 4, 5, 8, 3, 2, 1], [2, 5, 4, 1, 9, 3, 8, 6, 7], [1, 8, 3, 7, 2, 6, 5, 9, 4], [5, 4, 7, 9, 3, 1, 2, 8, 6], [8, 3, 2, 5, 6, 7, 1, 4, 9], [9, 1, 6, 2, 8, 4, 7, 5, 3]], 'solution': [[7, 9, 8, 3, 4, 2, 6, 1, 5], [3, 6, 5, 8, 1, 9, 4, 7, 2], [4, 2, 1, 6, 7, 5, 9, 3, 8], [6, 7, 9, 4, 5, 8, 3, 2, 1], [2, 5, 4, 1, 9, 3, 8, 6, 7], [1, 8, 3, 7, 2, 6, 5, 9, 4], [5, 4, 7, 9, 3, 1, 2, 8, 6], [8, 3, 2, 5, 6, 7, 1, 4, 9], [9, 1, 6, 2, 8, 4, 7, 5, 3]], 'numberoftries': 1321787, 'numof_is_valid_checks': 6141072}, 39: {'puzzle': [[2, 4, 8, 9, 6, 7, 3, 1, 5], [5, 1, 6, 8, 3, 2, 9, 4, 7], [3, 9, 7, 1, 5, 4, 2, 6, 8], [4, 2, 3, 5, 9, 6, 8, 7, 1], [6, 5, 9, 7, 8, 1, 4, 3, 2], [7, 8, 1, 4, 2, 3, 5, 9, 6], [1, 7, 5, 2, 4, 9, 6, 8, 3], [8, 3, 4, 6, 1, 5, 7, 2, 9], [9, 6, 2, 3, 7, 8, 1, 5, 4]], 'solution': [[2, 4, 8, 9, 6, 7, 3, 1, 5], [5, 1, 6, 8, 3, 2, 9, 4, 7], [3, 9, 7, 1, 5, 4, 2, 6, 8], [4, 2, 3, 5, 9, 6, 8, 7, 1], [6, 5, 9, 7, 8, 1, 4, 3, 2], [7, 8, 1, 4, 2, 3, 5, 9, 6], [1, 7, 5, 2, 4, 9, 6, 8, 3], [8, 3, 4, 6, 1, 5, 7, 2, 9], [9, 6, 2, 3, 7, 8, 1, 5, 4]], 'numberoftries': 3501561, 'numof_is_valid_checks': 11099278}, 40: {'puzzle': [[2, 4, 8, 9, 6, 7, 3, 1, 5], [5, 1, 7, 8, 3, 2, 9, 4, 6], [6, 9, 3, 1, 5, 4, 2, 8, 7], [4, 2, 6, 5, 9, 3, 8, 7, 1], [3, 5, 9, 7, 8, 1, 4, 6, 2], [7, 8, 1, 4, 2, 6, 5, 9, 3], [1, 7, 5, 2, 4, 9, 6, 3, 8], [8, 6, 4, 3, 1, 5, 7, 2, 9], [9, 3, 2, 6, 7, 8, 1, 5, 4]], 'solution': [[2, 4, 8, 9, 6, 7, 3, 1, 5], [5, 1, 7, 8, 3, 2, 9, 4, 6], [6, 9, 3, 1, 5, 4, 2, 8, 7], [4, 2, 6, 5, 9, 3, 8, 7, 1], [3, 5, 9, 7, 8, 1, 4, 6, 2], [7, 8, 1, 4, 2, 6, 5, 9, 3], [1, 7, 5, 2, 4, 9, 6, 3, 8], [8, 6, 4, 3, 1, 5, 7, 2, 9], [9, 3, 2, 6, 7, 8, 1, 5, 4]], 'numberoftries': 2789682, 'numof_is_valid_checks': 9146995}, 41: {'puzzle': [[7, 2, 9, 3, 4, 8, 6, 1, 5], [8, 3, 6, 9, 1, 5, 4, 7, 2], [4, 5, 1, 6, 7, 2, 9, 3, 8], [6, 7, 8, 2, 5, 4, 3, 9, 1], [2, 4, 5, 1, 9, 3, 8, 6, 7], [1, 9, 3, 7, 8, 6, 5, 2, 4], [5, 6, 7, 4, 3, 1, 2, 8, 9], [9, 8, 2, 5, 6, 7, 1, 4, 3], [3, 1, 4, 8, 2, 9, 7, 5, 6]], 'solution': [[7, 2, 9, 3, 4, 8, 6, 1, 5], [8, 3, 6, 9, 1, 5, 4, 7, 2], [4, 5, 1, 6, 7, 2, 9, 3, 8], [6, 7, 8, 2, 5, 4, 3, 9, 1], [2, 4, 5, 1, 9, 3, 8, 6, 7], [1, 9, 3, 7, 8, 6, 5, 2, 4], [5, 6, 7, 4, 3, 1, 2, 8, 9], [9, 8, 2, 5, 6, 7, 1, 4, 3], [3, 1, 4, 8, 2, 9, 7, 5, 6]], 'numberoftries': 4590456, 'numof_is_valid_checks': 21583746}, 42: {'puzzle': [[7, 9, 2, 3, 4, 8, 6, 1, 5], [8, 3, 6, 9, 1, 5, 4, 7, 2], [4, 5, 1, 6, 7, 2, 9, 3, 8], [6, 7, 9, 8, 5, 4, 3, 2, 1], [2, 4, 5, 1, 9, 3, 8, 6, 7], [1, 8, 3, 7, 2, 6, 5, 9, 4], [5, 6, 7, 4, 3, 1, 2, 8, 9], [9, 2, 8, 5, 6, 7, 1, 4, 3], [3, 1, 4, 2, 8, 9, 7, 5, 6]], 'solution': [[7, 9, 2, 3, 4, 8, 6, 1, 5], [8, 3, 6, 9, 1, 5, 4, 7, 2], [4, 5, 1, 6, 7, 2, 9, 3, 8], [6, 7, 9, 8, 5, 4, 3, 2, 1], [2, 4, 5, 1, 9, 3, 8, 6, 7], [1, 8, 3, 7, 2, 6, 5, 9, 4], [5, 6, 7, 4, 3, 1, 2, 8, 9], [9, 2, 8, 5, 6, 7, 1, 4, 3], [3, 1, 4, 2, 8, 9, 7, 5, 6]], 'numberoftries': 1800105, 'numof_is_valid_checks': 8074186}, 43: {'puzzle': [[8, 2, 9, 4, 6, 3, 7, 1, 5], [4, 7, 5, 9, 1, 2, 6, 8, 3], [3, 6, 1, 7, 8, 5, 9, 4, 2], [7, 8, 4, 2, 5, 6, 3, 9, 1], [9, 5, 6, 1, 3, 7, 4, 2, 8], [1, 3, 2, 8, 9, 4, 5, 7, 6], [5, 9, 8, 6, 4, 1, 2, 3, 7], [2, 4, 3, 5, 7, 8, 1, 6, 9], [6, 1, 7, 3, 2, 9, 8, 5, 4]], 'solution': [[8, 2, 9, 4, 6, 3, 7, 1, 5], [4, 7, 5, 9, 1, 2, 6, 8, 3], [3, 6, 1, 7, 8, 5, 9, 4, 2], [7, 8, 4, 2, 5, 6, 3, 9, 1], [9, 5, 6, 1, 3, 7, 4, 2, 8], [1, 3, 2, 8, 9, 4, 5, 7, 6], [5, 9, 8, 6, 4, 1, 2, 3, 7], [2, 4, 3, 5, 7, 8, 1, 6, 9], [6, 1, 7, 3, 2, 9, 8, 5, 4]], 'numberoftries': 3459928, 'numof_is_valid_checks': 15369203}, 44: {'puzzle': [[8, 7, 9, 3, 6, 2, 4, 1, 5], [6, 3, 5, 9, 1, 4, 7, 8, 2], [4, 2, 1, 7, 8, 5, 6, 3, 9], [7, 8, 4, 6, 5, 9, 3, 2, 1], [2, 5, 6, 1, 4, 3, 9, 7, 8], [1, 9, 3, 8, 2, 7, 5, 4, 6], [5, 6, 8, 4, 3, 1, 2, 9, 7], [9, 4, 2, 5, 7, 8, 1, 6, 3], [3, 1, 7, 2, 9, 6, 8, 5, 4]], 'solution': [[8, 7, 9, 3, 6, 2, 4, 1, 5], [6, 3, 5, 9, 1, 4, 7, 8, 2], [4, 2, 1, 7, 8, 5, 6, 3, 9], [7, 8, 4, 6, 5, 9, 3, 2, 1], [2, 5, 6, 1, 4, 3, 9, 7, 8], [1, 9, 3, 8, 2, 7, 5, 4, 6], [5, 6, 8, 4, 3, 1, 2, 9, 7], [9, 4, 2, 5, 7, 8, 1, 6, 3], [3, 1, 7, 2, 9, 6, 8, 5, 4]], 'numberoftries': 3210680, 'numof_is_valid_checks': 14778903}, 45: {'puzzle': [[3, 7, 9, 2, 8, 4, 6, 1, 5], [4, 2, 8, 5, 6, 1, 7, 3, 9], [5, 6, 1, 7, 9, 3, 4, 2, 8], [2, 1, 3, 6, 5, 7, 9, 8, 4], [7, 8, 6, 1, 4, 9, 2, 5, 3], [9, 4, 5, 3, 2, 8, 1, 7, 6], [1, 5, 7, 4, 3, 6, 8, 9, 2], [6, 9, 2, 8, 7, 5, 3, 4, 1], [8, 3, 4, 9, 1, 2, 5, 6, 7]], 'solution': [[3, 7, 9, 2, 8, 4, 6, 1, 5], [4, 2, 8, 5, 6, 1, 7, 3, 9], [5, 6, 1, 7, 9, 3, 4, 2, 8], [2, 1, 3, 6, 5, 7, 9, 8, 4], [7, 8, 6, 1, 4, 9, 2, 5, 3], [9, 4, 5, 3, 2, 8, 1, 7, 6], [1, 5, 7, 4, 3, 6, 8, 9, 2], [6, 9, 2, 8, 7, 5, 3, 4, 1], [8, 3, 4, 9, 1, 2, 5, 6, 7]], 'numberoftries': 1921602, 'numof_is_valid_checks': 8010415}, 46: {'puzzle': [[8, 2, 3, 4, 7, 9, 6, 1, 5], [1, 4, 5, 6, 8, 3, 7, 9, 2], [6, 9, 7, 2, 5, 1, 3, 4, 8], [7, 1, 8, 3, 4, 5, 2, 6, 9], [5, 6, 2, 1, 9, 7, 8, 3, 4], [9, 3, 4, 8, 6, 2, 5, 7, 1], [3, 7, 1, 5, 2, 4, 9, 8, 6], [2, 8, 9, 7, 1, 6, 4, 5, 3], [4, 5, 6, 9, 3, 8, 1, 2, 7]], 'solution': [[8, 2, 3, 4, 7, 9, 6, 1, 5], [1, 4, 5, 6, 8, 3, 7, 9, 2], [6, 9, 7, 2, 5, 1, 3, 4, 8], [7, 1, 8, 3, 4, 5, 2, 6, 9], [5, 6, 2, 1, 9, 7, 8, 3, 4], [9, 3, 4, 8, 6, 2, 5, 7, 1], [3, 7, 1, 5, 2, 4, 9, 8, 6], [2, 8, 9, 7, 1, 6, 4, 5, 3], [4, 5, 6, 9, 3, 8, 1, 2, 7]], 'numberoftries': 584173, 'numof_is_valid_checks': 2749057}, 47: {'puzzle': [[4, 7, 2, 9, 8, 3, 6, 1, 5], [3, 8, 5, 6, 1, 4, 9, 7, 2], [1, 9, 6, 5, 7, 2, 4, 8, 3], [6, 4, 1, 8, 5, 7, 2, 3, 9], [2, 3, 7, 4, 9, 1, 8, 5, 6], [8, 5, 9, 3, 2, 6, 1, 4, 7], [9, 1, 3, 2, 4, 5, 7, 6, 8], [5, 2, 4, 7, 6, 8, 3, 9, 1], [7, 6, 8, 1, 3, 9, 5, 2, 4]], 'solution': [[4, 7, 2, 9, 8, 3, 6, 1, 5], [3, 8, 5, 6, 1, 4, 9, 7, 2], [1, 9, 6, 5, 7, 2, 4, 8, 3], [6, 4, 1, 8, 5, 7, 2, 3, 9], [2, 3, 7, 4, 9, 1, 8, 5, 6], [8, 5, 9, 3, 2, 6, 1, 4, 7], [9, 1, 3, 2, 4, 5, 7, 6, 8], [5, 2, 4, 7, 6, 8, 3, 9, 1], [7, 6, 8, 1, 3, 9, 5, 2, 4]], 'numberoftries': 11887321, 'numof_is_valid_checks': 44419878}, 48: {'puzzle': [[6, 3, 4, 8, 7, 9, 2, 1, 5], [7, 9, 2, 5, 4, 1, 3, 6, 8], [5, 1, 8, 2, 6, 3, 4, 7, 9], [3, 5, 9, 4, 1, 8, 7, 2, 6], [8, 6, 1, 7, 9, 2, 5, 4, 3], [2, 4, 7, 6, 3, 5, 9, 8, 1], [1, 7, 5, 9, 2, 6, 8, 3, 4], [4, 8, 3, 1, 5, 7, 6, 9, 2], [9, 2, 6, 3, 8, 4, 1, 5, 7]], 'solution': [[6, 3, 4, 8, 7, 9, 2, 1, 5], [7, 9, 2, 5, 4, 1, 3, 6, 8], [5, 1, 8, 2, 6, 3, 4, 7, 9], [3, 5, 9, 4, 1, 8, 7, 2, 6], [8, 6, 1, 7, 9, 2, 5, 4, 3], [2, 4, 7, 6, 3, 5, 9, 8, 1], [1, 7, 5, 9, 2, 6, 8, 3, 4], [4, 8, 3, 1, 5, 7, 6, 9, 2], [9, 2, 6, 3, 8, 4, 1, 5, 7]], 'numberoftries': 23040806, 'numof_is_valid_checks': 91632110}, 49: {'puzzle': [[4, 7, 5, 2, 3, 9, 8, 1, 6], [8, 9, 2, 5, 6, 1, 3, 4, 7], [3, 6, 1, 8, 7, 4, 9, 2, 5], [9, 5, 4, 3, 1, 7, 2, 6, 8], [1, 2, 6, 4, 9, 8, 5, 7, 3], [7, 3, 8, 6, 5, 2, 4, 9, 1], [6, 8, 9, 1, 2, 3, 7, 5, 4], [5, 4, 7, 9, 8, 6, 1, 3, 2], [2, 1, 3, 7, 4, 5, 6, 8, 9]], 'solution': [[4, 7, 5, 2, 3, 9, 8, 1, 6], [8, 9, 2, 5, 6, 1, 3, 4, 7], [3, 6, 1, 8, 7, 4, 9, 2, 5], [9, 5, 4, 3, 1, 7, 2, 6, 8], [1, 2, 6, 4, 9, 8, 5, 7, 3], [7, 3, 8, 6, 5, 2, 4, 9, 1], [6, 8, 9, 1, 2, 3, 7, 5, 4], [5, 4, 7, 9, 8, 6, 1, 3, 2], [2, 1, 3, 7, 4, 5, 6, 8, 9]], 'numberoftries': 467842, 'numof_is_valid_checks': 1869762}, 50: {'puzzle': [[8, 3, 7, 5, 2, 4, 9, 1, 6], [1, 5, 9, 7, 6, 8, 3, 2, 4], [4, 6, 2, 1, 3, 9, 7, 5, 8], [5, 9, 1, 2, 8, 7, 6, 4, 3], [3, 2, 4, 6, 9, 1, 8, 7, 5], [6, 7, 8, 3, 4, 5, 1, 9, 2], [9, 4, 5, 8, 7, 6, 2, 3, 1], [2, 1, 6, 9, 5, 3, 4, 8, 7], [7, 8, 3, 4, 1, 2, 5, 6, 9]], 'solution': [[8, 3, 7, 5, 2, 4, 9, 1, 6], [1, 5, 9, 7, 6, 8, 3, 2, 4], [4, 6, 2, 1, 3, 9, 7, 5, 8], [5, 9, 1, 2, 8, 7, 6, 4, 3], [3, 2, 4, 6, 9, 1, 8, 7, 5], [6, 7, 8, 3, 4, 5, 1, 9, 2], [9, 4, 5, 8, 7, 6, 2, 3, 1], [2, 1, 6, 9, 5, 3, 4, 8, 7], [7, 8, 3, 4, 1, 2, 5, 6, 9]], 'numberoftries': 2068766, 'numof_is_valid_checks': 7707850}}
