2023-04-29 23:17:17,701 - INFO - #############################
2023-04-29 23:17:17,702 - INFO - RUNNING 17 GIVENS 9X9 PUZZLES
2023-04-29 23:17:17,702 - INFO - #############################
2023-04-29 23:17:17,702 - INFO - BACKTRACKING ALGORITHM
2023-04-29 23:17:17,702 - INFO - MinigridBacktrackingSudoku Version
2023-04-29 23:17:17,702 - INFO - size: 9
2023-04-29 23:17:17,702 - INFO - Initial puzzle: 
[[0, 0, 0, 0, 0, 0, 0, 1, 0], [4, 0, 0, 0, 0, 0, 0, 0, 0], [0, 2, 0, 0, 0, 0, 0, 0, 0], [0, 0, 0, 0, 5, 0, 6, 0, 4], [0, 0, 8, 0, 0, 0, 3, 0, 0], [0, 0, 1, 0, 9, 0, 0, 0, 0], [3, 0, 0, 4, 0, 0, 2, 0, 0], [0, 5, 0, 1, 0, 0, 0, 0, 0], [0, 0, 0, 8, 0, 7, 0, 0, 0]]
2023-04-29 23:17:17,994 - INFO - Final puzzle solved:
2023-04-29 23:17:17,994 - INFO - [[8, 9, 3, 6, 4, 5, 7, 1, 2], [4, 6, 5, 7, 3, 2, 1, 9, 8], [5, 2, 4, 3, 7, 6, 9, 8, 1], [1, 8, 2, 9, 5, 3, 6, 7, 4], [7, 1, 8, 2, 6, 9, 3, 4, 5], [2, 3, 1, 5, 9, 4, 8, 6, 7], [3, 7, 9, 4, 8, 1, 2, 5, 6], [6, 5, 7, 1, 2, 8, 4, 3, 9], [9, 4, 6, 8, 1, 7, 5, 2, 3]]
2023-04-29 23:17:17,994 - INFO - Number of tries: 88547
2023-04-29 23:17:17,994 - INFO - Total Execution Time (s): 0.2922319400000002
2023-04-29 23:17:17,994 - INFO - 
2023-04-29 23:17:17,994 - INFO - 
2023-04-29 23:17:17,995 - INFO - BACKTRACKING ALGORITHM
2023-04-29 23:17:17,995 - INFO - MinigridBacktrackingSudoku Version
2023-04-29 23:17:17,995 - INFO - size: 9
2023-04-29 23:17:17,995 - INFO - Initial puzzle: 
[[0, 0, 0, 0, 0, 0, 0, 1, 2], [0, 0, 0, 0, 3, 5, 0, 0, 0], [0, 0, 0, 6, 0, 0, 0, 7, 0], [7, 0, 0, 0, 0, 0, 3, 0, 0], [0, 0, 0, 4, 0, 0, 8, 0, 0], [1, 0, 0, 0, 0, 0, 0, 0, 0], [0, 0, 0, 1, 2, 0, 0, 0, 0], [0, 8, 0, 0, 0, 0, 0, 4, 0], [0, 5, 0, 0, 0, 0, 6, 0, 0]]
2023-04-29 23:19:23,757 - INFO - Final puzzle solved:
2023-04-29 23:19:23,757 - INFO - [[6, 7, 5, 3, 4, 8, 9, 1, 2], [2, 6, 7, 9, 3, 5, 1, 8, 4], [4, 3, 1, 6, 8, 9, 2, 7, 5], [7, 1, 2, 8, 5, 4, 3, 9, 6], [5, 2, 9, 4, 7, 6, 8, 3, 1], [1, 4, 8, 5, 9, 2, 7, 6, 3], [3, 9, 6, 1, 2, 7, 4, 5, 8], [9, 8, 3, 2, 6, 1, 5, 4, 7], [8, 5, 4, 7, 1, 3, 6, 2, 9]]
2023-04-29 23:19:23,757 - INFO - Number of tries: 39578661
2023-04-29 23:19:23,757 - INFO - Total Execution Time (s): 125.754231495
2023-04-29 23:19:23,757 - INFO - 
2023-04-29 23:19:23,757 - INFO - 
2023-04-29 23:19:23,757 - INFO - BACKTRACKING ALGORITHM
2023-04-29 23:19:23,757 - INFO - MinigridBacktrackingSudoku Version
2023-04-29 23:19:23,757 - INFO - size: 9
2023-04-29 23:19:23,757 - INFO - Initial puzzle: 
[[0, 0, 0, 0, 0, 0, 0, 1, 2], [0, 0, 3, 6, 0, 0, 0, 0, 0], [0, 0, 0, 0, 0, 7, 0, 0, 0], [4, 1, 0, 0, 2, 0, 0, 0, 0], [0, 0, 0, 5, 0, 0, 3, 0, 0], [7, 0, 0, 0, 0, 0, 6, 0, 0], [2, 8, 0, 0, 0, 0, 0, 4, 0], [0, 0, 0, 3, 0, 0, 5, 0, 0], [0, 0, 0, 0, 0, 0, 0, 0, 0]]
2023-04-30 00:21:21,736 - INFO - Final puzzle solved:
2023-04-30 00:21:21,736 - INFO - [[9, 7, 6, 8, 3, 5, 4, 1, 2], [5, 4, 3, 6, 1, 2, 7, 8, 9], [3, 5, 9, 4, 6, 7, 1, 2, 8], [4, 1, 5, 9, 2, 3, 8, 6, 7], [8, 2, 1, 5, 7, 4, 3, 9, 6], [7, 9, 8, 2, 4, 1, 6, 3, 5], [2, 8, 7, 1, 5, 6, 9, 4, 3], [1, 6, 2, 3, 8, 9, 5, 7, 4], [6, 3, 4, 7, 9, 8, 2, 5, 1]]
2023-04-30 00:21:21,737 - INFO - Number of tries: 1207646790
2023-04-30 00:21:21,737 - INFO - Total Execution Time (s): 3717.495892128
2023-04-30 00:21:21,737 - INFO - 
2023-04-30 00:21:21,737 - INFO - 
2023-04-30 00:21:21,737 - INFO - BACKTRACKING ALGORITHM
2023-04-30 00:21:21,737 - INFO - MinigridBacktrackingSudoku Version
2023-04-30 00:21:21,737 - INFO - size: 9
2023-04-30 00:21:21,737 - INFO - Initial puzzle: 
[[0, 0, 0, 0, 0, 0, 0, 1, 2], [0, 0, 8, 0, 3, 0, 0, 0, 0], [0, 0, 0, 0, 0, 0, 0, 4, 0], [1, 2, 0, 5, 0, 0, 0, 0, 0], [0, 0, 0, 0, 0, 4, 7, 0, 0], [0, 6, 0, 0, 0, 0, 0, 0, 0], [5, 0, 7, 0, 0, 0, 3, 0, 0], [0, 0, 0, 6, 2, 0, 0, 0, 0], [0, 0, 0, 1, 0, 0, 0, 0, 0]]
2023-04-30 00:21:23,319 - INFO - Final puzzle solved:
2023-04-30 00:21:23,320 - INFO - [[4, 3, 6, 9, 7, 5, 8, 1, 2], [6, 5, 8, 2, 3, 7, 1, 9, 4], [8, 1, 5, 7, 6, 2, 9, 4, 3], [1, 2, 9, 5, 8, 6, 4, 3, 7], [2, 8, 1, 3, 5, 4, 7, 6, 9], [9, 6, 3, 4, 1, 8, 2, 7, 5], [5, 4, 7, 8, 9, 1, 3, 2, 6], [3, 7, 4, 6, 2, 9, 5, 8, 1], [7, 9, 2, 1, 4, 3, 6, 5, 8]]
2023-04-30 00:21:23,320 - INFO - Number of tries: 459278
2023-04-30 00:21:23,320 - INFO - Total Execution Time (s): 1.582444083000155
2023-04-30 00:21:23,320 - INFO - 
2023-04-30 00:21:23,320 - INFO - 
2023-04-30 00:21:23,320 - INFO - BACKTRACKING ALGORITHM
2023-04-30 00:21:23,320 - INFO - MinigridBacktrackingSudoku Version
2023-04-30 00:21:23,320 - INFO - size: 9
2023-04-30 00:21:23,320 - INFO - Initial puzzle: 
[[0, 0, 0, 0, 0, 0, 0, 1, 2], [0, 4, 0, 0, 5, 0, 0, 0, 0], [0, 0, 0, 0, 0, 9, 0, 0, 0], [0, 7, 0, 6, 0, 0, 4, 0, 0], [0, 0, 0, 1, 0, 0, 0, 0, 0], [0, 0, 0, 0, 0, 0, 0, 5, 0], [0, 0, 0, 0, 8, 7, 5, 0, 0], [6, 0, 1, 0, 0, 0, 3, 0, 0], [2, 0, 0, 0, 0, 0, 0, 0, 0]]
2023-04-30 00:21:23,780 - INFO - Final puzzle solved:
2023-04-30 00:21:23,780 - INFO - [[7, 5, 6, 3, 4, 8, 9, 1, 2], [1, 4, 7, 8, 5, 6, 2, 9, 3], [8, 6, 3, 2, 7, 9, 1, 4, 5], [5, 7, 9, 6, 1, 3, 4, 2, 8], [3, 2, 5, 1, 6, 4, 7, 8, 9], [4, 3, 8, 9, 2, 1, 6, 5, 7], [9, 1, 2, 4, 8, 7, 5, 3, 6], [6, 8, 1, 5, 9, 2, 3, 7, 4], [2, 9, 4, 7, 3, 5, 8, 6, 1]]
2023-04-30 00:21:23,780 - INFO - Number of tries: 179504
2023-04-30 00:21:23,780 - INFO - Total Execution Time (s): 0.45973440199986726
2023-04-30 00:21:23,780 - INFO - 
2023-04-30 00:21:23,780 - INFO - 
2023-04-30 00:21:23,780 - INFO - BACKTRACKING ALGORITHM
2023-04-30 00:21:23,780 - INFO - MinigridBacktrackingSudoku Version
2023-04-30 00:21:23,780 - INFO - size: 9
2023-04-30 00:21:23,780 - INFO - Initial puzzle: 
[[0, 0, 0, 0, 0, 0, 0, 1, 2], [0, 5, 0, 4, 0, 0, 0, 0, 0], [0, 0, 0, 0, 0, 0, 0, 3, 0], [7, 0, 0, 6, 0, 0, 4, 0, 0], [0, 0, 1, 0, 0, 0, 0, 0, 0], [0, 0, 0, 0, 8, 0, 0, 0, 0], [9, 2, 0, 0, 0, 0, 8, 0, 0], [0, 0, 0, 5, 1, 0, 7, 0, 0], [0, 0, 0, 0, 0, 3, 0, 0, 0]]
2023-04-30 00:21:24,203 - INFO - Final puzzle solved:
2023-04-30 00:21:24,203 - INFO - [[3, 6, 7, 8, 4, 5, 9, 1, 2], [6, 5, 8, 4, 9, 7, 1, 2, 3], [1, 4, 5, 7, 6, 9, 2, 3, 8], [7, 8, 3, 6, 2, 1, 4, 9, 5], [2, 7, 1, 9, 5, 8, 3, 6, 4], [4, 1, 2, 3, 8, 6, 5, 7, 9], [9, 2, 6, 1, 3, 4, 8, 5, 7], [8, 3, 9, 5, 1, 2, 7, 4, 6], [5, 9, 4, 2, 7, 3, 6, 8, 1]]
2023-04-30 00:21:24,203 - INFO - Number of tries: 180518
2023-04-30 00:21:24,203 - INFO - Total Execution Time (s): 0.4229150120004306
2023-04-30 00:21:24,203 - INFO - 
2023-04-30 00:21:24,203 - INFO - 
2023-04-30 00:21:24,203 - INFO - BACKTRACKING ALGORITHM
2023-04-30 00:21:24,203 - INFO - MinigridBacktrackingSudoku Version
2023-04-30 00:21:24,203 - INFO - size: 9
2023-04-30 00:21:24,204 - INFO - Initial puzzle: 
[[0, 0, 0, 0, 0, 0, 0, 1, 2], [3, 0, 0, 0, 0, 0, 0, 6, 0], [0, 0, 0, 0, 4, 0, 0, 0, 0], [9, 0, 0, 0, 0, 0, 5, 0, 0], [0, 0, 0, 0, 0, 1, 0, 7, 0], [0, 2, 0, 0, 0, 0, 0, 0, 0], [0, 0, 0, 3, 5, 0, 4, 0, 0], [0, 0, 1, 4, 0, 0, 8, 0, 0], [0, 6, 0, 0, 0, 0, 0, 0, 0]]
2023-04-30 00:21:27,097 - INFO - Final puzzle solved:
2023-04-30 00:21:27,097 - INFO - [[5, 8, 7, 6, 3, 4, 9, 1, 2], [3, 7, 5, 2, 8, 9, 1, 6, 4], [6, 1, 8, 7, 4, 5, 2, 9, 3], [9, 4, 6, 1, 7, 3, 5, 2, 8], [8, 3, 4, 9, 2, 1, 6, 7, 5], [7, 2, 9, 5, 6, 8, 3, 4, 1], [1, 9, 2, 3, 5, 7, 4, 8, 6], [2, 5, 1, 4, 9, 6, 8, 3, 7], [4, 6, 3, 8, 1, 2, 7, 5, 9]]
2023-04-30 00:21:27,097 - INFO - Number of tries: 1198260
2023-04-30 00:21:27,097 - INFO - Total Execution Time (s): 2.89303373499979
2023-04-30 00:21:27,097 - INFO - 
2023-04-30 00:21:27,097 - INFO - 
2023-04-30 00:21:27,097 - INFO - BACKTRACKING ALGORITHM
2023-04-30 00:21:27,097 - INFO - MinigridBacktrackingSudoku Version
2023-04-30 00:21:27,097 - INFO - size: 9
2023-04-30 00:21:27,097 - INFO - Initial puzzle: 
[[0, 0, 0, 0, 0, 0, 0, 1, 2], [4, 0, 0, 0, 9, 0, 0, 0, 0], [0, 0, 0, 0, 0, 0, 0, 5, 0], [0, 7, 0, 2, 0, 0, 0, 0, 0], [6, 0, 0, 0, 0, 0, 4, 0, 0], [0, 0, 0, 1, 0, 8, 0, 0, 0], [0, 1, 8, 0, 0, 0, 0, 0, 0], [0, 0, 0, 0, 3, 0, 7, 0, 0], [5, 0, 2, 0, 0, 0, 0, 0, 0]]
2023-04-30 00:21:42,424 - INFO - Final puzzle solved:
2023-04-30 00:21:42,424 - INFO - [[3, 9, 4, 6, 5, 7, 8, 1, 2], [4, 8, 7, 5, 9, 6, 1, 2, 3], [7, 4, 6, 3, 2, 1, 9, 5, 8], [1, 7, 5, 2, 8, 4, 3, 9, 6], [6, 5, 9, 8, 1, 2, 4, 3, 7], [9, 6, 3, 1, 4, 8, 2, 7, 5], [2, 1, 8, 7, 6, 3, 5, 4, 9], [8, 2, 1, 9, 3, 5, 7, 6, 4], [5, 3, 2, 4, 7, 9, 6, 8, 1]]
2023-04-30 00:21:42,424 - INFO - Number of tries: 5330946
2023-04-30 00:21:42,424 - INFO - Total Execution Time (s): 15.325580238999919
2023-04-30 00:21:42,424 - INFO - 
2023-04-30 00:21:42,424 - INFO - 
2023-04-30 00:21:42,424 - INFO - BACKTRACKING ALGORITHM
2023-04-30 00:21:42,424 - INFO - MinigridBacktrackingSudoku Version
2023-04-30 00:21:42,424 - INFO - size: 9
2023-04-30 00:21:42,424 - INFO - Initial puzzle: 
[[0, 0, 0, 0, 0, 0, 0, 1, 2], [5, 0, 0, 0, 0, 8, 0, 0, 0], [0, 0, 0, 7, 0, 0, 0, 0, 0], [6, 0, 0, 1, 2, 0, 0, 0, 0], [7, 0, 0, 0, 0, 0, 4, 5, 0], [0, 0, 0, 0, 3, 0, 0, 0, 0], [0, 3, 0, 0, 0, 0, 8, 0, 0], [0, 0, 0, 5, 0, 0, 7, 0, 0], [0, 2, 0, 0, 0, 0, 0, 0, 0]]
2023-04-30 00:21:42,748 - INFO - Final puzzle solved:
2023-04-30 00:21:42,748 - INFO - [[8, 6, 4, 3, 9, 7, 5, 1, 2], [5, 7, 3, 6, 4, 8, 1, 2, 9], [3, 1, 5, 7, 8, 9, 2, 4, 6], [6, 4, 7, 1, 2, 3, 9, 8, 5], [7, 8, 2, 9, 6, 1, 4, 5, 3], [4, 5, 9, 8, 3, 2, 6, 7, 1], [1, 3, 6, 2, 5, 4, 8, 9, 7], [2, 9, 8, 5, 1, 6, 7, 3, 4], [9, 2, 1, 4, 7, 5, 3, 6, 8]]
2023-04-30 00:21:42,748 - INFO - Number of tries: 135505
2023-04-30 00:21:42,749 - INFO - Total Execution Time (s): 0.32422866200022327
2023-04-30 00:21:42,749 - INFO - 
2023-04-30 00:21:42,749 - INFO - 
2023-04-30 00:21:42,749 - INFO - BACKTRACKING ALGORITHM
2023-04-30 00:21:42,749 - INFO - MinigridBacktrackingSudoku Version
2023-04-30 00:21:42,749 - INFO - size: 9
2023-04-30 00:21:42,749 - INFO - Initial puzzle: 
[[0, 0, 0, 0, 0, 0, 0, 1, 2], [7, 0, 0, 0, 6, 0, 0, 0, 0], [0, 0, 0, 0, 0, 0, 0, 5, 0], [0, 8, 0, 2, 0, 0, 0, 0, 0], [6, 0, 0, 0, 0, 0, 4, 0, 0], [0, 0, 0, 1, 0, 9, 0, 0, 0], [0, 1, 9, 0, 0, 0, 0, 0, 0], [0, 0, 0, 0, 3, 0, 8, 0, 0], [5, 0, 2, 0, 0, 0, 0, 0, 0]]
2023-04-30 00:21:45,811 - INFO - Final puzzle solved:
2023-04-30 00:21:45,812 - INFO - [[9, 6, 8, 5, 4, 7, 3, 1, 2], [7, 9, 5, 8, 6, 4, 1, 2, 3], [4, 3, 6, 7, 8, 2, 9, 5, 1], [3, 8, 7, 2, 1, 6, 5, 9, 4], [6, 5, 1, 3, 2, 8, 4, 7, 9], [8, 7, 3, 1, 5, 9, 2, 4, 6], [2, 1, 9, 4, 7, 3, 6, 8, 5], [1, 2, 4, 9, 3, 5, 8, 6, 7], [5, 4, 2, 6, 9, 1, 7, 3, 8]]
2023-04-30 00:21:45,812 - INFO - Number of tries: 1256719
2023-04-30 00:21:45,812 - INFO - Total Execution Time (s): 3.0624560350001957
2023-04-30 00:21:45,812 - INFO - 
2023-04-30 00:21:45,812 - INFO - 
2023-04-30 00:21:45,812 - INFO - BACKTRACKING ALGORITHM
2023-04-30 00:21:45,812 - INFO - MinigridBacktrackingSudoku Version
2023-04-30 00:21:45,812 - INFO - size: 9
2023-04-30 00:21:45,812 - INFO - Initial puzzle: 
[[0, 0, 0, 0, 0, 0, 0, 1, 2], [8, 0, 0, 0, 4, 0, 0, 0, 0], [0, 0, 0, 0, 0, 0, 0, 6, 0], [0, 9, 0, 2, 0, 0, 0, 0, 0], [7, 0, 0, 0, 0, 0, 4, 0, 0], [0, 0, 0, 5, 0, 1, 0, 0, 0], [0, 1, 5, 0, 0, 0, 0, 0, 0], [0, 0, 0, 0, 3, 0, 9, 0, 0], [6, 0, 2, 0, 0, 0, 0, 0, 0]]
2023-04-30 00:24:44,543 - INFO - Final puzzle solved:
2023-04-30 00:24:44,543 - INFO - [[3, 4, 9, 6, 5, 7, 8, 1, 2], [8, 7, 6, 9, 4, 5, 1, 2, 3], [5, 8, 4, 1, 7, 2, 3, 6, 9], [4, 9, 7, 2, 1, 3, 6, 8, 5], [7, 5, 1, 8, 2, 9, 4, 3, 6], [9, 6, 3, 5, 8, 1, 2, 4, 7], [2, 1, 5, 3, 6, 4, 7, 9, 8], [1, 2, 8, 7, 3, 6, 9, 5, 4], [6, 3, 2, 4, 9, 8, 5, 7, 1]]
2023-04-30 00:24:44,543 - INFO - Number of tries: 72127709
2023-04-30 00:24:44,543 - INFO - Total Execution Time (s): 178.7207936310001
2023-04-30 00:24:44,543 - INFO - 
2023-04-30 00:24:44,543 - INFO - 
2023-04-30 00:24:44,543 - INFO - BACKTRACKING ALGORITHM
2023-04-30 00:24:44,543 - INFO - MinigridBacktrackingSudoku Version
2023-04-30 00:24:44,543 - INFO - size: 9
2023-04-30 00:24:44,543 - INFO - Initial puzzle: 
[[0, 0, 0, 0, 0, 0, 0, 1, 2], [9, 8, 0, 0, 0, 0, 0, 0, 0], [0, 0, 0, 6, 0, 0, 0, 0, 0], [1, 0, 0, 7, 0, 0, 0, 8, 0], [4, 0, 2, 0, 0, 0, 0, 0, 0], [0, 0, 0, 3, 0, 0, 6, 0, 0], [0, 7, 0, 0, 0, 0, 3, 0, 0], [0, 5, 0, 0, 4, 0, 0, 0, 0], [0, 0, 0, 0, 1, 0, 0, 0, 0]]
2023-04-30 00:24:44,582 - INFO - Final puzzle solved:
2023-04-30 00:24:44,582 - INFO - [[3, 9, 7, 4, 6, 8, 5, 1, 2], [9, 8, 5, 2, 3, 4, 1, 6, 7], [5, 4, 8, 6, 7, 9, 2, 3, 1], [1, 2, 3, 7, 9, 6, 4, 8, 5], [4, 3, 2, 1, 8, 7, 9, 5, 6], [8, 1, 9, 3, 2, 5, 6, 7, 4], [2, 7, 6, 9, 5, 1, 3, 4, 8], [6, 5, 1, 8, 4, 2, 7, 9, 3], [7, 6, 4, 5, 1, 3, 8, 2, 9]]
2023-04-30 00:24:44,582 - INFO - Number of tries: 17793
2023-04-30 00:24:44,582 - INFO - Total Execution Time (s): 0.03910645199994178
2023-04-30 00:24:44,582 - INFO - 
2023-04-30 00:24:44,582 - INFO - 
2023-04-30 00:24:44,582 - INFO - BACKTRACKING ALGORITHM
2023-04-30 00:24:44,582 - INFO - MinigridBacktrackingSudoku Version
2023-04-30 00:24:44,582 - INFO - size: 9
2023-04-30 00:24:44,582 - INFO - Initial puzzle: 
[[0, 0, 0, 0, 0, 0, 0, 1, 3], [0, 0, 0, 0, 3, 0, 0, 8, 0], [0, 7, 0, 0, 0, 0, 0, 0, 0], [0, 0, 0, 2, 0, 6, 0, 0, 0], [0, 3, 0, 0, 0, 0, 9, 0, 0], [0, 0, 0, 0, 1, 0, 0, 0, 0], [6, 0, 0, 5, 0, 0, 2, 0, 4], [0, 0, 0, 4, 0, 0, 7, 0, 0], [1, 0, 0, 0, 0, 0, 0, 0, 0]]
2023-04-30 00:24:44,594 - INFO - Final puzzle solved:
2023-04-30 00:24:44,594 - INFO - [[4, 2, 5, 9, 6, 7, 8, 1, 3], [2, 5, 7, 6, 3, 4, 1, 8, 9], [8, 7, 6, 1, 5, 9, 3, 4, 2], [7, 9, 8, 2, 4, 6, 5, 3, 1], [5, 3, 4, 8, 2, 1, 9, 6, 7], [9, 4, 2, 3, 1, 8, 6, 7, 5], [6, 8, 1, 5, 7, 3, 2, 9, 4], [3, 1, 9, 4, 8, 5, 7, 2, 6], [1, 6, 3, 7, 9, 2, 4, 5, 8]]
2023-04-30 00:24:44,594 - INFO - Number of tries: 5181
2023-04-30 00:24:44,594 - INFO - Total Execution Time (s): 0.01157312900022589
2023-04-30 00:24:44,594 - INFO - 
2023-04-30 00:24:44,594 - INFO - 
2023-04-30 00:24:44,594 - INFO - BACKTRACKING ALGORITHM
2023-04-30 00:24:44,594 - INFO - MinigridBacktrackingSudoku Version
2023-04-30 00:24:44,594 - INFO - size: 9
2023-04-30 00:24:44,594 - INFO - Initial puzzle: 
[[0, 0, 0, 0, 0, 0, 0, 1, 3], [0, 0, 0, 2, 0, 0, 0, 0, 0], [0, 0, 0, 0, 0, 0, 0, 8, 0], [0, 0, 0, 7, 6, 0, 2, 0, 0], [0, 0, 8, 0, 0, 0, 4, 0, 0], [0, 1, 0, 0, 0, 0, 0, 0, 0], [2, 0, 0, 0, 0, 0, 7, 5, 0], [6, 0, 0, 3, 4, 0, 0, 0, 0], [0, 0, 0, 0, 0, 8, 0, 0, 0]]
2023-04-30 00:24:44,597 - INFO - Final puzzle solved:
2023-04-30 00:24:44,597 - INFO - [[4, 7, 6, 5, 9, 2, 8, 1, 3], [8, 4, 5, 2, 7, 6, 1, 3, 9], [3, 5, 7, 6, 1, 4, 9, 8, 2], [1, 8, 3, 7, 6, 5, 2, 9, 4], [9, 2, 8, 1, 5, 3, 4, 6, 7], [7, 1, 2, 8, 3, 9, 6, 4, 5], [2, 3, 4, 9, 8, 1, 7, 5, 6], [6, 9, 1, 3, 4, 7, 5, 2, 8], [5, 6, 9, 4, 2, 8, 3, 7, 1]]
2023-04-30 00:24:44,597 - INFO - Number of tries: 1214
2023-04-30 00:24:44,597 - INFO - Total Execution Time (s): 0.003009481999924901
2023-04-30 00:24:44,597 - INFO - 
2023-04-30 00:24:44,597 - INFO - 
2023-04-30 00:24:44,597 - INFO - BACKTRACKING ALGORITHM
2023-04-30 00:24:44,598 - INFO - MinigridBacktrackingSudoku Version
2023-04-30 00:24:44,598 - INFO - size: 9
2023-04-30 00:24:44,598 - INFO - Initial puzzle: 
[[0, 0, 0, 0, 0, 0, 0, 1, 3], [0, 0, 0, 5, 0, 0, 0, 7, 0], [0, 0, 0, 8, 0, 2, 0, 0, 0], [0, 0, 0, 4, 0, 0, 9, 0, 0], [1, 0, 7, 0, 0, 0, 0, 0, 0], [0, 0, 0, 0, 0, 0, 2, 0, 0], [8, 9, 0, 0, 0, 0, 0, 5, 0], [0, 4, 0, 0, 0, 0, 6, 0, 0], [0, 0, 0, 0, 1, 0, 0, 0, 0]]
2023-04-30 00:24:57,306 - INFO - Final puzzle solved:
2023-04-30 00:24:57,306 - INFO - [[7, 5, 6, 9, 2, 8, 4, 1, 3], [3, 2, 4, 5, 9, 1, 8, 7, 6], [6, 3, 5, 8, 7, 2, 1, 9, 4], [2, 7, 3, 4, 6, 5, 9, 8, 1], [1, 6, 7, 2, 5, 9, 3, 4, 8], [5, 1, 9, 6, 8, 4, 2, 3, 7], [8, 9, 1, 3, 4, 6, 7, 5, 2], [9, 4, 8, 1, 3, 7, 6, 2, 5], [4, 8, 2, 7, 1, 3, 5, 6, 9]]
2023-04-30 00:24:57,306 - INFO - Number of tries: 5460708
2023-04-30 00:24:57,306 - INFO - Total Execution Time (s): 12.708063665000282
2023-04-30 00:24:57,306 - INFO - 
2023-04-30 00:24:57,306 - INFO - 
2023-04-30 00:24:57,306 - INFO - BACKTRACKING ALGORITHM
2023-04-30 00:24:57,307 - INFO - MinigridBacktrackingSudoku Version
2023-04-30 00:24:57,307 - INFO - size: 9
2023-04-30 00:24:57,307 - INFO - Initial puzzle: 
[[0, 0, 0, 0, 0, 0, 0, 1, 3], [0, 0, 0, 7, 0, 0, 0, 6, 0], [0, 0, 0, 5, 0, 8, 0, 0, 0], [0, 0, 0, 4, 0, 0, 8, 0, 0], [1, 0, 6, 0, 0, 0, 0, 0, 0], [0, 0, 0, 0, 0, 0, 2, 0, 0], [7, 4, 0, 0, 0, 0, 0, 5, 0], [0, 2, 0, 0, 0, 0, 4, 0, 0], [0, 0, 0, 0, 1, 0, 0, 0, 0]]
2023-04-30 00:24:59,494 - INFO - Final puzzle solved:
2023-04-30 00:24:59,494 - INFO - [[4, 6, 7, 8, 2, 9, 5, 1, 3], [5, 8, 2, 7, 3, 4, 1, 6, 9], [6, 3, 4, 5, 7, 8, 9, 2, 1], [2, 1, 5, 4, 6, 3, 8, 9, 7], [1, 5, 6, 9, 4, 7, 3, 8, 2], [9, 7, 8, 6, 5, 1, 2, 3, 4], [7, 4, 1, 3, 9, 2, 6, 5, 8], [3, 2, 9, 1, 8, 5, 4, 7, 6], [8, 9, 3, 2, 1, 6, 7, 4, 5]]
2023-04-30 00:24:59,494 - INFO - Number of tries: 786482
2023-04-30 00:24:59,494 - INFO - Total Execution Time (s): 2.1868061959999068
2023-04-30 00:24:59,494 - INFO - 
2023-04-30 00:24:59,494 - INFO - 
2023-04-30 00:24:59,494 - INFO - BACKTRACKING ALGORITHM
2023-04-30 00:24:59,494 - INFO - MinigridBacktrackingSudoku Version
2023-04-30 00:24:59,494 - INFO - size: 9
2023-04-30 00:24:59,494 - INFO - Initial puzzle: 
[[0, 0, 0, 0, 0, 0, 0, 1, 3], [0, 0, 0, 7, 0, 0, 0, 6, 0], [0, 0, 0, 5, 0, 9, 0, 0, 0], [0, 0, 0, 4, 0, 0, 9, 0, 0], [1, 0, 6, 0, 0, 0, 0, 0, 0], [0, 0, 0, 0, 0, 0, 2, 0, 0], [7, 4, 0, 0, 0, 0, 0, 5, 0], [0, 8, 0, 0, 0, 0, 4, 0, 0], [0, 0, 0, 0, 1, 0, 0, 0, 0]]
2023-04-30 00:25:04,611 - INFO - Final puzzle solved:
2023-04-30 00:25:04,611 - INFO - [[9, 6, 7, 8, 2, 4, 5, 1, 3], [4, 2, 3, 7, 9, 1, 8, 6, 5], [3, 7, 4, 5, 6, 9, 1, 2, 8], [2, 1, 5, 4, 7, 3, 9, 8, 6], [1, 5, 6, 9, 8, 7, 3, 4, 2], [5, 3, 8, 1, 4, 6, 2, 9, 7], [7, 4, 1, 2, 3, 8, 6, 5, 9], [6, 8, 9, 3, 5, 2, 4, 7, 1], [8, 9, 2, 6, 1, 5, 7, 3, 4]]
2023-04-30 00:25:04,611 - INFO - Number of tries: 2151233
2023-04-30 00:25:04,611 - INFO - Total Execution Time (s): 5.117057496999678
2023-04-30 00:25:04,611 - INFO - 
2023-04-30 00:25:04,611 - INFO - 
2023-04-30 00:25:04,611 - INFO - BACKTRACKING ALGORITHM
2023-04-30 00:25:04,612 - INFO - MinigridBacktrackingSudoku Version
2023-04-30 00:25:04,612 - INFO - size: 9
2023-04-30 00:25:04,612 - INFO - Initial puzzle: 
[[0, 0, 0, 0, 0, 0, 0, 1, 3], [0, 0, 0, 8, 0, 0, 0, 7, 0], [0, 0, 0, 5, 0, 2, 0, 0, 0], [0, 0, 0, 4, 0, 0, 9, 0, 0], [1, 0, 7, 0, 0, 0, 0, 0, 0], [0, 0, 0, 0, 0, 0, 2, 0, 0], [8, 9, 0, 0, 0, 0, 0, 5, 0], [0, 4, 0, 0, 0, 0, 6, 0, 0], [0, 0, 0, 0, 1, 0, 0, 0, 0]]
2023-04-30 00:25:04,656 - INFO - Final puzzle solved:
2023-04-30 00:25:04,656 - INFO - [[7, 5, 6, 9, 2, 8, 4, 1, 3], [5, 2, 4, 8, 3, 6, 1, 7, 9], [6, 7, 3, 5, 4, 2, 8, 9, 1], [2, 3, 5, 4, 7, 1, 9, 8, 6], [1, 6, 7, 2, 9, 5, 3, 4, 8], [4, 1, 9, 6, 8, 7, 2, 3, 5], [8, 9, 1, 3, 6, 4, 7, 5, 2], [9, 4, 8, 1, 5, 3, 6, 2, 7], [3, 8, 2, 7, 1, 9, 5, 6, 4]]
2023-04-30 00:25:04,656 - INFO - Number of tries: 20300
2023-04-30 00:25:04,657 - INFO - Total Execution Time (s): 0.04472693199977584
2023-04-30 00:25:04,657 - INFO - 
2023-04-30 00:25:04,657 - INFO - 
2023-04-30 00:25:04,657 - INFO - BACKTRACKING ALGORITHM
2023-04-30 00:25:04,657 - INFO - MinigridBacktrackingSudoku Version
2023-04-30 00:25:04,657 - INFO - size: 9
2023-04-30 00:25:04,657 - INFO - Initial puzzle: 
[[0, 0, 0, 0, 0, 0, 0, 1, 3], [0, 2, 0, 5, 0, 0, 0, 0, 0], [0, 0, 0, 0, 0, 0, 0, 0, 0], [1, 0, 3, 0, 0, 0, 0, 7, 0], [0, 0, 0, 8, 0, 2, 0, 0, 0], [0, 0, 4, 0, 0, 0, 0, 0, 0], [0, 0, 0, 3, 4, 0, 5, 0, 0], [6, 7, 0, 0, 0, 0, 2, 0, 0], [0, 0, 0, 0, 1, 0, 0, 0, 0]]
2023-04-30 00:25:04,664 - INFO - Final puzzle solved:
2023-04-30 00:25:04,664 - INFO - [[4, 5, 2, 7, 6, 9, 8, 1, 3], [9, 2, 6, 5, 3, 7, 1, 4, 8], [5, 3, 7, 6, 2, 4, 9, 8, 1], [1, 4, 3, 9, 8, 5, 6, 7, 2], [3, 1, 9, 8, 7, 2, 4, 5, 6], [7, 8, 4, 2, 5, 1, 3, 6, 9], [8, 9, 1, 3, 4, 6, 5, 2, 7], [6, 7, 5, 1, 9, 8, 2, 3, 4], [2, 6, 8, 4, 1, 3, 7, 9, 5]]
2023-04-30 00:25:04,664 - INFO - Number of tries: 3218
2023-04-30 00:25:04,664 - INFO - Total Execution Time (s): 0.007317867999972805
2023-04-30 00:25:04,664 - INFO - 
2023-04-30 00:25:04,664 - INFO - 
2023-04-30 00:25:04,664 - INFO - BACKTRACKING ALGORITHM
2023-04-30 00:25:04,664 - INFO - MinigridBacktrackingSudoku Version
2023-04-30 00:25:04,664 - INFO - size: 9
2023-04-30 00:25:04,665 - INFO - Initial puzzle: 
[[0, 0, 0, 0, 0, 0, 0, 1, 3], [0, 4, 0, 0, 0, 0, 0, 8, 0], [2, 0, 0, 0, 6, 0, 0, 0, 0], [6, 0, 9, 0, 0, 0, 4, 0, 0], [0, 0, 0, 8, 0, 0, 0, 0, 0], [0, 0, 0, 3, 0, 0, 0, 0, 0], [0, 3, 0, 1, 0, 0, 5, 0, 0], [0, 0, 0, 0, 4, 0, 7, 0, 6], [0, 0, 0, 0, 0, 0, 0, 0, 0]]
2023-04-30 00:25:04,842 - INFO - Final puzzle solved:
2023-04-30 00:25:04,842 - INFO - [[8, 6, 2, 7, 5, 4, 9, 1, 3], [3, 4, 6, 5, 7, 2, 1, 8, 9], [2, 5, 3, 4, 6, 7, 8, 9, 1], [6, 8, 9, 2, 1, 3, 4, 5, 7], [4, 1, 5, 8, 3, 9, 6, 7, 2], [5, 7, 4, 3, 9, 1, 2, 6, 8], [9, 3, 7, 1, 8, 6, 5, 2, 4], [1, 2, 8, 9, 4, 5, 7, 3, 6], [7, 9, 1, 6, 2, 8, 3, 4, 5]]
2023-04-30 00:25:04,842 - INFO - Number of tries: 84317
2023-04-30 00:25:04,842 - INFO - Total Execution Time (s): 0.17747615600001154
2023-04-30 00:25:04,842 - INFO - 
2023-04-30 00:25:04,842 - INFO - 
2023-04-30 00:25:04,842 - INFO - BACKTRACKING ALGORITHM
2023-04-30 00:25:04,842 - INFO - MinigridBacktrackingSudoku Version
2023-04-30 00:25:04,842 - INFO - size: 9
2023-04-30 00:25:04,842 - INFO - Initial puzzle: 
[[0, 0, 0, 0, 0, 0, 0, 1, 3], [0, 4, 0, 0, 0, 0, 0, 8, 0], [2, 0, 0, 0, 6, 0, 0, 0, 0], [9, 0, 6, 0, 0, 0, 4, 0, 0], [0, 0, 0, 8, 0, 0, 0, 0, 0], [0, 0, 0, 3, 0, 0, 0, 0, 0], [0, 3, 0, 1, 0, 0, 5, 0, 0], [0, 0, 0, 0, 4, 0, 7, 0, 6], [0, 0, 0, 0, 0, 0, 0, 0, 0]]
2023-04-30 00:25:04,938 - INFO - Final puzzle solved:
2023-04-30 00:25:04,938 - INFO - [[4, 2, 8, 6, 5, 7, 9, 1, 3], [3, 4, 2, 5, 7, 6, 1, 8, 9], [2, 7, 3, 4, 6, 5, 8, 9, 1], [9, 8, 6, 2, 1, 3, 4, 5, 7], [7, 1, 5, 8, 9, 4, 3, 6, 2], [1, 9, 4, 3, 2, 8, 6, 7, 5], [6, 3, 7, 1, 8, 9, 5, 2, 4], [8, 5, 1, 9, 4, 2, 7, 3, 6], [5, 6, 9, 7, 3, 1, 2, 4, 8]]
2023-04-30 00:25:04,938 - INFO - Number of tries: 45859
2023-04-30 00:25:04,938 - INFO - Total Execution Time (s): 0.09518579399991722
2023-04-30 00:25:04,938 - INFO - 
2023-04-30 00:25:04,938 - INFO - 
2023-04-30 00:25:04,938 - INFO - BACKTRACKING ALGORITHM
2023-04-30 00:25:04,938 - INFO - MinigridBacktrackingSudoku Version
2023-04-30 00:25:04,938 - INFO - size: 9
2023-04-30 00:25:04,938 - INFO - Initial puzzle: 
[[0, 0, 0, 0, 0, 0, 0, 1, 3], [0, 4, 0, 0, 0, 0, 0, 9, 0], [2, 0, 0, 0, 7, 0, 0, 0, 0], [6, 0, 7, 0, 0, 0, 4, 0, 0], [0, 0, 0, 3, 0, 0, 0, 0, 0], [0, 0, 0, 9, 0, 0, 0, 0, 0], [0, 3, 0, 1, 0, 0, 5, 0, 0], [0, 0, 0, 0, 6, 0, 8, 0, 7], [0, 0, 0, 0, 0, 0, 0, 0, 0]]
2023-04-30 00:25:05,225 - INFO - Final puzzle solved:
2023-04-30 00:25:05,225 - INFO - [[8, 7, 2, 6, 5, 4, 9, 1, 3], [7, 4, 1, 5, 3, 6, 2, 9, 8], [2, 6, 3, 4, 7, 5, 1, 8, 9], [6, 9, 7, 8, 1, 3, 4, 5, 2], [4, 8, 9, 3, 2, 1, 7, 6, 5], [5, 1, 8, 9, 4, 2, 3, 7, 6], [9, 3, 6, 1, 8, 7, 5, 2, 4], [1, 5, 4, 2, 6, 9, 8, 3, 7], [3, 2, 5, 7, 9, 8, 6, 4, 1]]
2023-04-30 00:25:05,225 - INFO - Number of tries: 134482
2023-04-30 00:25:05,225 - INFO - Total Execution Time (s): 0.28698849600004905
2023-04-30 00:25:05,225 - INFO - 
2023-04-30 00:25:05,225 - INFO - 
2023-04-30 00:25:05,225 - INFO - BACKTRACKING ALGORITHM
2023-04-30 00:25:05,225 - INFO - MinigridBacktrackingSudoku Version
2023-04-30 00:25:05,226 - INFO - size: 9
2023-04-30 00:25:05,226 - INFO - Initial puzzle: 
[[0, 0, 0, 0, 0, 0, 0, 1, 3], [0, 4, 0, 0, 0, 0, 0, 9, 0], [2, 0, 0, 0, 7, 0, 0, 0, 0], [7, 0, 6, 0, 0, 0, 4, 0, 0], [0, 0, 0, 3, 0, 0, 0, 0, 0], [0, 0, 0, 9, 0, 0, 0, 0, 0], [0, 3, 0, 1, 0, 0, 5, 0, 0], [0, 0, 0, 0, 6, 0, 8, 0, 7], [0, 0, 0, 0, 0, 0, 0, 0, 0]]
2023-04-30 00:25:05,495 - INFO - Final puzzle solved:
2023-04-30 00:25:05,495 - INFO - [[8, 7, 2, 6, 5, 4, 9, 1, 3], [6, 4, 1, 5, 3, 7, 2, 9, 8], [2, 6, 3, 4, 7, 5, 1, 8, 9], [7, 9, 6, 8, 1, 3, 4, 5, 2], [4, 8, 9, 3, 2, 1, 7, 6, 5], [5, 1, 8, 9, 4, 2, 3, 7, 6], [9, 3, 7, 1, 8, 6, 5, 2, 4], [1, 5, 4, 2, 6, 9, 8, 3, 7], [3, 2, 5, 7, 9, 8, 6, 4, 1]]
2023-04-30 00:25:05,495 - INFO - Number of tries: 127476
2023-04-30 00:25:05,495 - INFO - Total Execution Time (s): 0.2690687690001141
2023-04-30 00:25:05,495 - INFO - 
2023-04-30 00:25:05,495 - INFO - 
2023-04-30 00:25:05,495 - INFO - BACKTRACKING ALGORITHM
2023-04-30 00:25:05,495 - INFO - MinigridBacktrackingSudoku Version
2023-04-30 00:25:05,495 - INFO - size: 9
2023-04-30 00:25:05,495 - INFO - Initial puzzle: 
[[0, 0, 0, 0, 0, 0, 0, 1, 3], [2, 0, 0, 8, 0, 0, 0, 0, 0], [3, 0, 0, 0, 0, 0, 0, 7, 0], [0, 0, 0, 2, 0, 0, 6, 0, 0], [0, 0, 1, 0, 0, 0, 0, 0, 0], [0, 4, 0, 0, 0, 0, 0, 0, 0], [0, 0, 0, 4, 0, 1, 5, 0, 0], [6, 8, 0, 0, 0, 0, 2, 0, 0], [0, 0, 0, 0, 7, 0, 0, 0, 0]]
2023-04-30 00:25:06,676 - INFO - Final puzzle solved:
2023-04-30 00:25:06,676 - INFO - [[7, 2, 6, 9, 5, 4, 8, 1, 3], [2, 7, 5, 8, 3, 6, 1, 9, 4], [3, 1, 4, 5, 2, 8, 9, 7, 6], [1, 9, 3, 2, 4, 7, 6, 5, 8], [9, 6, 1, 7, 8, 5, 4, 3, 2], [5, 4, 8, 3, 1, 2, 7, 6, 9], [8, 3, 9, 4, 6, 1, 5, 2, 7], [6, 8, 7, 1, 9, 3, 2, 4, 5], [4, 5, 2, 6, 7, 9, 3, 8, 1]]
2023-04-30 00:25:06,676 - INFO - Number of tries: 575015
2023-04-30 00:25:06,676 - INFO - Total Execution Time (s): 1.1803202209998744
2023-04-30 00:25:06,676 - INFO - 
2023-04-30 00:25:06,676 - INFO - 
2023-04-30 00:25:06,676 - INFO - BACKTRACKING ALGORITHM
2023-04-30 00:25:06,676 - INFO - MinigridBacktrackingSudoku Version
2023-04-30 00:25:06,676 - INFO - size: 9
2023-04-30 00:25:06,676 - INFO - Initial puzzle: 
[[0, 0, 0, 0, 0, 0, 0, 1, 3], [4, 0, 0, 2, 0, 0, 0, 0, 0], [6, 0, 0, 0, 0, 0, 0, 0, 0], [0, 0, 0, 4, 6, 0, 5, 0, 0], [0, 1, 0, 0, 0, 0, 0, 0, 7], [2, 0, 0, 5, 0, 0, 0, 0, 0], [0, 0, 0, 0, 3, 1, 0, 0, 0], [0, 0, 0, 0, 0, 0, 4, 2, 0], [0, 8, 0, 0, 0, 0, 0, 0, 0]]
2023-04-30 00:25:06,746 - INFO - Final puzzle solved:
2023-04-30 00:25:06,746 - INFO - [[9, 2, 7, 6, 4, 5, 8, 1, 3], [4, 3, 5, 2, 7, 6, 1, 9, 8], [6, 4, 8, 7, 5, 9, 2, 3, 1], [1, 9, 3, 4, 6, 7, 5, 8, 2], [3, 1, 4, 8, 9, 2, 6, 5, 7], [2, 7, 1, 5, 8, 3, 9, 4, 6], [8, 5, 2, 9, 3, 1, 7, 6, 4], [7, 6, 9, 3, 1, 8, 4, 2, 5], [5, 8, 6, 1, 2, 4, 3, 7, 9]]
2023-04-30 00:25:06,746 - INFO - Number of tries: 32711
2023-04-30 00:25:06,746 - INFO - Total Execution Time (s): 0.06991876700021749
2023-04-30 00:25:06,746 - INFO - 
2023-04-30 00:25:06,746 - INFO - 
2023-04-30 00:25:06,746 - INFO - BACKTRACKING ALGORITHM
2023-04-30 00:25:06,746 - INFO - MinigridBacktrackingSudoku Version
2023-04-30 00:25:06,746 - INFO - size: 9
2023-04-30 00:25:06,746 - INFO - Initial puzzle: 
[[0, 0, 0, 0, 0, 0, 0, 1, 3], [4, 0, 0, 8, 0, 0, 0, 0, 0], [2, 0, 0, 0, 0, 0, 0, 7, 0], [0, 0, 0, 4, 0, 0, 9, 0, 0], [0, 0, 1, 0, 0, 0, 0, 0, 0], [0, 6, 0, 0, 0, 0, 0, 0, 0], [0, 0, 0, 5, 0, 1, 6, 0, 0], [3, 8, 0, 0, 0, 0, 2, 0, 0], [0, 0, 0, 0, 7, 0, 0, 0, 0]]
2023-04-30 00:25:06,998 - INFO - Final puzzle solved:
2023-04-30 00:25:06,998 - INFO - [[7, 2, 4, 9, 5, 6, 8, 1, 3], [4, 7, 6, 8, 3, 5, 1, 9, 2], [2, 1, 5, 6, 8, 9, 3, 7, 4], [1, 3, 8, 4, 2, 7, 9, 6, 5], [9, 5, 1, 3, 6, 2, 7, 4, 8], [5, 6, 3, 7, 1, 8, 4, 2, 9], [8, 9, 2, 5, 4, 1, 6, 3, 7], [3, 8, 7, 1, 9, 4, 2, 5, 6], [6, 4, 9, 2, 7, 3, 5, 8, 1]]
2023-04-30 00:25:06,998 - INFO - Number of tries: 122157
2023-04-30 00:25:06,998 - INFO - Total Execution Time (s): 0.2517915130001711
2023-04-30 00:25:06,998 - INFO - 
2023-04-30 00:25:06,998 - INFO - 
2023-04-30 00:25:06,998 - INFO - BACKTRACKING ALGORITHM
2023-04-30 00:25:06,998 - INFO - MinigridBacktrackingSudoku Version
2023-04-30 00:25:06,998 - INFO - size: 9
2023-04-30 00:25:06,998 - INFO - Initial puzzle: 
[[0, 0, 0, 0, 0, 0, 0, 1, 4], [0, 0, 0, 0, 0, 0, 2, 0, 3], [8, 0, 0, 0, 5, 0, 0, 0, 0], [0, 0, 0, 2, 0, 7, 0, 0, 0], [0, 3, 1, 0, 0, 0, 0, 0, 0], [0, 0, 0, 0, 0, 0, 6, 5, 0], [6, 0, 0, 0, 0, 0, 7, 0, 0], [0, 0, 0, 1, 4, 0, 0, 0, 0], [0, 0, 0, 3, 0, 0, 0, 0, 0]]
2023-04-30 00:25:07,059 - INFO - Final puzzle solved:
2023-04-30 00:25:07,059 - INFO - [[3, 9, 7, 5, 6, 2, 8, 1, 4], [9, 1, 8, 6, 7, 5, 2, 4, 3], [8, 7, 3, 4, 5, 6, 1, 2, 9], [1, 6, 5, 2, 3, 7, 4, 9, 8], [4, 3, 1, 7, 2, 8, 9, 6, 5], [2, 4, 9, 8, 1, 3, 6, 5, 7], [6, 5, 4, 9, 8, 1, 7, 3, 2], [5, 8, 2, 1, 4, 9, 3, 7, 6], [7, 2, 6, 3, 9, 4, 5, 8, 1]]
2023-04-30 00:25:07,059 - INFO - Number of tries: 27783
2023-04-30 00:25:07,059 - INFO - Total Execution Time (s): 0.060871647000112716
2023-04-30 00:25:07,059 - INFO - 
2023-04-30 00:25:07,059 - INFO - 
2023-04-30 00:25:07,060 - INFO - BACKTRACKING ALGORITHM
2023-04-30 00:25:07,060 - INFO - MinigridBacktrackingSudoku Version
2023-04-30 00:25:07,060 - INFO - size: 9
2023-04-30 00:25:07,060 - INFO - Initial puzzle: 
[[0, 0, 0, 0, 0, 0, 0, 1, 4], [0, 0, 0, 0, 2, 0, 0, 0, 0], [5, 0, 0, 0, 0, 0, 0, 0, 0], [0, 1, 0, 8, 0, 4, 0, 0, 0], [7, 0, 0, 0, 0, 0, 5, 0, 0], [0, 0, 0, 1, 0, 0, 0, 0, 0], [0, 0, 0, 0, 5, 0, 7, 3, 0], [0, 0, 4, 2, 0, 0, 0, 0, 0], [0, 3, 0, 0, 0, 0, 6, 0, 0]]
2023-04-30 00:34:00,289 - INFO - Final puzzle solved:
2023-04-30 00:34:00,289 - INFO - [[9, 5, 7, 3, 8, 6, 2, 1, 4], [4, 9, 5, 7, 2, 3, 1, 6, 8], [5, 4, 8, 6, 9, 7, 3, 2, 1], [2, 1, 6, 8, 3, 4, 9, 5, 7], [7, 2, 3, 9, 1, 8, 5, 4, 6], [3, 7, 9, 1, 6, 2, 4, 8, 5], [6, 8, 2, 4, 5, 1, 7, 3, 9], [1, 6, 4, 2, 7, 5, 8, 9, 3], [8, 3, 1, 5, 4, 9, 6, 7, 2]]
2023-04-30 00:34:00,289 - INFO - Number of tries: 225236935
2023-04-30 00:34:00,289 - INFO - Total Execution Time (s): 533.2035992190004
2023-04-30 00:34:00,290 - INFO - 
2023-04-30 00:34:00,290 - INFO - 
2023-04-30 00:34:00,290 - INFO - BACKTRACKING ALGORITHM
2023-04-30 00:34:00,290 - INFO - MinigridBacktrackingSudoku Version
2023-04-30 00:34:00,290 - INFO - size: 9
2023-04-30 00:34:00,290 - INFO - Initial puzzle: 
[[0, 0, 0, 0, 0, 0, 0, 1, 4], [0, 0, 0, 7, 0, 8, 0, 0, 0], [0, 0, 0, 0, 0, 0, 0, 0, 0], [1, 0, 4, 0, 0, 5, 0, 0, 0], [0, 0, 0, 2, 0, 0, 8, 3, 0], [6, 0, 0, 0, 0, 0, 0, 0, 0], [5, 0, 0, 0, 4, 0, 0, 0, 0], [0, 3, 0, 0, 0, 0, 7, 0, 0], [0, 0, 0, 0, 9, 0, 0, 0, 1]]
2023-04-30 00:34:00,339 - INFO - Final puzzle solved:
2023-04-30 00:34:00,339 - INFO - [[7, 5, 6, 3, 8, 9, 2, 1, 4], [2, 4, 1, 7, 3, 8, 6, 9, 5], [4, 9, 3, 1, 7, 6, 5, 8, 2], [1, 8, 4, 6, 2, 5, 9, 7, 3], [9, 1, 5, 2, 6, 4, 8, 3, 7], [6, 2, 9, 4, 1, 7, 3, 5, 8], [5, 6, 7, 8, 4, 3, 1, 2, 9], [8, 3, 2, 9, 5, 1, 7, 4, 6], [3, 7, 8, 5, 9, 2, 4, 6, 1]]
2023-04-30 00:34:00,339 - INFO - Number of tries: 20988
2023-04-30 00:34:00,339 - INFO - Total Execution Time (s): 0.0494903870003327
2023-04-30 00:34:00,339 - INFO - 
2023-04-30 00:34:00,339 - INFO - 
2023-04-30 00:34:00,339 - INFO - BACKTRACKING ALGORITHM
2023-04-30 00:34:00,339 - INFO - MinigridBacktrackingSudoku Version
2023-04-30 00:34:00,340 - INFO - size: 9
2023-04-30 00:34:00,340 - INFO - Initial puzzle: 
[[0, 0, 0, 0, 0, 0, 0, 1, 4], [0, 0, 8, 0, 0, 5, 0, 0, 0], [0, 2, 0, 0, 0, 0, 0, 0, 0], [0, 0, 0, 0, 2, 0, 7, 0, 5], [1, 0, 0, 0, 0, 0, 0, 0, 0], [0, 0, 0, 0, 0, 0, 8, 0, 0], [0, 7, 0, 0, 0, 0, 5, 3, 0], [6, 0, 0, 1, 4, 0, 0, 0, 0], [0, 0, 0, 2, 0, 0, 0, 0, 0]]
2023-04-30 00:34:00,342 - INFO - Final puzzle solved:
2023-04-30 00:34:00,342 - INFO - [[2, 3, 9, 5, 8, 7, 6, 1, 4], [9, 6, 8, 3, 7, 5, 2, 4, 1], [8, 2, 5, 7, 3, 4, 1, 6, 9], [3, 9, 1, 4, 2, 6, 7, 8, 5], [1, 5, 7, 9, 6, 8, 4, 2, 3], [7, 1, 4, 6, 5, 3, 8, 9, 2], [4, 7, 2, 8, 1, 9, 5, 3, 6], [6, 8, 3, 1, 4, 2, 9, 5, 7], [5, 4, 6, 2, 9, 1, 3, 7, 8]]
2023-04-30 00:34:00,342 - INFO - Number of tries: 1080
2023-04-30 00:34:00,342 - INFO - Total Execution Time (s): 0.0027135370000905823
2023-04-30 00:34:00,342 - INFO - 
2023-04-30 00:34:00,342 - INFO - 
2023-04-30 00:34:00,342 - INFO - BACKTRACKING ALGORITHM
2023-04-30 00:34:00,343 - INFO - MinigridBacktrackingSudoku Version
2023-04-30 00:34:00,343 - INFO - size: 9
2023-04-30 00:34:00,343 - INFO - Initial puzzle: 
[[0, 0, 0, 0, 0, 0, 0, 1, 4], [0, 0, 8, 0, 0, 5, 0, 0, 0], [0, 2, 0, 0, 0, 0, 0, 0, 0], [0, 0, 0, 0, 2, 0, 8, 0, 5], [1, 0, 0, 0, 0, 0, 0, 0, 0], [0, 0, 0, 0, 0, 0, 7, 0, 0], [0, 7, 0, 0, 0, 0, 5, 3, 0], [6, 0, 0, 1, 4, 0, 0, 0, 0], [0, 0, 0, 2, 0, 0, 0, 0, 0]]
2023-04-30 00:34:00,346 - INFO - Final puzzle solved:
2023-04-30 00:34:00,346 - INFO - [[2, 3, 9, 5, 8, 7, 6, 1, 4], [9, 6, 8, 3, 7, 5, 2, 4, 1], [8, 2, 5, 4, 6, 3, 1, 7, 9], [3, 1, 4, 7, 2, 6, 8, 9, 5], [1, 9, 7, 6, 5, 8, 4, 2, 3], [5, 4, 6, 9, 3, 1, 7, 8, 2], [4, 7, 2, 8, 1, 9, 5, 3, 6], [6, 8, 3, 1, 4, 2, 9, 5, 7], [7, 5, 1, 2, 9, 4, 3, 6, 8]]
2023-04-30 00:34:00,346 - INFO - Number of tries: 1218
2023-04-30 00:34:00,346 - INFO - Total Execution Time (s): 0.0030449260002569645
2023-04-30 00:34:00,346 - INFO - 
2023-04-30 00:34:00,346 - INFO - 
2023-04-30 00:34:00,346 - INFO - BACKTRACKING ALGORITHM
2023-04-30 00:34:00,346 - INFO - MinigridBacktrackingSudoku Version
2023-04-30 00:34:00,346 - INFO - size: 9
2023-04-30 00:34:00,346 - INFO - Initial puzzle: 
[[0, 0, 0, 0, 0, 0, 0, 1, 4], [0, 0, 8, 0, 0, 9, 0, 0, 0], [0, 2, 0, 0, 0, 0, 0, 0, 0], [0, 0, 0, 0, 2, 0, 8, 0, 5], [1, 0, 0, 0, 0, 0, 0, 0, 0], [0, 0, 0, 0, 0, 0, 7, 0, 0], [0, 7, 0, 0, 0, 0, 9, 3, 0], [6, 0, 0, 1, 4, 0, 0, 0, 0], [0, 0, 0, 2, 0, 0, 0, 0, 0]]
2023-04-30 00:34:00,368 - INFO - Final puzzle solved:
2023-04-30 00:34:00,368 - INFO - [[2, 3, 6, 9, 8, 7, 5, 1, 4], [3, 5, 8, 7, 6, 9, 4, 2, 1], [8, 2, 9, 4, 5, 3, 1, 6, 7], [4, 1, 7, 3, 2, 6, 8, 9, 5], [1, 6, 2, 5, 7, 8, 3, 4, 9], [9, 4, 5, 6, 3, 1, 7, 8, 2], [5, 7, 4, 8, 1, 2, 9, 3, 6], [6, 9, 3, 1, 4, 5, 2, 7, 8], [7, 8, 1, 2, 9, 4, 6, 5, 3]]
2023-04-30 00:34:00,368 - INFO - Number of tries: 9013
2023-04-30 00:34:00,368 - INFO - Total Execution Time (s): 0.021614983000290522
2023-04-30 00:34:00,368 - INFO - 
2023-04-30 00:34:00,368 - INFO - 
2023-04-30 00:34:00,368 - INFO - BACKTRACKING ALGORITHM
2023-04-30 00:34:00,368 - INFO - MinigridBacktrackingSudoku Version
2023-04-30 00:34:00,368 - INFO - size: 9
2023-04-30 00:34:00,368 - INFO - Initial puzzle: 
[[0, 0, 0, 0, 0, 0, 0, 1, 4], [7, 0, 0, 0, 0, 0, 0, 0, 0], [0, 0, 0, 5, 0, 0, 0, 0, 0], [0, 9, 0, 0, 1, 4, 0, 0, 0], [0, 5, 0, 0, 0, 0, 7, 2, 0], [0, 0, 0, 6, 0, 0, 0, 0, 0], [0, 0, 0, 9, 0, 0, 8, 0, 5], [6, 0, 0, 0, 0, 0, 9, 0, 0], [1, 0, 0, 0, 0, 0, 0, 0, 0]]
2023-04-30 00:34:00,633 - INFO - Final puzzle solved:
2023-04-30 00:34:00,633 - INFO - [[5, 2, 8, 3, 7, 9, 6, 1, 4], [7, 4, 5, 1, 8, 6, 3, 9, 2], [4, 3, 2, 5, 9, 8, 1, 6, 7], [8, 9, 6, 7, 1, 4, 2, 5, 3], [9, 5, 4, 8, 3, 1, 7, 2, 6], [3, 8, 9, 6, 2, 5, 4, 7, 1], [2, 1, 3, 9, 6, 7, 8, 4, 5], [6, 7, 1, 4, 5, 2, 9, 3, 8], [1, 6, 7, 2, 4, 3, 5, 8, 9]]
2023-04-30 00:34:00,633 - INFO - Number of tries: 118479
2023-04-30 00:34:00,633 - INFO - Total Execution Time (s): 0.26518638700054
2023-04-30 00:34:00,633 - INFO - 
2023-04-30 00:34:00,633 - INFO - 
2023-04-30 00:34:00,633 - INFO - BACKTRACKING ALGORITHM
2023-04-30 00:34:00,633 - INFO - MinigridBacktrackingSudoku Version
2023-04-30 00:34:00,633 - INFO - size: 9
2023-04-30 00:34:00,633 - INFO - Initial puzzle: 
[[0, 0, 0, 0, 0, 0, 0, 1, 4], [7, 9, 0, 0, 0, 0, 0, 0, 0], [0, 0, 0, 2, 0, 0, 0, 0, 0], [0, 0, 0, 0, 0, 3, 6, 0, 5], [0, 0, 1, 0, 0, 0, 0, 0, 0], [0, 0, 0, 0, 0, 0, 2, 0, 0], [0, 6, 0, 0, 0, 0, 7, 3, 0], [2, 0, 0, 1, 4, 0, 0, 0, 0], [0, 0, 0, 8, 0, 0, 0, 0, 0]]
2023-04-30 00:34:00,640 - INFO - Final puzzle solved:
2023-04-30 00:34:00,640 - INFO - [[9, 2, 8, 5, 6, 7, 3, 1, 4], [7, 9, 6, 3, 5, 4, 1, 2, 8], [4, 7, 3, 2, 1, 8, 9, 5, 6], [8, 1, 2, 4, 7, 3, 6, 9, 5], [6, 5, 1, 7, 9, 2, 4, 8, 3], [1, 8, 5, 6, 3, 9, 2, 4, 7], [5, 6, 4, 9, 8, 1, 7, 3, 2], [2, 3, 7, 1, 4, 5, 8, 6, 9], [3, 4, 9, 8, 2, 6, 5, 7, 1]]
2023-04-30 00:34:00,640 - INFO - Number of tries: 2828
2023-04-30 00:34:00,641 - INFO - Total Execution Time (s): 0.006873375999930431
2023-04-30 00:34:00,641 - INFO - 
2023-04-30 00:34:00,641 - INFO - 
2023-04-30 00:34:00,641 - INFO - BACKTRACKING ALGORITHM
2023-04-30 00:34:00,641 - INFO - MinigridBacktrackingSudoku Version
2023-04-30 00:34:00,641 - INFO - size: 9
2023-04-30 00:34:00,641 - INFO - Initial puzzle: 
[[0, 0, 0, 0, 0, 0, 0, 1, 4], [9, 7, 0, 0, 0, 0, 0, 0, 0], [0, 0, 0, 2, 0, 0, 0, 0, 0], [0, 0, 0, 0, 0, 3, 6, 0, 5], [0, 0, 1, 0, 0, 0, 0, 0, 0], [0, 0, 0, 0, 0, 0, 2, 0, 0], [0, 6, 0, 0, 0, 0, 7, 3, 0], [2, 0, 0, 1, 4, 0, 0, 0, 0], [0, 0, 0, 8, 0, 0, 0, 0, 0]]
2023-04-30 00:34:00,656 - INFO - Final puzzle solved:
2023-04-30 00:34:00,656 - INFO - [[3, 8, 6, 5, 2, 7, 9, 1, 4], [9, 7, 4, 3, 5, 6, 1, 2, 8], [7, 9, 8, 2, 1, 4, 3, 5, 6], [8, 1, 2, 4, 7, 3, 6, 9, 5], [5, 2, 1, 7, 6, 9, 4, 8, 3], [1, 5, 3, 6, 9, 8, 2, 4, 7], [4, 6, 5, 9, 8, 1, 7, 3, 2], [2, 3, 7, 1, 4, 5, 8, 6, 9], [6, 4, 9, 8, 3, 2, 5, 7, 1]]
2023-04-30 00:34:00,656 - INFO - Number of tries: 6456
2023-04-30 00:34:00,656 - INFO - Total Execution Time (s): 0.015224402999592712
2023-04-30 00:34:00,656 - INFO - 
2023-04-30 00:34:00,656 - INFO - 
2023-04-30 00:34:00,656 - INFO - BACKTRACKING ALGORITHM
2023-04-30 00:34:00,656 - INFO - MinigridBacktrackingSudoku Version
2023-04-30 00:34:00,656 - INFO - size: 9
2023-04-30 00:34:00,656 - INFO - Initial puzzle: 
[[0, 0, 0, 0, 0, 0, 0, 1, 5], [0, 0, 0, 4, 0, 0, 0, 7, 0], [3, 0, 0, 0, 6, 0, 0, 0, 0], [8, 0, 0, 0, 0, 0, 2, 0, 0], [0, 0, 0, 1, 0, 4, 0, 0, 0], [4, 0, 0, 5, 0, 0, 0, 0, 0], [0, 0, 0, 0, 2, 3, 6, 0, 0], [0, 1, 0, 0, 0, 0, 0, 0, 0], [0, 7, 0, 0, 0, 0, 0, 0, 0]]
2023-04-30 00:34:00,661 - INFO - Final puzzle solved:
2023-04-30 00:34:00,661 - INFO - [[9, 4, 6, 7, 8, 2, 3, 1, 5], [6, 2, 3, 4, 5, 8, 1, 7, 9], [3, 5, 9, 2, 6, 7, 4, 8, 1], [8, 3, 7, 6, 1, 9, 2, 5, 4], [7, 6, 8, 1, 9, 4, 5, 2, 3], [4, 8, 2, 5, 3, 1, 7, 9, 6], [1, 9, 5, 8, 2, 3, 6, 4, 7], [2, 1, 4, 3, 7, 5, 9, 6, 8], [5, 7, 1, 9, 4, 6, 8, 3, 2]]
2023-04-30 00:34:00,661 - INFO - Number of tries: 1985
2023-04-30 00:34:00,661 - INFO - Total Execution Time (s): 0.004763699999784876
2023-04-30 00:34:00,661 - INFO - 
2023-04-30 00:34:00,661 - INFO - 
2023-04-30 00:34:00,661 - INFO - BACKTRACKING ALGORITHM
2023-04-30 00:34:00,661 - INFO - MinigridBacktrackingSudoku Version
2023-04-30 00:34:00,661 - INFO - size: 9
2023-04-30 00:34:00,661 - INFO - Initial puzzle: 
[[0, 0, 0, 0, 0, 0, 0, 1, 5], [0, 0, 0, 4, 0, 0, 0, 7, 0], [4, 0, 0, 0, 0, 0, 0, 0, 0], [6, 0, 9, 0, 0, 0, 3, 0, 0], [0, 0, 0, 1, 0, 0, 8, 0, 0], [0, 0, 0, 7, 0, 0, 0, 0, 0], [5, 0, 0, 0, 3, 0, 2, 0, 0], [0, 0, 0, 0, 6, 0, 0, 4, 0], [0, 1, 0, 0, 0, 0, 0, 0, 0]]
2023-04-30 00:34:00,947 - INFO - Final puzzle solved:
2023-04-30 00:34:00,947 - INFO - [[7, 2, 3, 6, 8, 9, 4, 1, 5], [3, 6, 5, 4, 9, 2, 1, 7, 8], [4, 3, 8, 5, 7, 1, 9, 6, 2], [6, 5, 9, 2, 1, 4, 3, 8, 7], [9, 4, 7, 1, 2, 5, 8, 3, 6], [8, 9, 4, 7, 5, 3, 6, 2, 1], [5, 7, 1, 8, 3, 6, 2, 9, 4], [1, 8, 2, 9, 6, 7, 5, 4, 3], [2, 1, 6, 3, 4, 8, 7, 5, 9]]
2023-04-30 00:34:00,947 - INFO - Number of tries: 122382
2023-04-30 00:34:00,948 - INFO - Total Execution Time (s): 0.2857765449998624
2023-04-30 00:34:00,948 - INFO - 
2023-04-30 00:34:00,948 - INFO - 
2023-04-30 00:34:00,948 - INFO - BACKTRACKING ALGORITHM
2023-04-30 00:34:00,948 - INFO - MinigridBacktrackingSudoku Version
2023-04-30 00:34:00,948 - INFO - size: 9
2023-04-30 00:34:00,948 - INFO - Initial puzzle: 
[[0, 0, 0, 0, 0, 0, 0, 1, 5], [0, 0, 0, 8, 0, 0, 0, 7, 0], [3, 0, 0, 0, 0, 0, 0, 0, 0], [4, 0, 8, 0, 0, 0, 3, 0, 0], [0, 0, 0, 1, 0, 0, 4, 0, 0], [0, 0, 0, 7, 0, 0, 0, 0, 0], [5, 0, 0, 0, 4, 0, 2, 0, 0], [0, 0, 0, 0, 9, 0, 0, 6, 0], [0, 1, 0, 0, 0, 0, 0, 0, 0]]
2023-04-30 00:34:02,309 - INFO - Final puzzle solved:
2023-04-30 00:34:02,309 - INFO - [[7, 3, 9, 4, 2, 6, 8, 1, 5], [9, 2, 6, 8, 3, 5, 1, 7, 4], [3, 8, 5, 6, 7, 4, 9, 2, 1], [4, 7, 8, 5, 1, 2, 3, 9, 6], [2, 5, 7, 1, 6, 8, 4, 3, 9], [1, 9, 2, 7, 5, 3, 6, 4, 8], [5, 6, 1, 9, 4, 7, 2, 8, 3], [8, 4, 3, 2, 9, 1, 5, 6, 7], [6, 1, 4, 3, 8, 9, 7, 5, 2]]
2023-04-30 00:34:02,309 - INFO - Number of tries: 396660
2023-04-30 00:34:02,309 - INFO - Total Execution Time (s): 1.3611071899995295
2023-04-30 00:34:02,309 - INFO - 
2023-04-30 00:34:02,309 - INFO - 
2023-04-30 00:34:02,309 - INFO - BACKTRACKING ALGORITHM
2023-04-30 00:34:02,309 - INFO - MinigridBacktrackingSudoku Version
2023-04-30 00:34:02,309 - INFO - size: 9
2023-04-30 00:34:02,310 - INFO - Initial puzzle: 
[[0, 0, 0, 0, 0, 0, 0, 1, 5], [0, 0, 0, 8, 0, 0, 0, 7, 0], [4, 0, 0, 0, 0, 0, 0, 0, 0], [6, 0, 9, 0, 0, 0, 3, 0, 0], [0, 0, 0, 1, 0, 0, 8, 0, 0], [0, 0, 0, 7, 0, 0, 0, 0, 0], [5, 0, 0, 0, 3, 0, 2, 0, 0], [0, 0, 0, 0, 6, 0, 0, 4, 0], [0, 1, 0, 0, 0, 0, 0, 0, 0]]
2023-04-30 00:34:02,463 - INFO - Final puzzle solved:
2023-04-30 00:34:02,463 - INFO - [[2, 7, 4, 6, 8, 3, 9, 1, 5], [1, 2, 3, 8, 5, 6, 4, 7, 9], [4, 8, 6, 5, 7, 9, 1, 2, 3], [6, 5, 9, 2, 1, 4, 3, 8, 7], [9, 6, 7, 1, 2, 5, 8, 3, 4], [8, 3, 5, 7, 4, 1, 6, 9, 2], [5, 4, 8, 9, 3, 7, 2, 6, 1], [7, 9, 1, 3, 6, 2, 5, 4, 8], [3, 1, 2, 4, 9, 8, 7, 5, 6]]
2023-04-30 00:34:02,463 - INFO - Number of tries: 67436
2023-04-30 00:34:02,463 - INFO - Total Execution Time (s): 0.15362009099953866
2023-04-30 00:34:02,463 - INFO - 
2023-04-30 00:34:02,463 - INFO - 
2023-04-30 00:34:02,463 - INFO - BACKTRACKING ALGORITHM
2023-04-30 00:34:02,464 - INFO - MinigridBacktrackingSudoku Version
2023-04-30 00:34:02,464 - INFO - size: 9
2023-04-30 00:34:02,464 - INFO - Initial puzzle: 
[[0, 0, 0, 0, 0, 0, 0, 1, 5], [0, 0, 0, 8, 3, 0, 0, 0, 0], [0, 0, 0, 0, 0, 0, 2, 0, 0], [0, 2, 3, 0, 0, 0, 8, 0, 0], [0, 0, 0, 0, 0, 1, 0, 0, 0], [0, 8, 0, 0, 0, 0, 0, 0, 0], [1, 0, 5, 0, 4, 0, 0, 0, 0], [0, 0, 0, 6, 0, 0, 7, 2, 0], [9, 0, 0, 0, 0, 0, 0, 0, 0]]
2023-04-30 00:34:02,477 - INFO - Final puzzle solved:
2023-04-30 00:34:02,477 - INFO - [[7, 4, 6, 2, 8, 3, 9, 1, 5], [6, 5, 2, 8, 3, 7, 1, 4, 9], [8, 6, 7, 9, 1, 4, 2, 5, 3], [4, 2, 3, 1, 9, 5, 8, 6, 7], [2, 7, 9, 5, 6, 1, 4, 3, 8], [5, 8, 4, 3, 7, 2, 6, 9, 1], [1, 9, 5, 7, 4, 6, 3, 8, 2], [3, 1, 8, 6, 5, 9, 7, 2, 4], [9, 3, 1, 4, 2, 8, 5, 7, 6]]
2023-04-30 00:34:02,477 - INFO - Number of tries: 5654
2023-04-30 00:34:02,477 - INFO - Total Execution Time (s): 0.013367445999392658
2023-04-30 00:34:02,477 - INFO - 
2023-04-30 00:34:02,477 - INFO - 
2023-04-30 00:34:02,477 - INFO - BACKTRACKING ALGORITHM
2023-04-30 00:34:02,477 - INFO - MinigridBacktrackingSudoku Version
2023-04-30 00:34:02,477 - INFO - size: 9
2023-04-30 00:34:02,477 - INFO - Initial puzzle: 
[[0, 0, 0, 0, 0, 0, 0, 1, 5], [0, 0, 0, 8, 3, 0, 0, 0, 0], [0, 0, 0, 0, 0, 0, 2, 0, 0], [0, 2, 6, 0, 0, 0, 8, 0, 0], [0, 0, 0, 0, 0, 1, 0, 0, 0], [0, 8, 0, 0, 0, 0, 0, 0, 0], [1, 0, 5, 0, 4, 0, 0, 0, 0], [0, 0, 0, 3, 0, 0, 7, 2, 0], [9, 0, 0, 0, 0, 0, 0, 0, 0]]
2023-04-30 00:34:17,314 - INFO - Final puzzle solved:
2023-04-30 00:34:17,315 - INFO - [[7, 4, 3, 6, 2, 8, 9, 1, 5], [6, 5, 2, 8, 3, 7, 1, 4, 9], [8, 7, 4, 5, 6, 3, 2, 9, 1], [3, 2, 6, 9, 1, 5, 8, 7, 4], [2, 6, 9, 7, 8, 1, 4, 5, 3], [5, 8, 7, 1, 9, 4, 6, 3, 2], [1, 9, 5, 2, 4, 6, 3, 8, 7], [4, 1, 8, 3, 5, 9, 7, 2, 6], [9, 3, 1, 4, 7, 2, 5, 6, 8]]
2023-04-30 00:34:17,315 - INFO - Number of tries: 6102194
2023-04-30 00:34:17,315 - INFO - Total Execution Time (s): 14.835445908999645
2023-04-30 00:34:17,315 - INFO - 
2023-04-30 00:34:17,315 - INFO - 
2023-04-30 00:34:17,315 - INFO - BACKTRACKING ALGORITHM
2023-04-30 00:34:17,315 - INFO - MinigridBacktrackingSudoku Version
2023-04-30 00:34:17,315 - INFO - size: 9
2023-04-30 00:34:17,315 - INFO - Initial puzzle: 
[[0, 0, 0, 0, 0, 0, 0, 1, 5], [0, 0, 0, 9, 0, 0, 0, 7, 0], [4, 0, 0, 0, 0, 0, 0, 0, 0], [6, 0, 8, 0, 0, 0, 3, 0, 0], [0, 0, 0, 1, 0, 0, 8, 0, 0], [0, 0, 0, 7, 0, 0, 0, 0, 0], [5, 0, 0, 0, 3, 0, 2, 0, 0], [0, 0, 0, 0, 6, 0, 0, 4, 0], [0, 1, 0, 0, 0, 0, 0, 0, 0]]
2023-04-30 00:34:17,345 - INFO - Final puzzle solved:
2023-04-30 00:34:17,345 - INFO - [[2, 7, 3, 6, 8, 9, 4, 1, 5], [8, 2, 4, 9, 5, 6, 1, 7, 3], [4, 3, 6, 5, 7, 1, 9, 2, 8], [6, 5, 8, 2, 1, 4, 3, 9, 7], [9, 6, 7, 1, 2, 5, 8, 3, 4], [1, 9, 5, 7, 4, 3, 6, 8, 2], [5, 4, 1, 8, 3, 7, 2, 6, 9], [7, 8, 9, 3, 6, 2, 5, 4, 1], [3, 1, 2, 4, 9, 8, 7, 5, 6]]
2023-04-30 00:34:17,345 - INFO - Number of tries: 14015
2023-04-30 00:34:17,345 - INFO - Total Execution Time (s): 0.030246299999816983
2023-04-30 00:34:17,345 - INFO - 
2023-04-30 00:34:17,345 - INFO - 
2023-04-30 00:34:17,345 - INFO - BACKTRACKING ALGORITHM
2023-04-30 00:34:17,345 - INFO - MinigridBacktrackingSudoku Version
2023-04-30 00:34:17,345 - INFO - size: 9
2023-04-30 00:34:17,345 - INFO - Initial puzzle: 
[[0, 0, 0, 0, 0, 0, 0, 1, 5], [0, 0, 0, 9, 0, 0, 0, 7, 0], [4, 0, 0, 0, 0, 0, 0, 0, 0], [6, 0, 9, 0, 0, 0, 3, 0, 0], [0, 0, 0, 1, 0, 0, 8, 0, 0], [0, 0, 0, 7, 0, 0, 0, 0, 0], [5, 0, 0, 0, 3, 0, 2, 0, 0], [0, 0, 0, 0, 6, 0, 0, 4, 0], [0, 1, 0, 0, 0, 0, 0, 0, 0]]
2023-04-30 00:34:17,508 - INFO - Final puzzle solved:
2023-04-30 00:34:17,508 - INFO - [[3, 7, 2, 6, 8, 9, 4, 1, 5], [8, 2, 5, 9, 4, 6, 1, 7, 3], [4, 8, 3, 5, 7, 1, 9, 6, 2], [6, 5, 9, 4, 1, 2, 3, 8, 7], [9, 4, 7, 1, 2, 5, 8, 3, 6], [1, 3, 4, 7, 5, 8, 6, 2, 9], [5, 6, 1, 8, 3, 7, 2, 9, 4], [7, 9, 8, 2, 6, 3, 5, 4, 1], [2, 1, 6, 3, 9, 4, 7, 5, 8]]
2023-04-30 00:34:17,508 - INFO - Number of tries: 72866
2023-04-30 00:34:17,508 - INFO - Total Execution Time (s): 0.16267020400027832
2023-04-30 00:34:17,508 - INFO - 
2023-04-30 00:34:17,508 - INFO - 
2023-04-30 00:34:17,508 - INFO - BACKTRACKING ALGORITHM
2023-04-30 00:34:17,508 - INFO - MinigridBacktrackingSudoku Version
2023-04-30 00:34:17,508 - INFO - size: 9
2023-04-30 00:34:17,508 - INFO - Initial puzzle: 
[[0, 0, 0, 0, 0, 0, 0, 1, 5], [0, 0, 0, 9, 0, 0, 0, 8, 0], [3, 0, 0, 0, 0, 0, 0, 0, 0], [7, 0, 4, 0, 0, 0, 3, 0, 0], [0, 0, 0, 1, 0, 0, 4, 0, 0], [0, 0, 0, 8, 0, 0, 0, 0, 0], [5, 0, 0, 0, 4, 0, 2, 0, 0], [0, 0, 0, 0, 7, 0, 0, 6, 0], [0, 1, 0, 0, 0, 0, 0, 0, 0]]
2023-04-30 00:34:20,347 - INFO - Final puzzle solved:
2023-04-30 00:34:20,347 - INFO - [[6, 4, 2, 7, 9, 3, 8, 1, 5], [2, 3, 5, 9, 6, 7, 1, 8, 4], [3, 7, 6, 5, 1, 4, 9, 2, 8], [7, 5, 4, 2, 8, 1, 3, 9, 6], [8, 6, 7, 1, 2, 5, 4, 3, 9], [1, 9, 3, 8, 5, 2, 6, 4, 7], [5, 8, 9, 3, 4, 6, 2, 7, 1], [9, 2, 1, 4, 7, 8, 5, 6, 3], [4, 1, 8, 6, 3, 9, 7, 5, 2]]
2023-04-30 00:34:20,347 - INFO - Number of tries: 1249606
2023-04-30 00:34:20,347 - INFO - Total Execution Time (s): 2.8384612329991796
2023-04-30 00:34:20,348 - INFO - 
2023-04-30 00:34:20,348 - INFO - 
2023-04-30 00:34:20,348 - INFO - BACKTRACKING ALGORITHM
2023-04-30 00:34:20,348 - INFO - MinigridBacktrackingSudoku Version
2023-04-30 00:34:20,348 - INFO - size: 9
2023-04-30 00:34:20,348 - INFO - Initial puzzle: 
[[0, 0, 0, 0, 0, 0, 0, 1, 5], [0, 0, 0, 9, 0, 0, 0, 8, 0], [4, 0, 0, 0, 0, 0, 0, 0, 0], [7, 0, 4, 0, 0, 0, 3, 0, 0], [0, 0, 0, 1, 0, 0, 9, 0, 0], [0, 0, 0, 8, 0, 0, 0, 0, 0], [5, 0, 0, 0, 3, 0, 2, 0, 0], [0, 0, 0, 0, 7, 0, 0, 6, 0], [0, 1, 0, 0, 0, 0, 0, 0, 0]]
2023-04-30 00:34:20,518 - INFO - Final puzzle solved:
2023-04-30 00:34:20,519 - INFO - [[6, 3, 2, 7, 9, 4, 8, 1, 5], [1, 2, 6, 9, 5, 7, 4, 8, 3], [4, 9, 7, 5, 6, 3, 1, 2, 8], [7, 5, 4, 2, 8, 1, 3, 9, 6], [8, 4, 5, 1, 2, 6, 9, 3, 7], [2, 7, 3, 8, 1, 5, 6, 4, 9], [5, 6, 8, 4, 3, 9, 2, 7, 1], [9, 8, 1, 3, 7, 2, 5, 6, 4], [3, 1, 9, 6, 4, 8, 7, 5, 2]]
2023-04-30 00:34:20,519 - INFO - Number of tries: 73298
2023-04-30 00:34:20,519 - INFO - Total Execution Time (s): 0.17070268200041028
2023-04-30 00:34:20,519 - INFO - 
2023-04-30 00:34:20,519 - INFO - 
2023-04-30 00:34:20,519 - INFO - BACKTRACKING ALGORITHM
2023-04-30 00:34:20,519 - INFO - MinigridBacktrackingSudoku Version
2023-04-30 00:34:20,519 - INFO - size: 9
2023-04-30 00:34:20,519 - INFO - Initial puzzle: 
[[0, 0, 0, 0, 0, 0, 0, 1, 5], [0, 2, 0, 0, 6, 0, 0, 0, 0], [0, 0, 0, 0, 0, 0, 4, 0, 8], [0, 0, 3, 0, 0, 0, 9, 0, 0], [0, 0, 0, 1, 0, 0, 0, 0, 0], [0, 0, 0, 0, 0, 8, 0, 0, 0], [1, 5, 0, 4, 0, 0, 0, 0, 0], [0, 0, 0, 0, 7, 0, 3, 0, 0], [8, 0, 0, 0, 0, 0, 0, 6, 0]]
2023-04-30 00:34:20,519 - INFO - Final puzzle solved:
2023-04-30 00:34:20,519 - INFO - [[3, 7, 4, 8, 9, 6, 2, 1, 5], [9, 2, 7, 5, 6, 4, 8, 3, 1], [5, 6, 2, 7, 3, 1, 4, 9, 8], [4, 8, 3, 2, 1, 7, 9, 5, 6], [6, 3, 5, 1, 8, 9, 7, 4, 2], [7, 4, 6, 9, 5, 8, 1, 2, 3], [1, 5, 8, 4, 2, 3, 6, 7, 9], [2, 1, 9, 6, 7, 5, 3, 8, 4], [8, 9, 1, 3, 4, 2, 5, 6, 7]]
2023-04-30 00:34:20,519 - INFO - Number of tries: 73
2023-04-30 00:34:20,519 - INFO - Total Execution Time (s): 0.00038134100032038987
2023-04-30 00:34:20,519 - INFO - 
2023-04-30 00:34:20,519 - INFO - 
2023-04-30 00:34:20,519 - INFO - BACKTRACKING ALGORITHM
2023-04-30 00:34:20,519 - INFO - MinigridBacktrackingSudoku Version
2023-04-30 00:34:20,519 - INFO - size: 9
2023-04-30 00:34:20,520 - INFO - Initial puzzle: 
[[0, 0, 0, 0, 0, 0, 0, 1, 5], [0, 4, 0, 0, 8, 0, 0, 0, 0], [0, 0, 0, 0, 0, 0, 3, 0, 0], [0, 0, 0, 0, 4, 0, 2, 6, 0], [5, 0, 0, 1, 0, 7, 0, 0, 0], [9, 0, 0, 0, 0, 0, 0, 0, 0], [3, 0, 0, 5, 0, 0, 0, 0, 0], [0, 8, 0, 0, 0, 0, 4, 0, 0], [0, 0, 0, 9, 0, 0, 0, 0, 0]]
2023-04-30 00:35:48,485 - INFO - Final puzzle solved:
2023-04-30 00:35:48,485 - INFO - [[2, 3, 4, 7, 6, 8, 9, 1, 5], [6, 4, 7, 3, 8, 5, 1, 2, 9], [8, 5, 1, 2, 7, 9, 3, 4, 6], [1, 9, 5, 8, 4, 3, 2, 6, 7], [5, 2, 6, 1, 9, 7, 8, 3, 4], [9, 6, 3, 4, 1, 2, 5, 7, 8], [3, 7, 9, 5, 2, 4, 6, 8, 1], [7, 8, 2, 6, 5, 1, 4, 9, 3], [4, 1, 8, 9, 3, 6, 7, 5, 2]]
2023-04-30 00:35:48,485 - INFO - Number of tries: 34542470
2023-04-30 00:35:48,485 - INFO - Total Execution Time (s): 87.9549012159996
2023-04-30 00:35:48,485 - INFO - 
2023-04-30 00:35:48,485 - INFO - 
2023-04-30 00:35:48,485 - INFO - BACKTRACKING ALGORITHM
2023-04-30 00:35:48,485 - INFO - MinigridBacktrackingSudoku Version
2023-04-30 00:35:48,485 - INFO - size: 9
2023-04-30 00:35:48,485 - INFO - Initial puzzle: 
[[0, 0, 0, 0, 0, 0, 0, 1, 5], [3, 0, 0, 6, 0, 0, 0, 0, 0], [0, 0, 0, 0, 0, 0, 0, 8, 0], [6, 0, 0, 0, 5, 0, 2, 0, 0], [0, 0, 0, 0, 0, 1, 0, 0, 0], [0, 0, 0, 0, 0, 0, 0, 4, 0], [0, 1, 0, 2, 0, 0, 7, 0, 0], [0, 0, 0, 7, 6, 0, 3, 0, 0], [0, 0, 8, 0, 0, 0, 0, 0, 0]]
2023-04-30 00:35:49,349 - INFO - Final puzzle solved:
2023-04-30 00:35:49,349 - INFO - [[2, 6, 3, 9, 4, 7, 8, 1, 5], [3, 2, 5, 6, 7, 4, 1, 9, 8], [4, 7, 6, 5, 2, 3, 9, 8, 1], [6, 4, 1, 8, 5, 9, 2, 3, 7], [9, 5, 2, 3, 8, 1, 4, 7, 6], [5, 9, 7, 1, 3, 8, 6, 4, 2], [8, 1, 4, 2, 9, 6, 7, 5, 3], [1, 8, 9, 7, 6, 5, 3, 2, 4], [7, 3, 8, 4, 1, 2, 5, 6, 9]]
2023-04-30 00:35:49,349 - INFO - Number of tries: 384523
2023-04-30 00:35:49,349 - INFO - Total Execution Time (s): 0.8633897950003302
2023-04-30 00:35:49,349 - INFO - 
2023-04-30 00:35:49,349 - INFO - 
2023-04-30 00:35:49,349 - INFO - BACKTRACKING ALGORITHM
2023-04-30 00:35:49,349 - INFO - MinigridBacktrackingSudoku Version
2023-04-30 00:35:49,349 - INFO - size: 9
2023-04-30 00:35:49,349 - INFO - Initial puzzle: 
[[0, 0, 0, 0, 0, 0, 0, 1, 5], [7, 9, 0, 0, 0, 0, 0, 0, 0], [0, 0, 0, 2, 0, 0, 0, 0, 0], [0, 0, 0, 0, 0, 8, 7, 0, 6], [0, 0, 1, 0, 0, 0, 0, 0, 0], [0, 0, 0, 0, 0, 0, 9, 0, 0], [0, 7, 0, 0, 0, 0, 8, 3, 0], [4, 0, 0, 1, 5, 0, 0, 0, 0], [0, 0, 0, 3, 0, 0, 0, 0, 0]]
2023-04-30 00:35:49,357 - INFO - Final puzzle solved:
2023-04-30 00:35:49,357 - INFO - [[2, 8, 4, 6, 9, 7, 3, 1, 5], [7, 9, 6, 8, 2, 3, 4, 5, 1], [9, 5, 7, 2, 8, 4, 1, 6, 3], [1, 3, 5, 9, 4, 8, 7, 2, 6], [8, 2, 1, 7, 3, 6, 5, 4, 9], [3, 4, 2, 5, 6, 1, 9, 8, 7], [6, 7, 9, 4, 1, 5, 8, 3, 2], [4, 6, 3, 1, 5, 9, 2, 7, 8], [5, 1, 8, 3, 7, 2, 6, 9, 4]]
2023-04-30 00:35:49,357 - INFO - Number of tries: 3326
2023-04-30 00:35:49,357 - INFO - Total Execution Time (s): 0.008099761999801558
2023-04-30 00:35:49,357 - INFO - 
2023-04-30 00:35:49,357 - INFO - 
2023-04-30 00:35:49,357 - INFO - BACKTRACKING ALGORITHM
2023-04-30 00:35:49,357 - INFO - MinigridBacktrackingSudoku Version
2023-04-30 00:35:49,357 - INFO - size: 9
2023-04-30 00:35:49,357 - INFO - Initial puzzle: 
[[0, 0, 0, 0, 0, 0, 0, 1, 6], [0, 0, 0, 5, 0, 0, 0, 4, 0], [3, 0, 0, 0, 7, 0, 0, 0, 0], [9, 0, 0, 0, 0, 0, 2, 0, 0], [0, 0, 0, 4, 0, 8, 0, 0, 0], [7, 0, 0, 6, 0, 0, 0, 0, 0], [0, 0, 0, 0, 2, 3, 7, 0, 0], [0, 4, 0, 0, 0, 0, 0, 0, 0], [0, 1, 0, 0, 0, 0, 0, 0, 0]]
2023-04-30 00:35:49,365 - INFO - Final puzzle solved:
2023-04-30 00:35:49,365 - INFO - [[8, 7, 4, 3, 9, 2, 5, 1, 6], [2, 8, 7, 5, 6, 9, 1, 4, 3], [3, 5, 9, 1, 7, 6, 4, 2, 8], [9, 3, 5, 8, 1, 4, 2, 6, 7], [5, 9, 1, 4, 3, 8, 6, 7, 2], [7, 2, 3, 6, 4, 1, 9, 8, 5], [1, 6, 8, 9, 2, 3, 7, 5, 4], [6, 4, 2, 7, 8, 5, 3, 9, 1], [4, 1, 6, 2, 5, 7, 8, 3, 9]]
2023-04-30 00:35:49,365 - INFO - Number of tries: 3259
2023-04-30 00:35:49,365 - INFO - Total Execution Time (s): 0.007722575000116194
2023-04-30 00:35:49,365 - INFO - 
2023-04-30 00:35:49,365 - INFO - 
2023-04-30 00:35:49,365 - INFO - BACKTRACKING ALGORITHM
2023-04-30 00:35:49,365 - INFO - MinigridBacktrackingSudoku Version
2023-04-30 00:35:49,365 - INFO - size: 9
2023-04-30 00:35:49,365 - INFO - Initial puzzle: 
[[0, 0, 0, 0, 0, 0, 0, 1, 6], [0, 0, 0, 7, 0, 8, 0, 0, 0], [0, 0, 0, 0, 0, 0, 0, 5, 0], [5, 0, 1, 2, 0, 0, 0, 0, 0], [3, 0, 0, 0, 0, 0, 8, 0, 0], [6, 0, 0, 0, 0, 0, 0, 0, 0], [0, 4, 0, 0, 0, 0, 2, 0, 0], [0, 0, 0, 0, 5, 3, 0, 0, 0], [0, 8, 0, 0, 1, 0, 0, 0, 0]]
2023-04-30 00:35:52,532 - INFO - Final puzzle solved:
2023-04-30 00:35:52,532 - INFO - [[7, 3, 5, 8, 2, 4, 9, 1, 6], [2, 5, 4, 7, 6, 8, 1, 9, 3], [4, 7, 9, 6, 8, 2, 3, 5, 1], [5, 9, 1, 2, 4, 6, 7, 3, 8], [3, 1, 2, 5, 9, 7, 8, 6, 4], [6, 2, 3, 4, 7, 1, 5, 8, 9], [8, 4, 6, 1, 3, 9, 2, 7, 5], [1, 6, 8, 9, 5, 3, 4, 2, 7], [9, 8, 7, 3, 1, 5, 6, 4, 2]]
2023-04-30 00:35:52,532 - INFO - Number of tries: 1257785
2023-04-30 00:35:52,533 - INFO - Total Execution Time (s): 3.166636914999799
2023-04-30 00:35:52,533 - INFO - 
2023-04-30 00:35:52,533 - INFO - 
2023-04-30 00:35:52,533 - INFO - Final
2023-04-30 00:35:52,533 - INFO - {0: {'puzzle': [[8, 9, 3, 6, 4, 5, 7, 1, 2], [4, 6, 5, 7, 3, 2, 1, 9, 8], [5, 2, 4, 3, 7, 6, 9, 8, 1], [1, 8, 2, 9, 5, 3, 6, 7, 4], [7, 1, 8, 2, 6, 9, 3, 4, 5], [2, 3, 1, 5, 9, 4, 8, 6, 7], [3, 7, 9, 4, 8, 1, 2, 5, 6], [6, 5, 7, 1, 2, 8, 4, 3, 9], [9, 4, 6, 8, 1, 7, 5, 2, 3]], 'solution': [[8, 9, 3, 6, 4, 5, 7, 1, 2], [4, 6, 5, 7, 3, 2, 1, 9, 8], [5, 2, 4, 3, 7, 6, 9, 8, 1], [1, 8, 2, 9, 5, 3, 6, 7, 4], [7, 1, 8, 2, 6, 9, 3, 4, 5], [2, 3, 1, 5, 9, 4, 8, 6, 7], [3, 7, 9, 4, 8, 1, 2, 5, 6], [6, 5, 7, 1, 2, 8, 4, 3, 9], [9, 4, 6, 8, 1, 7, 5, 2, 3]], 'numberoftries': 88547, 'numof_is_valid_checks': 0}, 1: {'puzzle': [[6, 7, 5, 3, 4, 8, 9, 1, 2], [2, 6, 7, 9, 3, 5, 1, 8, 4], [4, 3, 1, 6, 8, 9, 2, 7, 5], [7, 1, 2, 8, 5, 4, 3, 9, 6], [5, 2, 9, 4, 7, 6, 8, 3, 1], [1, 4, 8, 5, 9, 2, 7, 6, 3], [3, 9, 6, 1, 2, 7, 4, 5, 8], [9, 8, 3, 2, 6, 1, 5, 4, 7], [8, 5, 4, 7, 1, 3, 6, 2, 9]], 'solution': [[6, 7, 5, 3, 4, 8, 9, 1, 2], [2, 6, 7, 9, 3, 5, 1, 8, 4], [4, 3, 1, 6, 8, 9, 2, 7, 5], [7, 1, 2, 8, 5, 4, 3, 9, 6], [5, 2, 9, 4, 7, 6, 8, 3, 1], [1, 4, 8, 5, 9, 2, 7, 6, 3], [3, 9, 6, 1, 2, 7, 4, 5, 8], [9, 8, 3, 2, 6, 1, 5, 4, 7], [8, 5, 4, 7, 1, 3, 6, 2, 9]], 'numberoftries': 39578661, 'numof_is_valid_checks': 0}, 2: {'puzzle': [[9, 7, 6, 8, 3, 5, 4, 1, 2], [5, 4, 3, 6, 1, 2, 7, 8, 9], [3, 5, 9, 4, 6, 7, 1, 2, 8], [4, 1, 5, 9, 2, 3, 8, 6, 7], [8, 2, 1, 5, 7, 4, 3, 9, 6], [7, 9, 8, 2, 4, 1, 6, 3, 5], [2, 8, 7, 1, 5, 6, 9, 4, 3], [1, 6, 2, 3, 8, 9, 5, 7, 4], [6, 3, 4, 7, 9, 8, 2, 5, 1]], 'solution': [[9, 7, 6, 8, 3, 5, 4, 1, 2], [5, 4, 3, 6, 1, 2, 7, 8, 9], [3, 5, 9, 4, 6, 7, 1, 2, 8], [4, 1, 5, 9, 2, 3, 8, 6, 7], [8, 2, 1, 5, 7, 4, 3, 9, 6], [7, 9, 8, 2, 4, 1, 6, 3, 5], [2, 8, 7, 1, 5, 6, 9, 4, 3], [1, 6, 2, 3, 8, 9, 5, 7, 4], [6, 3, 4, 7, 9, 8, 2, 5, 1]], 'numberoftries': 1207646790, 'numof_is_valid_checks': 0}, 3: {'puzzle': [[4, 3, 6, 9, 7, 5, 8, 1, 2], [6, 5, 8, 2, 3, 7, 1, 9, 4], [8, 1, 5, 7, 6, 2, 9, 4, 3], [1, 2, 9, 5, 8, 6, 4, 3, 7], [2, 8, 1, 3, 5, 4, 7, 6, 9], [9, 6, 3, 4, 1, 8, 2, 7, 5], [5, 4, 7, 8, 9, 1, 3, 2, 6], [3, 7, 4, 6, 2, 9, 5, 8, 1], [7, 9, 2, 1, 4, 3, 6, 5, 8]], 'solution': [[4, 3, 6, 9, 7, 5, 8, 1, 2], [6, 5, 8, 2, 3, 7, 1, 9, 4], [8, 1, 5, 7, 6, 2, 9, 4, 3], [1, 2, 9, 5, 8, 6, 4, 3, 7], [2, 8, 1, 3, 5, 4, 7, 6, 9], [9, 6, 3, 4, 1, 8, 2, 7, 5], [5, 4, 7, 8, 9, 1, 3, 2, 6], [3, 7, 4, 6, 2, 9, 5, 8, 1], [7, 9, 2, 1, 4, 3, 6, 5, 8]], 'numberoftries': 459278, 'numof_is_valid_checks': 0}, 4: {'puzzle': [[7, 5, 6, 3, 4, 8, 9, 1, 2], [1, 4, 7, 8, 5, 6, 2, 9, 3], [8, 6, 3, 2, 7, 9, 1, 4, 5], [5, 7, 9, 6, 1, 3, 4, 2, 8], [3, 2, 5, 1, 6, 4, 7, 8, 9], [4, 3, 8, 9, 2, 1, 6, 5, 7], [9, 1, 2, 4, 8, 7, 5, 3, 6], [6, 8, 1, 5, 9, 2, 3, 7, 4], [2, 9, 4, 7, 3, 5, 8, 6, 1]], 'solution': [[7, 5, 6, 3, 4, 8, 9, 1, 2], [1, 4, 7, 8, 5, 6, 2, 9, 3], [8, 6, 3, 2, 7, 9, 1, 4, 5], [5, 7, 9, 6, 1, 3, 4, 2, 8], [3, 2, 5, 1, 6, 4, 7, 8, 9], [4, 3, 8, 9, 2, 1, 6, 5, 7], [9, 1, 2, 4, 8, 7, 5, 3, 6], [6, 8, 1, 5, 9, 2, 3, 7, 4], [2, 9, 4, 7, 3, 5, 8, 6, 1]], 'numberoftries': 179504, 'numof_is_valid_checks': 0}, 5: {'puzzle': [[3, 6, 7, 8, 4, 5, 9, 1, 2], [6, 5, 8, 4, 9, 7, 1, 2, 3], [1, 4, 5, 7, 6, 9, 2, 3, 8], [7, 8, 3, 6, 2, 1, 4, 9, 5], [2, 7, 1, 9, 5, 8, 3, 6, 4], [4, 1, 2, 3, 8, 6, 5, 7, 9], [9, 2, 6, 1, 3, 4, 8, 5, 7], [8, 3, 9, 5, 1, 2, 7, 4, 6], [5, 9, 4, 2, 7, 3, 6, 8, 1]], 'solution': [[3, 6, 7, 8, 4, 5, 9, 1, 2], [6, 5, 8, 4, 9, 7, 1, 2, 3], [1, 4, 5, 7, 6, 9, 2, 3, 8], [7, 8, 3, 6, 2, 1, 4, 9, 5], [2, 7, 1, 9, 5, 8, 3, 6, 4], [4, 1, 2, 3, 8, 6, 5, 7, 9], [9, 2, 6, 1, 3, 4, 8, 5, 7], [8, 3, 9, 5, 1, 2, 7, 4, 6], [5, 9, 4, 2, 7, 3, 6, 8, 1]], 'numberoftries': 180518, 'numof_is_valid_checks': 0}, 6: {'puzzle': [[5, 8, 7, 6, 3, 4, 9, 1, 2], [3, 7, 5, 2, 8, 9, 1, 6, 4], [6, 1, 8, 7, 4, 5, 2, 9, 3], [9, 4, 6, 1, 7, 3, 5, 2, 8], [8, 3, 4, 9, 2, 1, 6, 7, 5], [7, 2, 9, 5, 6, 8, 3, 4, 1], [1, 9, 2, 3, 5, 7, 4, 8, 6], [2, 5, 1, 4, 9, 6, 8, 3, 7], [4, 6, 3, 8, 1, 2, 7, 5, 9]], 'solution': [[5, 8, 7, 6, 3, 4, 9, 1, 2], [3, 7, 5, 2, 8, 9, 1, 6, 4], [6, 1, 8, 7, 4, 5, 2, 9, 3], [9, 4, 6, 1, 7, 3, 5, 2, 8], [8, 3, 4, 9, 2, 1, 6, 7, 5], [7, 2, 9, 5, 6, 8, 3, 4, 1], [1, 9, 2, 3, 5, 7, 4, 8, 6], [2, 5, 1, 4, 9, 6, 8, 3, 7], [4, 6, 3, 8, 1, 2, 7, 5, 9]], 'numberoftries': 1198260, 'numof_is_valid_checks': 0}, 7: {'puzzle': [[3, 9, 4, 6, 5, 7, 8, 1, 2], [4, 8, 7, 5, 9, 6, 1, 2, 3], [7, 4, 6, 3, 2, 1, 9, 5, 8], [1, 7, 5, 2, 8, 4, 3, 9, 6], [6, 5, 9, 8, 1, 2, 4, 3, 7], [9, 6, 3, 1, 4, 8, 2, 7, 5], [2, 1, 8, 7, 6, 3, 5, 4, 9], [8, 2, 1, 9, 3, 5, 7, 6, 4], [5, 3, 2, 4, 7, 9, 6, 8, 1]], 'solution': [[3, 9, 4, 6, 5, 7, 8, 1, 2], [4, 8, 7, 5, 9, 6, 1, 2, 3], [7, 4, 6, 3, 2, 1, 9, 5, 8], [1, 7, 5, 2, 8, 4, 3, 9, 6], [6, 5, 9, 8, 1, 2, 4, 3, 7], [9, 6, 3, 1, 4, 8, 2, 7, 5], [2, 1, 8, 7, 6, 3, 5, 4, 9], [8, 2, 1, 9, 3, 5, 7, 6, 4], [5, 3, 2, 4, 7, 9, 6, 8, 1]], 'numberoftries': 5330946, 'numof_is_valid_checks': 0}, 8: {'puzzle': [[8, 6, 4, 3, 9, 7, 5, 1, 2], [5, 7, 3, 6, 4, 8, 1, 2, 9], [3, 1, 5, 7, 8, 9, 2, 4, 6], [6, 4, 7, 1, 2, 3, 9, 8, 5], [7, 8, 2, 9, 6, 1, 4, 5, 3], [4, 5, 9, 8, 3, 2, 6, 7, 1], [1, 3, 6, 2, 5, 4, 8, 9, 7], [2, 9, 8, 5, 1, 6, 7, 3, 4], [9, 2, 1, 4, 7, 5, 3, 6, 8]], 'solution': [[8, 6, 4, 3, 9, 7, 5, 1, 2], [5, 7, 3, 6, 4, 8, 1, 2, 9], [3, 1, 5, 7, 8, 9, 2, 4, 6], [6, 4, 7, 1, 2, 3, 9, 8, 5], [7, 8, 2, 9, 6, 1, 4, 5, 3], [4, 5, 9, 8, 3, 2, 6, 7, 1], [1, 3, 6, 2, 5, 4, 8, 9, 7], [2, 9, 8, 5, 1, 6, 7, 3, 4], [9, 2, 1, 4, 7, 5, 3, 6, 8]], 'numberoftries': 135505, 'numof_is_valid_checks': 0}, 9: {'puzzle': [[9, 6, 8, 5, 4, 7, 3, 1, 2], [7, 9, 5, 8, 6, 4, 1, 2, 3], [4, 3, 6, 7, 8, 2, 9, 5, 1], [3, 8, 7, 2, 1, 6, 5, 9, 4], [6, 5, 1, 3, 2, 8, 4, 7, 9], [8, 7, 3, 1, 5, 9, 2, 4, 6], [2, 1, 9, 4, 7, 3, 6, 8, 5], [1, 2, 4, 9, 3, 5, 8, 6, 7], [5, 4, 2, 6, 9, 1, 7, 3, 8]], 'solution': [[9, 6, 8, 5, 4, 7, 3, 1, 2], [7, 9, 5, 8, 6, 4, 1, 2, 3], [4, 3, 6, 7, 8, 2, 9, 5, 1], [3, 8, 7, 2, 1, 6, 5, 9, 4], [6, 5, 1, 3, 2, 8, 4, 7, 9], [8, 7, 3, 1, 5, 9, 2, 4, 6], [2, 1, 9, 4, 7, 3, 6, 8, 5], [1, 2, 4, 9, 3, 5, 8, 6, 7], [5, 4, 2, 6, 9, 1, 7, 3, 8]], 'numberoftries': 1256719, 'numof_is_valid_checks': 0}, 10: {'puzzle': [[3, 4, 9, 6, 5, 7, 8, 1, 2], [8, 7, 6, 9, 4, 5, 1, 2, 3], [5, 8, 4, 1, 7, 2, 3, 6, 9], [4, 9, 7, 2, 1, 3, 6, 8, 5], [7, 5, 1, 8, 2, 9, 4, 3, 6], [9, 6, 3, 5, 8, 1, 2, 4, 7], [2, 1, 5, 3, 6, 4, 7, 9, 8], [1, 2, 8, 7, 3, 6, 9, 5, 4], [6, 3, 2, 4, 9, 8, 5, 7, 1]], 'solution': [[3, 4, 9, 6, 5, 7, 8, 1, 2], [8, 7, 6, 9, 4, 5, 1, 2, 3], [5, 8, 4, 1, 7, 2, 3, 6, 9], [4, 9, 7, 2, 1, 3, 6, 8, 5], [7, 5, 1, 8, 2, 9, 4, 3, 6], [9, 6, 3, 5, 8, 1, 2, 4, 7], [2, 1, 5, 3, 6, 4, 7, 9, 8], [1, 2, 8, 7, 3, 6, 9, 5, 4], [6, 3, 2, 4, 9, 8, 5, 7, 1]], 'numberoftries': 72127709, 'numof_is_valid_checks': 0}, 11: {'puzzle': [[3, 9, 7, 4, 6, 8, 5, 1, 2], [9, 8, 5, 2, 3, 4, 1, 6, 7], [5, 4, 8, 6, 7, 9, 2, 3, 1], [1, 2, 3, 7, 9, 6, 4, 8, 5], [4, 3, 2, 1, 8, 7, 9, 5, 6], [8, 1, 9, 3, 2, 5, 6, 7, 4], [2, 7, 6, 9, 5, 1, 3, 4, 8], [6, 5, 1, 8, 4, 2, 7, 9, 3], [7, 6, 4, 5, 1, 3, 8, 2, 9]], 'solution': [[3, 9, 7, 4, 6, 8, 5, 1, 2], [9, 8, 5, 2, 3, 4, 1, 6, 7], [5, 4, 8, 6, 7, 9, 2, 3, 1], [1, 2, 3, 7, 9, 6, 4, 8, 5], [4, 3, 2, 1, 8, 7, 9, 5, 6], [8, 1, 9, 3, 2, 5, 6, 7, 4], [2, 7, 6, 9, 5, 1, 3, 4, 8], [6, 5, 1, 8, 4, 2, 7, 9, 3], [7, 6, 4, 5, 1, 3, 8, 2, 9]], 'numberoftries': 17793, 'numof_is_valid_checks': 0}, 12: {'puzzle': [[4, 2, 5, 9, 6, 7, 8, 1, 3], [2, 5, 7, 6, 3, 4, 1, 8, 9], [8, 7, 6, 1, 5, 9, 3, 4, 2], [7, 9, 8, 2, 4, 6, 5, 3, 1], [5, 3, 4, 8, 2, 1, 9, 6, 7], [9, 4, 2, 3, 1, 8, 6, 7, 5], [6, 8, 1, 5, 7, 3, 2, 9, 4], [3, 1, 9, 4, 8, 5, 7, 2, 6], [1, 6, 3, 7, 9, 2, 4, 5, 8]], 'solution': [[4, 2, 5, 9, 6, 7, 8, 1, 3], [2, 5, 7, 6, 3, 4, 1, 8, 9], [8, 7, 6, 1, 5, 9, 3, 4, 2], [7, 9, 8, 2, 4, 6, 5, 3, 1], [5, 3, 4, 8, 2, 1, 9, 6, 7], [9, 4, 2, 3, 1, 8, 6, 7, 5], [6, 8, 1, 5, 7, 3, 2, 9, 4], [3, 1, 9, 4, 8, 5, 7, 2, 6], [1, 6, 3, 7, 9, 2, 4, 5, 8]], 'numberoftries': 5181, 'numof_is_valid_checks': 0}, 13: {'puzzle': [[4, 7, 6, 5, 9, 2, 8, 1, 3], [8, 4, 5, 2, 7, 6, 1, 3, 9], [3, 5, 7, 6, 1, 4, 9, 8, 2], [1, 8, 3, 7, 6, 5, 2, 9, 4], [9, 2, 8, 1, 5, 3, 4, 6, 7], [7, 1, 2, 8, 3, 9, 6, 4, 5], [2, 3, 4, 9, 8, 1, 7, 5, 6], [6, 9, 1, 3, 4, 7, 5, 2, 8], [5, 6, 9, 4, 2, 8, 3, 7, 1]], 'solution': [[4, 7, 6, 5, 9, 2, 8, 1, 3], [8, 4, 5, 2, 7, 6, 1, 3, 9], [3, 5, 7, 6, 1, 4, 9, 8, 2], [1, 8, 3, 7, 6, 5, 2, 9, 4], [9, 2, 8, 1, 5, 3, 4, 6, 7], [7, 1, 2, 8, 3, 9, 6, 4, 5], [2, 3, 4, 9, 8, 1, 7, 5, 6], [6, 9, 1, 3, 4, 7, 5, 2, 8], [5, 6, 9, 4, 2, 8, 3, 7, 1]], 'numberoftries': 1214, 'numof_is_valid_checks': 0}, 14: {'puzzle': [[7, 5, 6, 9, 2, 8, 4, 1, 3], [3, 2, 4, 5, 9, 1, 8, 7, 6], [6, 3, 5, 8, 7, 2, 1, 9, 4], [2, 7, 3, 4, 6, 5, 9, 8, 1], [1, 6, 7, 2, 5, 9, 3, 4, 8], [5, 1, 9, 6, 8, 4, 2, 3, 7], [8, 9, 1, 3, 4, 6, 7, 5, 2], [9, 4, 8, 1, 3, 7, 6, 2, 5], [4, 8, 2, 7, 1, 3, 5, 6, 9]], 'solution': [[7, 5, 6, 9, 2, 8, 4, 1, 3], [3, 2, 4, 5, 9, 1, 8, 7, 6], [6, 3, 5, 8, 7, 2, 1, 9, 4], [2, 7, 3, 4, 6, 5, 9, 8, 1], [1, 6, 7, 2, 5, 9, 3, 4, 8], [5, 1, 9, 6, 8, 4, 2, 3, 7], [8, 9, 1, 3, 4, 6, 7, 5, 2], [9, 4, 8, 1, 3, 7, 6, 2, 5], [4, 8, 2, 7, 1, 3, 5, 6, 9]], 'numberoftries': 5460708, 'numof_is_valid_checks': 0}, 15: {'puzzle': [[4, 6, 7, 8, 2, 9, 5, 1, 3], [5, 8, 2, 7, 3, 4, 1, 6, 9], [6, 3, 4, 5, 7, 8, 9, 2, 1], [2, 1, 5, 4, 6, 3, 8, 9, 7], [1, 5, 6, 9, 4, 7, 3, 8, 2], [9, 7, 8, 6, 5, 1, 2, 3, 4], [7, 4, 1, 3, 9, 2, 6, 5, 8], [3, 2, 9, 1, 8, 5, 4, 7, 6], [8, 9, 3, 2, 1, 6, 7, 4, 5]], 'solution': [[4, 6, 7, 8, 2, 9, 5, 1, 3], [5, 8, 2, 7, 3, 4, 1, 6, 9], [6, 3, 4, 5, 7, 8, 9, 2, 1], [2, 1, 5, 4, 6, 3, 8, 9, 7], [1, 5, 6, 9, 4, 7, 3, 8, 2], [9, 7, 8, 6, 5, 1, 2, 3, 4], [7, 4, 1, 3, 9, 2, 6, 5, 8], [3, 2, 9, 1, 8, 5, 4, 7, 6], [8, 9, 3, 2, 1, 6, 7, 4, 5]], 'numberoftries': 786482, 'numof_is_valid_checks': 0}, 16: {'puzzle': [[9, 6, 7, 8, 2, 4, 5, 1, 3], [4, 2, 3, 7, 9, 1, 8, 6, 5], [3, 7, 4, 5, 6, 9, 1, 2, 8], [2, 1, 5, 4, 7, 3, 9, 8, 6], [1, 5, 6, 9, 8, 7, 3, 4, 2], [5, 3, 8, 1, 4, 6, 2, 9, 7], [7, 4, 1, 2, 3, 8, 6, 5, 9], [6, 8, 9, 3, 5, 2, 4, 7, 1], [8, 9, 2, 6, 1, 5, 7, 3, 4]], 'solution': [[9, 6, 7, 8, 2, 4, 5, 1, 3], [4, 2, 3, 7, 9, 1, 8, 6, 5], [3, 7, 4, 5, 6, 9, 1, 2, 8], [2, 1, 5, 4, 7, 3, 9, 8, 6], [1, 5, 6, 9, 8, 7, 3, 4, 2], [5, 3, 8, 1, 4, 6, 2, 9, 7], [7, 4, 1, 2, 3, 8, 6, 5, 9], [6, 8, 9, 3, 5, 2, 4, 7, 1], [8, 9, 2, 6, 1, 5, 7, 3, 4]], 'numberoftries': 2151233, 'numof_is_valid_checks': 0}, 17: {'puzzle': [[7, 5, 6, 9, 2, 8, 4, 1, 3], [5, 2, 4, 8, 3, 6, 1, 7, 9], [6, 7, 3, 5, 4, 2, 8, 9, 1], [2, 3, 5, 4, 7, 1, 9, 8, 6], [1, 6, 7, 2, 9, 5, 3, 4, 8], [4, 1, 9, 6, 8, 7, 2, 3, 5], [8, 9, 1, 3, 6, 4, 7, 5, 2], [9, 4, 8, 1, 5, 3, 6, 2, 7], [3, 8, 2, 7, 1, 9, 5, 6, 4]], 'solution': [[7, 5, 6, 9, 2, 8, 4, 1, 3], [5, 2, 4, 8, 3, 6, 1, 7, 9], [6, 7, 3, 5, 4, 2, 8, 9, 1], [2, 3, 5, 4, 7, 1, 9, 8, 6], [1, 6, 7, 2, 9, 5, 3, 4, 8], [4, 1, 9, 6, 8, 7, 2, 3, 5], [8, 9, 1, 3, 6, 4, 7, 5, 2], [9, 4, 8, 1, 5, 3, 6, 2, 7], [3, 8, 2, 7, 1, 9, 5, 6, 4]], 'numberoftries': 20300, 'numof_is_valid_checks': 0}, 18: {'puzzle': [[4, 5, 2, 7, 6, 9, 8, 1, 3], [9, 2, 6, 5, 3, 7, 1, 4, 8], [5, 3, 7, 6, 2, 4, 9, 8, 1], [1, 4, 3, 9, 8, 5, 6, 7, 2], [3, 1, 9, 8, 7, 2, 4, 5, 6], [7, 8, 4, 2, 5, 1, 3, 6, 9], [8, 9, 1, 3, 4, 6, 5, 2, 7], [6, 7, 5, 1, 9, 8, 2, 3, 4], [2, 6, 8, 4, 1, 3, 7, 9, 5]], 'solution': [[4, 5, 2, 7, 6, 9, 8, 1, 3], [9, 2, 6, 5, 3, 7, 1, 4, 8], [5, 3, 7, 6, 2, 4, 9, 8, 1], [1, 4, 3, 9, 8, 5, 6, 7, 2], [3, 1, 9, 8, 7, 2, 4, 5, 6], [7, 8, 4, 2, 5, 1, 3, 6, 9], [8, 9, 1, 3, 4, 6, 5, 2, 7], [6, 7, 5, 1, 9, 8, 2, 3, 4], [2, 6, 8, 4, 1, 3, 7, 9, 5]], 'numberoftries': 3218, 'numof_is_valid_checks': 0}, 19: {'puzzle': [[8, 6, 2, 7, 5, 4, 9, 1, 3], [3, 4, 6, 5, 7, 2, 1, 8, 9], [2, 5, 3, 4, 6, 7, 8, 9, 1], [6, 8, 9, 2, 1, 3, 4, 5, 7], [4, 1, 5, 8, 3, 9, 6, 7, 2], [5, 7, 4, 3, 9, 1, 2, 6, 8], [9, 3, 7, 1, 8, 6, 5, 2, 4], [1, 2, 8, 9, 4, 5, 7, 3, 6], [7, 9, 1, 6, 2, 8, 3, 4, 5]], 'solution': [[8, 6, 2, 7, 5, 4, 9, 1, 3], [3, 4, 6, 5, 7, 2, 1, 8, 9], [2, 5, 3, 4, 6, 7, 8, 9, 1], [6, 8, 9, 2, 1, 3, 4, 5, 7], [4, 1, 5, 8, 3, 9, 6, 7, 2], [5, 7, 4, 3, 9, 1, 2, 6, 8], [9, 3, 7, 1, 8, 6, 5, 2, 4], [1, 2, 8, 9, 4, 5, 7, 3, 6], [7, 9, 1, 6, 2, 8, 3, 4, 5]], 'numberoftries': 84317, 'numof_is_valid_checks': 0}, 20: {'puzzle': [[4, 2, 8, 6, 5, 7, 9, 1, 3], [3, 4, 2, 5, 7, 6, 1, 8, 9], [2, 7, 3, 4, 6, 5, 8, 9, 1], [9, 8, 6, 2, 1, 3, 4, 5, 7], [7, 1, 5, 8, 9, 4, 3, 6, 2], [1, 9, 4, 3, 2, 8, 6, 7, 5], [6, 3, 7, 1, 8, 9, 5, 2, 4], [8, 5, 1, 9, 4, 2, 7, 3, 6], [5, 6, 9, 7, 3, 1, 2, 4, 8]], 'solution': [[4, 2, 8, 6, 5, 7, 9, 1, 3], [3, 4, 2, 5, 7, 6, 1, 8, 9], [2, 7, 3, 4, 6, 5, 8, 9, 1], [9, 8, 6, 2, 1, 3, 4, 5, 7], [7, 1, 5, 8, 9, 4, 3, 6, 2], [1, 9, 4, 3, 2, 8, 6, 7, 5], [6, 3, 7, 1, 8, 9, 5, 2, 4], [8, 5, 1, 9, 4, 2, 7, 3, 6], [5, 6, 9, 7, 3, 1, 2, 4, 8]], 'numberoftries': 45859, 'numof_is_valid_checks': 0}, 21: {'puzzle': [[8, 7, 2, 6, 5, 4, 9, 1, 3], [7, 4, 1, 5, 3, 6, 2, 9, 8], [2, 6, 3, 4, 7, 5, 1, 8, 9], [6, 9, 7, 8, 1, 3, 4, 5, 2], [4, 8, 9, 3, 2, 1, 7, 6, 5], [5, 1, 8, 9, 4, 2, 3, 7, 6], [9, 3, 6, 1, 8, 7, 5, 2, 4], [1, 5, 4, 2, 6, 9, 8, 3, 7], [3, 2, 5, 7, 9, 8, 6, 4, 1]], 'solution': [[8, 7, 2, 6, 5, 4, 9, 1, 3], [7, 4, 1, 5, 3, 6, 2, 9, 8], [2, 6, 3, 4, 7, 5, 1, 8, 9], [6, 9, 7, 8, 1, 3, 4, 5, 2], [4, 8, 9, 3, 2, 1, 7, 6, 5], [5, 1, 8, 9, 4, 2, 3, 7, 6], [9, 3, 6, 1, 8, 7, 5, 2, 4], [1, 5, 4, 2, 6, 9, 8, 3, 7], [3, 2, 5, 7, 9, 8, 6, 4, 1]], 'numberoftries': 134482, 'numof_is_valid_checks': 0}, 22: {'puzzle': [[8, 7, 2, 6, 5, 4, 9, 1, 3], [6, 4, 1, 5, 3, 7, 2, 9, 8], [2, 6, 3, 4, 7, 5, 1, 8, 9], [7, 9, 6, 8, 1, 3, 4, 5, 2], [4, 8, 9, 3, 2, 1, 7, 6, 5], [5, 1, 8, 9, 4, 2, 3, 7, 6], [9, 3, 7, 1, 8, 6, 5, 2, 4], [1, 5, 4, 2, 6, 9, 8, 3, 7], [3, 2, 5, 7, 9, 8, 6, 4, 1]], 'solution': [[8, 7, 2, 6, 5, 4, 9, 1, 3], [6, 4, 1, 5, 3, 7, 2, 9, 8], [2, 6, 3, 4, 7, 5, 1, 8, 9], [7, 9, 6, 8, 1, 3, 4, 5, 2], [4, 8, 9, 3, 2, 1, 7, 6, 5], [5, 1, 8, 9, 4, 2, 3, 7, 6], [9, 3, 7, 1, 8, 6, 5, 2, 4], [1, 5, 4, 2, 6, 9, 8, 3, 7], [3, 2, 5, 7, 9, 8, 6, 4, 1]], 'numberoftries': 127476, 'numof_is_valid_checks': 0}, 23: {'puzzle': [[7, 2, 6, 9, 5, 4, 8, 1, 3], [2, 7, 5, 8, 3, 6, 1, 9, 4], [3, 1, 4, 5, 2, 8, 9, 7, 6], [1, 9, 3, 2, 4, 7, 6, 5, 8], [9, 6, 1, 7, 8, 5, 4, 3, 2], [5, 4, 8, 3, 1, 2, 7, 6, 9], [8, 3, 9, 4, 6, 1, 5, 2, 7], [6, 8, 7, 1, 9, 3, 2, 4, 5], [4, 5, 2, 6, 7, 9, 3, 8, 1]], 'solution': [[7, 2, 6, 9, 5, 4, 8, 1, 3], [2, 7, 5, 8, 3, 6, 1, 9, 4], [3, 1, 4, 5, 2, 8, 9, 7, 6], [1, 9, 3, 2, 4, 7, 6, 5, 8], [9, 6, 1, 7, 8, 5, 4, 3, 2], [5, 4, 8, 3, 1, 2, 7, 6, 9], [8, 3, 9, 4, 6, 1, 5, 2, 7], [6, 8, 7, 1, 9, 3, 2, 4, 5], [4, 5, 2, 6, 7, 9, 3, 8, 1]], 'numberoftries': 575015, 'numof_is_valid_checks': 0}, 24: {'puzzle': [[9, 2, 7, 6, 4, 5, 8, 1, 3], [4, 3, 5, 2, 7, 6, 1, 9, 8], [6, 4, 8, 7, 5, 9, 2, 3, 1], [1, 9, 3, 4, 6, 7, 5, 8, 2], [3, 1, 4, 8, 9, 2, 6, 5, 7], [2, 7, 1, 5, 8, 3, 9, 4, 6], [8, 5, 2, 9, 3, 1, 7, 6, 4], [7, 6, 9, 3, 1, 8, 4, 2, 5], [5, 8, 6, 1, 2, 4, 3, 7, 9]], 'solution': [[9, 2, 7, 6, 4, 5, 8, 1, 3], [4, 3, 5, 2, 7, 6, 1, 9, 8], [6, 4, 8, 7, 5, 9, 2, 3, 1], [1, 9, 3, 4, 6, 7, 5, 8, 2], [3, 1, 4, 8, 9, 2, 6, 5, 7], [2, 7, 1, 5, 8, 3, 9, 4, 6], [8, 5, 2, 9, 3, 1, 7, 6, 4], [7, 6, 9, 3, 1, 8, 4, 2, 5], [5, 8, 6, 1, 2, 4, 3, 7, 9]], 'numberoftries': 32711, 'numof_is_valid_checks': 0}, 25: {'puzzle': [[7, 2, 4, 9, 5, 6, 8, 1, 3], [4, 7, 6, 8, 3, 5, 1, 9, 2], [2, 1, 5, 6, 8, 9, 3, 7, 4], [1, 3, 8, 4, 2, 7, 9, 6, 5], [9, 5, 1, 3, 6, 2, 7, 4, 8], [5, 6, 3, 7, 1, 8, 4, 2, 9], [8, 9, 2, 5, 4, 1, 6, 3, 7], [3, 8, 7, 1, 9, 4, 2, 5, 6], [6, 4, 9, 2, 7, 3, 5, 8, 1]], 'solution': [[7, 2, 4, 9, 5, 6, 8, 1, 3], [4, 7, 6, 8, 3, 5, 1, 9, 2], [2, 1, 5, 6, 8, 9, 3, 7, 4], [1, 3, 8, 4, 2, 7, 9, 6, 5], [9, 5, 1, 3, 6, 2, 7, 4, 8], [5, 6, 3, 7, 1, 8, 4, 2, 9], [8, 9, 2, 5, 4, 1, 6, 3, 7], [3, 8, 7, 1, 9, 4, 2, 5, 6], [6, 4, 9, 2, 7, 3, 5, 8, 1]], 'numberoftries': 122157, 'numof_is_valid_checks': 0}, 26: {'puzzle': [[3, 9, 7, 5, 6, 2, 8, 1, 4], [9, 1, 8, 6, 7, 5, 2, 4, 3], [8, 7, 3, 4, 5, 6, 1, 2, 9], [1, 6, 5, 2, 3, 7, 4, 9, 8], [4, 3, 1, 7, 2, 8, 9, 6, 5], [2, 4, 9, 8, 1, 3, 6, 5, 7], [6, 5, 4, 9, 8, 1, 7, 3, 2], [5, 8, 2, 1, 4, 9, 3, 7, 6], [7, 2, 6, 3, 9, 4, 5, 8, 1]], 'solution': [[3, 9, 7, 5, 6, 2, 8, 1, 4], [9, 1, 8, 6, 7, 5, 2, 4, 3], [8, 7, 3, 4, 5, 6, 1, 2, 9], [1, 6, 5, 2, 3, 7, 4, 9, 8], [4, 3, 1, 7, 2, 8, 9, 6, 5], [2, 4, 9, 8, 1, 3, 6, 5, 7], [6, 5, 4, 9, 8, 1, 7, 3, 2], [5, 8, 2, 1, 4, 9, 3, 7, 6], [7, 2, 6, 3, 9, 4, 5, 8, 1]], 'numberoftries': 27783, 'numof_is_valid_checks': 0}, 27: {'puzzle': [[9, 5, 7, 3, 8, 6, 2, 1, 4], [4, 9, 5, 7, 2, 3, 1, 6, 8], [5, 4, 8, 6, 9, 7, 3, 2, 1], [2, 1, 6, 8, 3, 4, 9, 5, 7], [7, 2, 3, 9, 1, 8, 5, 4, 6], [3, 7, 9, 1, 6, 2, 4, 8, 5], [6, 8, 2, 4, 5, 1, 7, 3, 9], [1, 6, 4, 2, 7, 5, 8, 9, 3], [8, 3, 1, 5, 4, 9, 6, 7, 2]], 'solution': [[9, 5, 7, 3, 8, 6, 2, 1, 4], [4, 9, 5, 7, 2, 3, 1, 6, 8], [5, 4, 8, 6, 9, 7, 3, 2, 1], [2, 1, 6, 8, 3, 4, 9, 5, 7], [7, 2, 3, 9, 1, 8, 5, 4, 6], [3, 7, 9, 1, 6, 2, 4, 8, 5], [6, 8, 2, 4, 5, 1, 7, 3, 9], [1, 6, 4, 2, 7, 5, 8, 9, 3], [8, 3, 1, 5, 4, 9, 6, 7, 2]], 'numberoftries': 225236935, 'numof_is_valid_checks': 0}, 28: {'puzzle': [[7, 5, 6, 3, 8, 9, 2, 1, 4], [2, 4, 1, 7, 3, 8, 6, 9, 5], [4, 9, 3, 1, 7, 6, 5, 8, 2], [1, 8, 4, 6, 2, 5, 9, 7, 3], [9, 1, 5, 2, 6, 4, 8, 3, 7], [6, 2, 9, 4, 1, 7, 3, 5, 8], [5, 6, 7, 8, 4, 3, 1, 2, 9], [8, 3, 2, 9, 5, 1, 7, 4, 6], [3, 7, 8, 5, 9, 2, 4, 6, 1]], 'solution': [[7, 5, 6, 3, 8, 9, 2, 1, 4], [2, 4, 1, 7, 3, 8, 6, 9, 5], [4, 9, 3, 1, 7, 6, 5, 8, 2], [1, 8, 4, 6, 2, 5, 9, 7, 3], [9, 1, 5, 2, 6, 4, 8, 3, 7], [6, 2, 9, 4, 1, 7, 3, 5, 8], [5, 6, 7, 8, 4, 3, 1, 2, 9], [8, 3, 2, 9, 5, 1, 7, 4, 6], [3, 7, 8, 5, 9, 2, 4, 6, 1]], 'numberoftries': 20988, 'numof_is_valid_checks': 0}, 29: {'puzzle': [[2, 3, 9, 5, 8, 7, 6, 1, 4], [9, 6, 8, 3, 7, 5, 2, 4, 1], [8, 2, 5, 7, 3, 4, 1, 6, 9], [3, 9, 1, 4, 2, 6, 7, 8, 5], [1, 5, 7, 9, 6, 8, 4, 2, 3], [7, 1, 4, 6, 5, 3, 8, 9, 2], [4, 7, 2, 8, 1, 9, 5, 3, 6], [6, 8, 3, 1, 4, 2, 9, 5, 7], [5, 4, 6, 2, 9, 1, 3, 7, 8]], 'solution': [[2, 3, 9, 5, 8, 7, 6, 1, 4], [9, 6, 8, 3, 7, 5, 2, 4, 1], [8, 2, 5, 7, 3, 4, 1, 6, 9], [3, 9, 1, 4, 2, 6, 7, 8, 5], [1, 5, 7, 9, 6, 8, 4, 2, 3], [7, 1, 4, 6, 5, 3, 8, 9, 2], [4, 7, 2, 8, 1, 9, 5, 3, 6], [6, 8, 3, 1, 4, 2, 9, 5, 7], [5, 4, 6, 2, 9, 1, 3, 7, 8]], 'numberoftries': 1080, 'numof_is_valid_checks': 0}, 30: {'puzzle': [[2, 3, 9, 5, 8, 7, 6, 1, 4], [9, 6, 8, 3, 7, 5, 2, 4, 1], [8, 2, 5, 4, 6, 3, 1, 7, 9], [3, 1, 4, 7, 2, 6, 8, 9, 5], [1, 9, 7, 6, 5, 8, 4, 2, 3], [5, 4, 6, 9, 3, 1, 7, 8, 2], [4, 7, 2, 8, 1, 9, 5, 3, 6], [6, 8, 3, 1, 4, 2, 9, 5, 7], [7, 5, 1, 2, 9, 4, 3, 6, 8]], 'solution': [[2, 3, 9, 5, 8, 7, 6, 1, 4], [9, 6, 8, 3, 7, 5, 2, 4, 1], [8, 2, 5, 4, 6, 3, 1, 7, 9], [3, 1, 4, 7, 2, 6, 8, 9, 5], [1, 9, 7, 6, 5, 8, 4, 2, 3], [5, 4, 6, 9, 3, 1, 7, 8, 2], [4, 7, 2, 8, 1, 9, 5, 3, 6], [6, 8, 3, 1, 4, 2, 9, 5, 7], [7, 5, 1, 2, 9, 4, 3, 6, 8]], 'numberoftries': 1218, 'numof_is_valid_checks': 0}, 31: {'puzzle': [[2, 3, 6, 9, 8, 7, 5, 1, 4], [3, 5, 8, 7, 6, 9, 4, 2, 1], [8, 2, 9, 4, 5, 3, 1, 6, 7], [4, 1, 7, 3, 2, 6, 8, 9, 5], [1, 6, 2, 5, 7, 8, 3, 4, 9], [9, 4, 5, 6, 3, 1, 7, 8, 2], [5, 7, 4, 8, 1, 2, 9, 3, 6], [6, 9, 3, 1, 4, 5, 2, 7, 8], [7, 8, 1, 2, 9, 4, 6, 5, 3]], 'solution': [[2, 3, 6, 9, 8, 7, 5, 1, 4], [3, 5, 8, 7, 6, 9, 4, 2, 1], [8, 2, 9, 4, 5, 3, 1, 6, 7], [4, 1, 7, 3, 2, 6, 8, 9, 5], [1, 6, 2, 5, 7, 8, 3, 4, 9], [9, 4, 5, 6, 3, 1, 7, 8, 2], [5, 7, 4, 8, 1, 2, 9, 3, 6], [6, 9, 3, 1, 4, 5, 2, 7, 8], [7, 8, 1, 2, 9, 4, 6, 5, 3]], 'numberoftries': 9013, 'numof_is_valid_checks': 0}, 32: {'puzzle': [[5, 2, 8, 3, 7, 9, 6, 1, 4], [7, 4, 5, 1, 8, 6, 3, 9, 2], [4, 3, 2, 5, 9, 8, 1, 6, 7], [8, 9, 6, 7, 1, 4, 2, 5, 3], [9, 5, 4, 8, 3, 1, 7, 2, 6], [3, 8, 9, 6, 2, 5, 4, 7, 1], [2, 1, 3, 9, 6, 7, 8, 4, 5], [6, 7, 1, 4, 5, 2, 9, 3, 8], [1, 6, 7, 2, 4, 3, 5, 8, 9]], 'solution': [[5, 2, 8, 3, 7, 9, 6, 1, 4], [7, 4, 5, 1, 8, 6, 3, 9, 2], [4, 3, 2, 5, 9, 8, 1, 6, 7], [8, 9, 6, 7, 1, 4, 2, 5, 3], [9, 5, 4, 8, 3, 1, 7, 2, 6], [3, 8, 9, 6, 2, 5, 4, 7, 1], [2, 1, 3, 9, 6, 7, 8, 4, 5], [6, 7, 1, 4, 5, 2, 9, 3, 8], [1, 6, 7, 2, 4, 3, 5, 8, 9]], 'numberoftries': 118479, 'numof_is_valid_checks': 0}, 33: {'puzzle': [[9, 2, 8, 5, 6, 7, 3, 1, 4], [7, 9, 6, 3, 5, 4, 1, 2, 8], [4, 7, 3, 2, 1, 8, 9, 5, 6], [8, 1, 2, 4, 7, 3, 6, 9, 5], [6, 5, 1, 7, 9, 2, 4, 8, 3], [1, 8, 5, 6, 3, 9, 2, 4, 7], [5, 6, 4, 9, 8, 1, 7, 3, 2], [2, 3, 7, 1, 4, 5, 8, 6, 9], [3, 4, 9, 8, 2, 6, 5, 7, 1]], 'solution': [[9, 2, 8, 5, 6, 7, 3, 1, 4], [7, 9, 6, 3, 5, 4, 1, 2, 8], [4, 7, 3, 2, 1, 8, 9, 5, 6], [8, 1, 2, 4, 7, 3, 6, 9, 5], [6, 5, 1, 7, 9, 2, 4, 8, 3], [1, 8, 5, 6, 3, 9, 2, 4, 7], [5, 6, 4, 9, 8, 1, 7, 3, 2], [2, 3, 7, 1, 4, 5, 8, 6, 9], [3, 4, 9, 8, 2, 6, 5, 7, 1]], 'numberoftries': 2828, 'numof_is_valid_checks': 0}, 34: {'puzzle': [[3, 8, 6, 5, 2, 7, 9, 1, 4], [9, 7, 4, 3, 5, 6, 1, 2, 8], [7, 9, 8, 2, 1, 4, 3, 5, 6], [8, 1, 2, 4, 7, 3, 6, 9, 5], [5, 2, 1, 7, 6, 9, 4, 8, 3], [1, 5, 3, 6, 9, 8, 2, 4, 7], [4, 6, 5, 9, 8, 1, 7, 3, 2], [2, 3, 7, 1, 4, 5, 8, 6, 9], [6, 4, 9, 8, 3, 2, 5, 7, 1]], 'solution': [[3, 8, 6, 5, 2, 7, 9, 1, 4], [9, 7, 4, 3, 5, 6, 1, 2, 8], [7, 9, 8, 2, 1, 4, 3, 5, 6], [8, 1, 2, 4, 7, 3, 6, 9, 5], [5, 2, 1, 7, 6, 9, 4, 8, 3], [1, 5, 3, 6, 9, 8, 2, 4, 7], [4, 6, 5, 9, 8, 1, 7, 3, 2], [2, 3, 7, 1, 4, 5, 8, 6, 9], [6, 4, 9, 8, 3, 2, 5, 7, 1]], 'numberoftries': 6456, 'numof_is_valid_checks': 0}, 35: {'puzzle': [[9, 4, 6, 7, 8, 2, 3, 1, 5], [6, 2, 3, 4, 5, 8, 1, 7, 9], [3, 5, 9, 2, 6, 7, 4, 8, 1], [8, 3, 7, 6, 1, 9, 2, 5, 4], [7, 6, 8, 1, 9, 4, 5, 2, 3], [4, 8, 2, 5, 3, 1, 7, 9, 6], [1, 9, 5, 8, 2, 3, 6, 4, 7], [2, 1, 4, 3, 7, 5, 9, 6, 8], [5, 7, 1, 9, 4, 6, 8, 3, 2]], 'solution': [[9, 4, 6, 7, 8, 2, 3, 1, 5], [6, 2, 3, 4, 5, 8, 1, 7, 9], [3, 5, 9, 2, 6, 7, 4, 8, 1], [8, 3, 7, 6, 1, 9, 2, 5, 4], [7, 6, 8, 1, 9, 4, 5, 2, 3], [4, 8, 2, 5, 3, 1, 7, 9, 6], [1, 9, 5, 8, 2, 3, 6, 4, 7], [2, 1, 4, 3, 7, 5, 9, 6, 8], [5, 7, 1, 9, 4, 6, 8, 3, 2]], 'numberoftries': 1985, 'numof_is_valid_checks': 0}, 36: {'puzzle': [[7, 2, 3, 6, 8, 9, 4, 1, 5], [3, 6, 5, 4, 9, 2, 1, 7, 8], [4, 3, 8, 5, 7, 1, 9, 6, 2], [6, 5, 9, 2, 1, 4, 3, 8, 7], [9, 4, 7, 1, 2, 5, 8, 3, 6], [8, 9, 4, 7, 5, 3, 6, 2, 1], [5, 7, 1, 8, 3, 6, 2, 9, 4], [1, 8, 2, 9, 6, 7, 5, 4, 3], [2, 1, 6, 3, 4, 8, 7, 5, 9]], 'solution': [[7, 2, 3, 6, 8, 9, 4, 1, 5], [3, 6, 5, 4, 9, 2, 1, 7, 8], [4, 3, 8, 5, 7, 1, 9, 6, 2], [6, 5, 9, 2, 1, 4, 3, 8, 7], [9, 4, 7, 1, 2, 5, 8, 3, 6], [8, 9, 4, 7, 5, 3, 6, 2, 1], [5, 7, 1, 8, 3, 6, 2, 9, 4], [1, 8, 2, 9, 6, 7, 5, 4, 3], [2, 1, 6, 3, 4, 8, 7, 5, 9]], 'numberoftries': 122382, 'numof_is_valid_checks': 0}, 37: {'puzzle': [[7, 3, 9, 4, 2, 6, 8, 1, 5], [9, 2, 6, 8, 3, 5, 1, 7, 4], [3, 8, 5, 6, 7, 4, 9, 2, 1], [4, 7, 8, 5, 1, 2, 3, 9, 6], [2, 5, 7, 1, 6, 8, 4, 3, 9], [1, 9, 2, 7, 5, 3, 6, 4, 8], [5, 6, 1, 9, 4, 7, 2, 8, 3], [8, 4, 3, 2, 9, 1, 5, 6, 7], [6, 1, 4, 3, 8, 9, 7, 5, 2]], 'solution': [[7, 3, 9, 4, 2, 6, 8, 1, 5], [9, 2, 6, 8, 3, 5, 1, 7, 4], [3, 8, 5, 6, 7, 4, 9, 2, 1], [4, 7, 8, 5, 1, 2, 3, 9, 6], [2, 5, 7, 1, 6, 8, 4, 3, 9], [1, 9, 2, 7, 5, 3, 6, 4, 8], [5, 6, 1, 9, 4, 7, 2, 8, 3], [8, 4, 3, 2, 9, 1, 5, 6, 7], [6, 1, 4, 3, 8, 9, 7, 5, 2]], 'numberoftries': 396660, 'numof_is_valid_checks': 0}, 38: {'puzzle': [[2, 7, 4, 6, 8, 3, 9, 1, 5], [1, 2, 3, 8, 5, 6, 4, 7, 9], [4, 8, 6, 5, 7, 9, 1, 2, 3], [6, 5, 9, 2, 1, 4, 3, 8, 7], [9, 6, 7, 1, 2, 5, 8, 3, 4], [8, 3, 5, 7, 4, 1, 6, 9, 2], [5, 4, 8, 9, 3, 7, 2, 6, 1], [7, 9, 1, 3, 6, 2, 5, 4, 8], [3, 1, 2, 4, 9, 8, 7, 5, 6]], 'solution': [[2, 7, 4, 6, 8, 3, 9, 1, 5], [1, 2, 3, 8, 5, 6, 4, 7, 9], [4, 8, 6, 5, 7, 9, 1, 2, 3], [6, 5, 9, 2, 1, 4, 3, 8, 7], [9, 6, 7, 1, 2, 5, 8, 3, 4], [8, 3, 5, 7, 4, 1, 6, 9, 2], [5, 4, 8, 9, 3, 7, 2, 6, 1], [7, 9, 1, 3, 6, 2, 5, 4, 8], [3, 1, 2, 4, 9, 8, 7, 5, 6]], 'numberoftries': 67436, 'numof_is_valid_checks': 0}, 39: {'puzzle': [[7, 4, 6, 2, 8, 3, 9, 1, 5], [6, 5, 2, 8, 3, 7, 1, 4, 9], [8, 6, 7, 9, 1, 4, 2, 5, 3], [4, 2, 3, 1, 9, 5, 8, 6, 7], [2, 7, 9, 5, 6, 1, 4, 3, 8], [5, 8, 4, 3, 7, 2, 6, 9, 1], [1, 9, 5, 7, 4, 6, 3, 8, 2], [3, 1, 8, 6, 5, 9, 7, 2, 4], [9, 3, 1, 4, 2, 8, 5, 7, 6]], 'solution': [[7, 4, 6, 2, 8, 3, 9, 1, 5], [6, 5, 2, 8, 3, 7, 1, 4, 9], [8, 6, 7, 9, 1, 4, 2, 5, 3], [4, 2, 3, 1, 9, 5, 8, 6, 7], [2, 7, 9, 5, 6, 1, 4, 3, 8], [5, 8, 4, 3, 7, 2, 6, 9, 1], [1, 9, 5, 7, 4, 6, 3, 8, 2], [3, 1, 8, 6, 5, 9, 7, 2, 4], [9, 3, 1, 4, 2, 8, 5, 7, 6]], 'numberoftries': 5654, 'numof_is_valid_checks': 0}, 40: {'puzzle': [[7, 4, 3, 6, 2, 8, 9, 1, 5], [6, 5, 2, 8, 3, 7, 1, 4, 9], [8, 7, 4, 5, 6, 3, 2, 9, 1], [3, 2, 6, 9, 1, 5, 8, 7, 4], [2, 6, 9, 7, 8, 1, 4, 5, 3], [5, 8, 7, 1, 9, 4, 6, 3, 2], [1, 9, 5, 2, 4, 6, 3, 8, 7], [4, 1, 8, 3, 5, 9, 7, 2, 6], [9, 3, 1, 4, 7, 2, 5, 6, 8]], 'solution': [[7, 4, 3, 6, 2, 8, 9, 1, 5], [6, 5, 2, 8, 3, 7, 1, 4, 9], [8, 7, 4, 5, 6, 3, 2, 9, 1], [3, 2, 6, 9, 1, 5, 8, 7, 4], [2, 6, 9, 7, 8, 1, 4, 5, 3], [5, 8, 7, 1, 9, 4, 6, 3, 2], [1, 9, 5, 2, 4, 6, 3, 8, 7], [4, 1, 8, 3, 5, 9, 7, 2, 6], [9, 3, 1, 4, 7, 2, 5, 6, 8]], 'numberoftries': 6102194, 'numof_is_valid_checks': 0}, 41: {'puzzle': [[2, 7, 3, 6, 8, 9, 4, 1, 5], [8, 2, 4, 9, 5, 6, 1, 7, 3], [4, 3, 6, 5, 7, 1, 9, 2, 8], [6, 5, 8, 2, 1, 4, 3, 9, 7], [9, 6, 7, 1, 2, 5, 8, 3, 4], [1, 9, 5, 7, 4, 3, 6, 8, 2], [5, 4, 1, 8, 3, 7, 2, 6, 9], [7, 8, 9, 3, 6, 2, 5, 4, 1], [3, 1, 2, 4, 9, 8, 7, 5, 6]], 'solution': [[2, 7, 3, 6, 8, 9, 4, 1, 5], [8, 2, 4, 9, 5, 6, 1, 7, 3], [4, 3, 6, 5, 7, 1, 9, 2, 8], [6, 5, 8, 2, 1, 4, 3, 9, 7], [9, 6, 7, 1, 2, 5, 8, 3, 4], [1, 9, 5, 7, 4, 3, 6, 8, 2], [5, 4, 1, 8, 3, 7, 2, 6, 9], [7, 8, 9, 3, 6, 2, 5, 4, 1], [3, 1, 2, 4, 9, 8, 7, 5, 6]], 'numberoftries': 14015, 'numof_is_valid_checks': 0}, 42: {'puzzle': [[3, 7, 2, 6, 8, 9, 4, 1, 5], [8, 2, 5, 9, 4, 6, 1, 7, 3], [4, 8, 3, 5, 7, 1, 9, 6, 2], [6, 5, 9, 4, 1, 2, 3, 8, 7], [9, 4, 7, 1, 2, 5, 8, 3, 6], [1, 3, 4, 7, 5, 8, 6, 2, 9], [5, 6, 1, 8, 3, 7, 2, 9, 4], [7, 9, 8, 2, 6, 3, 5, 4, 1], [2, 1, 6, 3, 9, 4, 7, 5, 8]], 'solution': [[3, 7, 2, 6, 8, 9, 4, 1, 5], [8, 2, 5, 9, 4, 6, 1, 7, 3], [4, 8, 3, 5, 7, 1, 9, 6, 2], [6, 5, 9, 4, 1, 2, 3, 8, 7], [9, 4, 7, 1, 2, 5, 8, 3, 6], [1, 3, 4, 7, 5, 8, 6, 2, 9], [5, 6, 1, 8, 3, 7, 2, 9, 4], [7, 9, 8, 2, 6, 3, 5, 4, 1], [2, 1, 6, 3, 9, 4, 7, 5, 8]], 'numberoftries': 72866, 'numof_is_valid_checks': 0}, 43: {'puzzle': [[6, 4, 2, 7, 9, 3, 8, 1, 5], [2, 3, 5, 9, 6, 7, 1, 8, 4], [3, 7, 6, 5, 1, 4, 9, 2, 8], [7, 5, 4, 2, 8, 1, 3, 9, 6], [8, 6, 7, 1, 2, 5, 4, 3, 9], [1, 9, 3, 8, 5, 2, 6, 4, 7], [5, 8, 9, 3, 4, 6, 2, 7, 1], [9, 2, 1, 4, 7, 8, 5, 6, 3], [4, 1, 8, 6, 3, 9, 7, 5, 2]], 'solution': [[6, 4, 2, 7, 9, 3, 8, 1, 5], [2, 3, 5, 9, 6, 7, 1, 8, 4], [3, 7, 6, 5, 1, 4, 9, 2, 8], [7, 5, 4, 2, 8, 1, 3, 9, 6], [8, 6, 7, 1, 2, 5, 4, 3, 9], [1, 9, 3, 8, 5, 2, 6, 4, 7], [5, 8, 9, 3, 4, 6, 2, 7, 1], [9, 2, 1, 4, 7, 8, 5, 6, 3], [4, 1, 8, 6, 3, 9, 7, 5, 2]], 'numberoftries': 1249606, 'numof_is_valid_checks': 0}, 44: {'puzzle': [[6, 3, 2, 7, 9, 4, 8, 1, 5], [1, 2, 6, 9, 5, 7, 4, 8, 3], [4, 9, 7, 5, 6, 3, 1, 2, 8], [7, 5, 4, 2, 8, 1, 3, 9, 6], [8, 4, 5, 1, 2, 6, 9, 3, 7], [2, 7, 3, 8, 1, 5, 6, 4, 9], [5, 6, 8, 4, 3, 9, 2, 7, 1], [9, 8, 1, 3, 7, 2, 5, 6, 4], [3, 1, 9, 6, 4, 8, 7, 5, 2]], 'solution': [[6, 3, 2, 7, 9, 4, 8, 1, 5], [1, 2, 6, 9, 5, 7, 4, 8, 3], [4, 9, 7, 5, 6, 3, 1, 2, 8], [7, 5, 4, 2, 8, 1, 3, 9, 6], [8, 4, 5, 1, 2, 6, 9, 3, 7], [2, 7, 3, 8, 1, 5, 6, 4, 9], [5, 6, 8, 4, 3, 9, 2, 7, 1], [9, 8, 1, 3, 7, 2, 5, 6, 4], [3, 1, 9, 6, 4, 8, 7, 5, 2]], 'numberoftries': 73298, 'numof_is_valid_checks': 0}, 45: {'puzzle': [[3, 7, 4, 8, 9, 6, 2, 1, 5], [9, 2, 7, 5, 6, 4, 8, 3, 1], [5, 6, 2, 7, 3, 1, 4, 9, 8], [4, 8, 3, 2, 1, 7, 9, 5, 6], [6, 3, 5, 1, 8, 9, 7, 4, 2], [7, 4, 6, 9, 5, 8, 1, 2, 3], [1, 5, 8, 4, 2, 3, 6, 7, 9], [2, 1, 9, 6, 7, 5, 3, 8, 4], [8, 9, 1, 3, 4, 2, 5, 6, 7]], 'solution': [[3, 7, 4, 8, 9, 6, 2, 1, 5], [9, 2, 7, 5, 6, 4, 8, 3, 1], [5, 6, 2, 7, 3, 1, 4, 9, 8], [4, 8, 3, 2, 1, 7, 9, 5, 6], [6, 3, 5, 1, 8, 9, 7, 4, 2], [7, 4, 6, 9, 5, 8, 1, 2, 3], [1, 5, 8, 4, 2, 3, 6, 7, 9], [2, 1, 9, 6, 7, 5, 3, 8, 4], [8, 9, 1, 3, 4, 2, 5, 6, 7]], 'numberoftries': 73, 'numof_is_valid_checks': 0}, 46: {'puzzle': [[2, 3, 4, 7, 6, 8, 9, 1, 5], [6, 4, 7, 3, 8, 5, 1, 2, 9], [8, 5, 1, 2, 7, 9, 3, 4, 6], [1, 9, 5, 8, 4, 3, 2, 6, 7], [5, 2, 6, 1, 9, 7, 8, 3, 4], [9, 6, 3, 4, 1, 2, 5, 7, 8], [3, 7, 9, 5, 2, 4, 6, 8, 1], [7, 8, 2, 6, 5, 1, 4, 9, 3], [4, 1, 8, 9, 3, 6, 7, 5, 2]], 'solution': [[2, 3, 4, 7, 6, 8, 9, 1, 5], [6, 4, 7, 3, 8, 5, 1, 2, 9], [8, 5, 1, 2, 7, 9, 3, 4, 6], [1, 9, 5, 8, 4, 3, 2, 6, 7], [5, 2, 6, 1, 9, 7, 8, 3, 4], [9, 6, 3, 4, 1, 2, 5, 7, 8], [3, 7, 9, 5, 2, 4, 6, 8, 1], [7, 8, 2, 6, 5, 1, 4, 9, 3], [4, 1, 8, 9, 3, 6, 7, 5, 2]], 'numberoftries': 34542470, 'numof_is_valid_checks': 0}, 47: {'puzzle': [[2, 6, 3, 9, 4, 7, 8, 1, 5], [3, 2, 5, 6, 7, 4, 1, 9, 8], [4, 7, 6, 5, 2, 3, 9, 8, 1], [6, 4, 1, 8, 5, 9, 2, 3, 7], [9, 5, 2, 3, 8, 1, 4, 7, 6], [5, 9, 7, 1, 3, 8, 6, 4, 2], [8, 1, 4, 2, 9, 6, 7, 5, 3], [1, 8, 9, 7, 6, 5, 3, 2, 4], [7, 3, 8, 4, 1, 2, 5, 6, 9]], 'solution': [[2, 6, 3, 9, 4, 7, 8, 1, 5], [3, 2, 5, 6, 7, 4, 1, 9, 8], [4, 7, 6, 5, 2, 3, 9, 8, 1], [6, 4, 1, 8, 5, 9, 2, 3, 7], [9, 5, 2, 3, 8, 1, 4, 7, 6], [5, 9, 7, 1, 3, 8, 6, 4, 2], [8, 1, 4, 2, 9, 6, 7, 5, 3], [1, 8, 9, 7, 6, 5, 3, 2, 4], [7, 3, 8, 4, 1, 2, 5, 6, 9]], 'numberoftries': 384523, 'numof_is_valid_checks': 0}, 48: {'puzzle': [[2, 8, 4, 6, 9, 7, 3, 1, 5], [7, 9, 6, 8, 2, 3, 4, 5, 1], [9, 5, 7, 2, 8, 4, 1, 6, 3], [1, 3, 5, 9, 4, 8, 7, 2, 6], [8, 2, 1, 7, 3, 6, 5, 4, 9], [3, 4, 2, 5, 6, 1, 9, 8, 7], [6, 7, 9, 4, 1, 5, 8, 3, 2], [4, 6, 3, 1, 5, 9, 2, 7, 8], [5, 1, 8, 3, 7, 2, 6, 9, 4]], 'solution': [[2, 8, 4, 6, 9, 7, 3, 1, 5], [7, 9, 6, 8, 2, 3, 4, 5, 1], [9, 5, 7, 2, 8, 4, 1, 6, 3], [1, 3, 5, 9, 4, 8, 7, 2, 6], [8, 2, 1, 7, 3, 6, 5, 4, 9], [3, 4, 2, 5, 6, 1, 9, 8, 7], [6, 7, 9, 4, 1, 5, 8, 3, 2], [4, 6, 3, 1, 5, 9, 2, 7, 8], [5, 1, 8, 3, 7, 2, 6, 9, 4]], 'numberoftries': 3326, 'numof_is_valid_checks': 0}, 49: {'puzzle': [[8, 7, 4, 3, 9, 2, 5, 1, 6], [2, 8, 7, 5, 6, 9, 1, 4, 3], [3, 5, 9, 1, 7, 6, 4, 2, 8], [9, 3, 5, 8, 1, 4, 2, 6, 7], [5, 9, 1, 4, 3, 8, 6, 7, 2], [7, 2, 3, 6, 4, 1, 9, 8, 5], [1, 6, 8, 9, 2, 3, 7, 5, 4], [6, 4, 2, 7, 8, 5, 3, 9, 1], [4, 1, 6, 2, 5, 7, 8, 3, 9]], 'solution': [[8, 7, 4, 3, 9, 2, 5, 1, 6], [2, 8, 7, 5, 6, 9, 1, 4, 3], [3, 5, 9, 1, 7, 6, 4, 2, 8], [9, 3, 5, 8, 1, 4, 2, 6, 7], [5, 9, 1, 4, 3, 8, 6, 7, 2], [7, 2, 3, 6, 4, 1, 9, 8, 5], [1, 6, 8, 9, 2, 3, 7, 5, 4], [6, 4, 2, 7, 8, 5, 3, 9, 1], [4, 1, 6, 2, 5, 7, 8, 3, 9]], 'numberoftries': 3259, 'numof_is_valid_checks': 0}, 50: {'puzzle': [[7, 3, 5, 8, 2, 4, 9, 1, 6], [2, 5, 4, 7, 6, 8, 1, 9, 3], [4, 7, 9, 6, 8, 2, 3, 5, 1], [5, 9, 1, 2, 4, 6, 7, 3, 8], [3, 1, 2, 5, 9, 7, 8, 6, 4], [6, 2, 3, 4, 7, 1, 5, 8, 9], [8, 4, 6, 1, 3, 9, 2, 7, 5], [1, 6, 8, 9, 5, 3, 4, 2, 7], [9, 8, 7, 3, 1, 5, 6, 4, 2]], 'solution': [[7, 3, 5, 8, 2, 4, 9, 1, 6], [2, 5, 4, 7, 6, 8, 1, 9, 3], [4, 7, 9, 6, 8, 2, 3, 5, 1], [5, 9, 1, 2, 4, 6, 7, 3, 8], [3, 1, 2, 5, 9, 7, 8, 6, 4], [6, 2, 3, 4, 7, 1, 5, 8, 9], [8, 4, 6, 1, 3, 9, 2, 7, 5], [1, 6, 8, 9, 5, 3, 4, 2, 7], [9, 8, 7, 3, 1, 5, 6, 4, 2]], 'numberoftries': 1257785, 'numof_is_valid_checks': 0}}
